    # Iter                 dir              h norm                Cost            New Cost              r norm          r_new norm
         1        -9.99063e-05             42.5736            0.232016             14.6052             5.83153                 nan           D=0.125s E=1.92s T=2.045s            REJECTED
         2        -5.15628e-05              42.571            0.232016              9.9536             5.83153                 nan          D=0.125s E=1.779s T=1.904s            REJECTED
         3        -1.53051e-05             42.5555            0.232016             1.90744             5.83153             30.3176          D=0.121s E=1.691s T=1.812s            REJECTED
         4        -4.72995e-06              42.411            0.232016            0.242595             5.83153              5.8851          D=0.122s E=1.673s T=1.796s            REJECTED
         5        -3.31363e-06             40.0787            0.232016            0.214053             5.83153             5.47098          D=0.121s E=1.677s T=1.798s            ACCEPTED
         6        -3.26079e-06             39.9089            0.214053            0.197283             5.47098             5.12399          D=0.125s E=1.717s T=1.842s            ACCEPTED
         7        -3.26653e-06             38.5913            0.197283            0.180746             5.12399             5.31459          D=0.121s E=1.674s T=1.795s            ACCEPTED
         8        -7.39695e-06             37.5093            0.180746             0.27218             5.31459               7.986          D=0.121s E=1.673s T=1.795s            REJECTED
         9        -5.28676e-06             37.4247            0.180746            0.191291             5.31459             6.02233          D=0.122s E=1.724s T=1.846s            REJECTED
        10        -3.70412e-06             36.9247            0.180746            0.166603             5.31459             4.81718          D=0.122s E=1.676s T=1.798s            ACCEPTED
        11        -5.19771e-06             35.6285            0.166603            0.167706             4.81718             6.63439          D=0.123s E=1.671s T=1.794s            REJECTED
        12        -4.17813e-06             35.4178            0.166603            0.154043             4.81718             5.53802          D=0.121s E=1.671s T=1.793s            ACCEPTED
        13        -1.08095e-05             34.2547            0.154043            0.172842             5.53802             6.03007          D=0.122s E=1.666s T=1.788s            REJECTED
        14        -6.99229e-06             33.9753            0.154043            0.143069             5.53802             5.06146          D=0.121s E=1.673s T=1.795s            ACCEPTED
        15        -1.12364e-05             32.0828            0.143069            0.133412             5.06146             6.46014          D=0.123s E=1.674s T=1.797s            ACCEPTED
        16         -1.7219e-05             30.4611            0.133412            0.121133             6.46014              5.9307          D=0.123s E=1.667s T=1.791s            ACCEPTED
        17        -1.92752e-05             28.1148            0.121133             0.10332              5.9307             5.98055          D=0.124s E=1.675s T=1.799s            ACCEPTED
        18        -1.12112e-05             26.8639             0.10332           0.0897094             5.98055             4.86565          D=0.122s E=1.666s T=1.789s            ACCEPTED
        19        -6.14093e-06             25.7757           0.0897094           0.0809899             4.86565             4.15229          D=0.122s E=1.673s T=1.795s            ACCEPTED
        20        -4.36999e-06             24.6877           0.0809899           0.0737293             4.15229             3.86466          D=0.122s E=1.669s T=1.792s            ACCEPTED
        21          -4.181e-06             24.0154           0.0737293           0.0685169             3.86466             4.03991          D=0.121s E=1.671s T=1.793s            ACCEPTED
        22        -8.70306e-06             22.9211           0.0685169           0.0683453             4.03991             5.70472          D=0.121s E=1.665s T=1.786s            ACCEPTED
        23        -2.04009e-05             21.2642           0.0683453           0.0582623             5.70472             4.52392           D=0.123s E=1.657s T=1.78s            ACCEPTED
        24        -1.16869e-05             20.2189           0.0582623           0.0501879             4.52392             3.81628           D=0.122s E=1.667s T=1.79s            ACCEPTED
        25        -5.61811e-06             19.5062           0.0501879           0.0452315             3.81628             2.96699          D=0.122s E=1.664s T=1.787s            ACCEPTED
        26        -3.76063e-06             18.7002           0.0452315           0.0412462             2.96699             2.80606          D=0.122s E=1.663s T=1.785s            ACCEPTED
        27        -3.87619e-06             18.2957           0.0412462           0.0390604             2.80606             3.19795          D=0.127s E=1.715s T=1.842s            ACCEPTED
        28        -1.73003e-05             17.3986           0.0390604           0.0542593             3.19795              6.3804          D=0.123s E=1.672s T=1.796s            REJECTED
        29        -1.01758e-05             17.2362           0.0390604           0.0369921             3.19795             4.08777          D=0.126s E=1.686s T=1.813s            ACCEPTED
        30         -1.5254e-05             16.2999           0.0369921           0.0330639             4.08777             3.16941           D=0.121s E=1.669s T=1.79s            ACCEPTED
        31        -1.19087e-05             15.4298           0.0330639           0.0287782             3.16941             3.10165          D=0.121s E=1.681s T=1.802s            ACCEPTED
        32         -6.8337e-06             14.8353           0.0287782           0.0257944             3.10165             2.35993          D=0.123s E=1.673s T=1.797s            ACCEPTED
        33        -4.37325e-06             14.1979           0.0257944            0.023399             2.35993              2.2306          D=0.123s E=1.674s T=1.798s            ACCEPTED
        34         -3.8923e-06             13.7769            0.023399           0.0216341              2.2306             2.23512          D=0.122s E=1.685s T=1.808s            ACCEPTED
        35        -7.11501e-06             13.2329           0.0216341           0.0218678             2.23512             3.33976          D=0.123s E=1.647s T=1.771s            REJECTED
        36        -5.04149e-06              13.077           0.0216341           0.0197161             2.23512             2.28037          D=0.122s E=1.672s T=1.794s            ACCEPTED
        37        -5.04832e-06               12.54           0.0197161           0.0180881             2.28037             2.09662           D=0.124s E=1.666s T=1.79s            ACCEPTED
        38        -5.36188e-06             11.9888           0.0180881            0.016539             2.09662             2.17071          D=0.123s E=1.669s T=1.793s            ACCEPTED
        39        -5.96464e-06             11.4801            0.016539           0.0152252             2.17071             2.06214           D=0.123s E=1.67s T=1.794s            ACCEPTED
        40        -6.77827e-06              10.963           0.0152252           0.0139437             2.06214             2.12314           D=0.122s E=1.668s T=1.79s            ACCEPTED
        41        -7.95724e-06             10.4845           0.0139437           0.0128876             2.12314             2.07997          D=0.123s E=1.668s T=1.792s            ACCEPTED
        42        -9.09642e-06             9.99106           0.0128876           0.0117292             2.07997              2.0351          D=0.121s E=1.667s T=1.789s            ACCEPTED
        43        -9.47464e-06              9.5388           0.0117292           0.0107018              2.0351             1.94636          D=0.121s E=1.674s T=1.796s            ACCEPTED
        44        -8.57215e-06             9.09563           0.0107018          0.00958876             1.94636             1.71223          D=0.121s E=1.667s T=1.789s            ACCEPTED
        45        -6.99099e-06             8.70088          0.00958876          0.00870812             1.71223             1.62119          D=0.122s E=1.694s T=1.816s            ACCEPTED
        46         -5.7568e-06             8.32369          0.00870812          0.00787171             1.62119             1.40667            D=0.127s E=1.7s T=1.827s            ACCEPTED
        47        -4.95297e-06             7.96567          0.00787171          0.00718823             1.40667             1.37941          D=0.125s E=1.707s T=1.832s            ACCEPTED
        48         -4.4693e-06             7.63021          0.00718823          0.00653954             1.37941             1.21689            D=0.185s E=1.7s T=1.885s            ACCEPTED
        49        -4.61741e-06             7.33455          0.00653954          0.00606039             1.21689             1.37757          D=0.123s E=1.672s T=1.795s            ACCEPTED
        50        -6.41793e-06             7.01591          0.00606039           0.0056352             1.37757             1.30373          D=0.123s E=1.678s T=1.802s            ACCEPTED
        51        -1.04678e-05             6.68914           0.0056352          0.00541892             1.30373             1.69597          D=0.121s E=1.664s T=1.786s            ACCEPTED
        52        -1.32362e-05               6.321          0.00541892           0.0046442             1.69597             1.15124          D=0.122s E=1.666s T=1.789s            ACCEPTED
        53        -7.31036e-06             6.03813           0.0046442          0.00415857             1.15124              1.1114          D=0.127s E=1.677s T=1.805s            ACCEPTED
        54        -4.56843e-06             5.78565          0.00415857          0.00375292              1.1114            0.860922          D=0.127s E=1.678s T=1.806s            ACCEPTED
        55        -3.75551e-06             5.57875          0.00375292          0.00345068            0.860922            0.955459          D=0.121s E=1.684s T=1.806s            ACCEPTED
        56        -5.98978e-06             5.40471          0.00345068          0.00361001            0.955459             1.13131          D=0.123s E=1.666s T=1.789s            REJECTED
        57        -4.43755e-06             5.35357          0.00345068          0.00318149            0.955459            0.861459          D=0.127s E=1.671s T=1.798s            ACCEPTED
        58        -6.94647e-06             5.11525          0.00318149          0.00304661            0.861459             1.21681          D=0.121s E=1.674s T=1.796s            ACCEPTED
        59        -1.23377e-05              4.8699          0.00304661          0.00284095             1.21681            0.925168          D=0.123s E=1.675s T=1.799s            ACCEPTED
        60        -1.42845e-05              4.6006          0.00284095          0.00250164            0.925168             1.07766          D=0.123s E=1.704s T=1.827s            ACCEPTED
        61        -8.50907e-06             4.39885          0.00250164          0.00218366             1.07766            0.675156          D=0.133s E=1.778s T=1.911s            ACCEPTED
        62         -4.5679e-06             4.20288          0.00218366          0.00198061            0.675156            0.686739          D=0.127s E=1.688s T=1.815s            ACCEPTED
        63        -3.51338e-06             4.04896          0.00198061          0.00180478            0.686739            0.571741          D=0.122s E=1.683s T=1.805s            ACCEPTED
        64        -4.51606e-06             3.93638          0.00180478          0.00182003            0.571741             1.03907           D=0.121s E=1.69s T=1.811s            REJECTED
        65        -3.68963e-06             3.90319          0.00180478          0.00167274            0.571741            0.720066          D=0.121s E=1.682s T=1.804s            ACCEPTED
        66        -7.32431e-06               3.757          0.00167274          0.00176942            0.720066             0.70966          D=0.121s E=1.686s T=1.808s            REJECTED
        67        -5.10268e-06             3.71491          0.00167274          0.00152973            0.720066            0.558929           D=0.13s E=1.695s T=1.826s            ACCEPTED
        68        -5.99067e-06             3.54431          0.00152973           0.0014179            0.558929            0.733841          D=0.123s E=1.682s T=1.806s            ACCEPTED
        69        -7.29704e-06             3.39365           0.0014179          0.00130278            0.733841            0.545908            D=0.121s E=1.678s T=1.8s            ACCEPTED
        70        -9.11363e-06             3.23292          0.00130278          0.00121598            0.545908            0.762719          D=0.121s E=1.681s T=1.803s            ACCEPTED
        71        -1.00483e-05             3.08588          0.00121598           0.0010851            0.762719            0.504496          D=0.121s E=1.684s T=1.806s            ACCEPTED
        72        -8.18966e-06             2.93856           0.0010851         0.000982384            0.504496            0.604756          D=0.122s E=1.682s T=1.804s            ACCEPTED
        73        -6.34655e-06             2.81554         0.000982384         0.000882339            0.604756            0.427713          D=0.121s E=1.679s T=1.801s            ACCEPTED
        74        -5.02215e-06             2.68719         0.000882339         0.000803965            0.427713            0.476355          D=0.124s E=1.706s T=1.831s            ACCEPTED
        75        -4.25614e-06             2.57599         0.000803965         0.000729806            0.476355            0.372688          D=0.135s E=1.709s T=1.845s            ACCEPTED
        76        -4.46907e-06             2.48461         0.000729806         0.000686159            0.372688             0.51025          D=0.121s E=1.686s T=1.807s            ACCEPTED
        77        -9.15167e-06              2.3791         0.000686159         0.000682255             0.51025            0.460658          D=0.124s E=1.699s T=1.824s            ACCEPTED
        78        -1.60843e-05             2.22664         0.000682255         0.000579221            0.460658            0.496087          D=0.198s E=1.704s T=1.902s            ACCEPTED
        79        -7.35764e-06             2.13412         0.000579221         0.000507469            0.496087            0.317952          D=0.122s E=1.734s T=1.856s            ACCEPTED
        80        -3.88227e-06             2.03734         0.000507469         0.000461366            0.317952            0.310986          D=0.125s E=1.682s T=1.807s            ACCEPTED
        81         -3.5747e-06             1.99384         0.000461366         0.000431988            0.310986            0.321639          D=0.123s E=1.685s T=1.809s            ACCEPTED
        82        -1.38373e-05             1.90973         0.000431988         0.000646991            0.321639            0.829163           D=0.121s E=1.68s T=1.801s            REJECTED
        83         -8.3627e-06             1.89273         0.000431988         0.000423849            0.321639            0.476438          D=0.121s E=1.692s T=1.813s            ACCEPTED
        84        -1.34421e-05              1.7881         0.000423849          0.00036673            0.476438            0.313498          D=0.121s E=1.697s T=1.819s            ACCEPTED
        85        -8.31359e-06             1.70232          0.00036673         0.000326999            0.313498            0.321561          D=0.122s E=1.693s T=1.815s            ACCEPTED
        86        -5.13172e-06             1.63181         0.000326999         0.000293836            0.321561            0.241915          D=0.126s E=1.674s T=1.801s            ACCEPTED
        87        -3.88973e-06             1.56309         0.000293836         0.000268585            0.241915            0.252243          D=0.127s E=1.684s T=1.812s            ACCEPTED
        88        -5.08587e-06             1.52327         0.000268585         0.000275797            0.252243             0.30912          D=0.122s E=1.699s T=1.821s            REJECTED
        89        -3.96552e-06             1.50974         0.000268585         0.000247875            0.252243            0.237254          D=0.121s E=1.679s T=1.801s            ACCEPTED
        90        -7.67994e-06             1.44801         0.000247875         0.000259481            0.237254              0.3938          D=0.123s E=1.683s T=1.807s            REJECTED
        91        -5.27323e-06             1.42913         0.000247875         0.000226301            0.237254            0.252695           D=0.131s E=1.698s T=1.83s            ACCEPTED
        92        -4.72146e-06             1.36834         0.000226301         0.000205371            0.252695            0.208181          D=0.123s E=1.685s T=1.808s            ACCEPTED
        93        -4.62488e-06             1.31115         0.000205371         0.000189592            0.208181            0.235961           D=0.123s E=1.69s T=1.813s            ACCEPTED
        94        -5.66278e-06             1.25635         0.000189592         0.000174758            0.235961             0.20985          D=0.122s E=1.694s T=1.816s            ACCEPTED
        95        -7.73881e-06             1.19797         0.000174758         0.000164558             0.20985            0.255851           D=0.122s E=1.68s T=1.803s            ACCEPTED
        96        -1.04721e-05              1.1452         0.000164558          0.00015093            0.255851            0.212865           D=0.121s E=1.69s T=1.812s            ACCEPTED
        97        -1.12294e-05             1.08763          0.00015093         0.000136964            0.212865            0.229468          D=0.123s E=1.683s T=1.807s            ACCEPTED
        98        -8.98994e-06             1.04039         0.000136964         0.000121069            0.229468              0.1733          D=0.122s E=1.698s T=1.821s            ACCEPTED
        99        -6.12137e-06            0.991878         0.000121069         0.000109549              0.1733            0.170555           D=0.122s E=1.667s T=1.79s            ACCEPTED
       100        -4.57033e-06             0.95034         0.000109549         9.90408e-05            0.170555            0.141255           D=0.13s E=1.693s T=1.823s            ACCEPTED
       101        -4.36835e-06            0.917617         9.90408e-05         9.28121e-05            0.141255            0.169397           D=0.128s E=1.712s T=1.84s            ACCEPTED
       102        -8.44032e-06             0.87925         9.28121e-05         9.14716e-05            0.169397            0.177246          D=0.126s E=1.738s T=1.865s            ACCEPTED
       103        -1.65768e-05            0.828649         9.14716e-05         8.28202e-05            0.177246             0.19193          D=0.123s E=1.686s T=1.809s            ACCEPTED
       104        -1.22432e-05            0.790444         8.28202e-05         7.01929e-05             0.19193             0.13154          D=0.126s E=1.682s T=1.808s            ACCEPTED
       105        -5.69225e-06            0.753275         7.01929e-05         6.30749e-05             0.13154            0.124117          D=0.123s E=1.702s T=1.825s            ACCEPTED
       106        -3.72778e-06            0.723298         6.30749e-05         5.72448e-05            0.124117            0.102584          D=0.131s E=1.703s T=1.834s            ACCEPTED
       107        -4.01348e-06            0.704705         5.72448e-05         5.55944e-05            0.102584            0.152216          D=0.125s E=1.687s T=1.812s            ACCEPTED
       108        -2.18965e-05            0.676003         5.55944e-05         9.81664e-05            0.152216            0.229062          D=0.123s E=1.685s T=1.808s            REJECTED
       109        -1.24105e-05            0.669332         5.55944e-05         5.43645e-05            0.152216            0.138882          D=0.123s E=1.686s T=1.809s            ACCEPTED
       110        -1.71595e-05            0.628054         5.43645e-05         4.62223e-05            0.138882             0.13861           D=0.12s E=1.693s T=1.814s            ACCEPTED
       111         -8.5237e-06            0.602169         4.62223e-05         4.02812e-05             0.13861           0.0940779          D=0.127s E=1.694s T=1.822s            ACCEPTED
       112        -4.49473e-06            0.574378         4.02812e-05         3.64838e-05           0.0940779           0.0921698          D=0.121s E=1.689s T=1.811s            ACCEPTED
       113        -4.27855e-06             0.56183         3.64838e-05         3.52707e-05           0.0921698            0.100806          D=0.123s E=1.683s T=1.806s            ACCEPTED
       114        -2.19403e-05            0.536737         3.52707e-05         5.93957e-05            0.100806            0.256988          D=0.125s E=1.682s T=1.808s            REJECTED
       115        -1.24359e-05             0.53102         3.52707e-05         3.40682e-05            0.100806            0.138367          D=0.123s E=1.685s T=1.808s            ACCEPTED
       116        -1.52225e-05            0.504225         3.40682e-05         2.92806e-05            0.138367           0.0903331          D=0.122s E=1.684s T=1.807s            ACCEPTED
       117        -9.40508e-06            0.479867         2.92806e-05          2.6009e-05           0.0903331           0.0958963           D=0.123s E=1.687s T=1.81s            ACCEPTED
       118        -5.83917e-06            0.460025          2.6009e-05         2.33037e-05           0.0958963           0.0693438          D=0.122s E=1.701s T=1.823s            ACCEPTED
       119        -4.86548e-06            0.443291         2.33037e-05         2.17275e-05           0.0693438           0.0890956          D=0.123s E=1.683s T=1.806s            ACCEPTED
       120        -9.28018e-06            0.427058         2.17275e-05         2.28585e-05           0.0890956           0.0891552          D=0.125s E=1.686s T=1.812s            REJECTED
       121        -6.07611e-06            0.421045         2.17275e-05         1.95115e-05           0.0890956           0.0642716          D=0.123s E=1.693s T=1.816s            ACCEPTED
       122        -5.40238e-06            0.404857         1.95115e-05         1.82602e-05           0.0642716           0.0851175           D=0.122s E=1.67s T=1.793s            ACCEPTED
       123        -9.27616e-06            0.388852         1.82602e-05         1.80317e-05           0.0851175           0.0746523          D=0.127s E=1.686s T=1.813s            ACCEPTED
       124        -2.11929e-05            0.368943         1.80317e-05         1.86842e-05           0.0746523            0.126306          D=0.122s E=1.693s T=1.815s            ACCEPTED
       125         -2.2178e-05            0.348249         1.86842e-05         1.36539e-05            0.126306           0.0545011          D=0.126s E=1.685s T=1.811s            ACCEPTED
       126        -4.76726e-06            0.331576         1.36539e-05         1.22556e-05           0.0545011           0.0514175          D=0.123s E=1.683s T=1.806s            ACCEPTED
       127        -3.35364e-06            0.325572         1.22556e-05         1.13465e-05           0.0514175           0.0491329          D=0.122s E=1.684s T=1.806s            ACCEPTED
       128        -1.63991e-05            0.314062         1.13465e-05         3.39853e-05           0.0491329            0.235392           D=0.122s E=1.66s T=1.783s            REJECTED
       129        -9.62624e-06            0.312725         1.13465e-05          1.5111e-05           0.0491329             0.12956          D=0.123s E=1.663s T=1.786s            REJECTED
       130         -4.5466e-06            0.304938         1.13465e-05         1.02462e-05           0.0491329           0.0494916          D=0.123s E=1.674s T=1.798s            ACCEPTED
       131        -3.94237e-06            0.298015         1.02462e-05         9.74329e-06           0.0494916           0.0494797          D=0.122s E=1.679s T=1.801s            ACCEPTED
       132        -4.25079e-05            0.286731         9.74329e-06         7.58165e-05           0.0494797            0.369411          D=0.124s E=1.683s T=1.808s            REJECTED
       133        -2.27042e-05            0.285645         9.74329e-06         2.27666e-05           0.0494797            0.191107           D=0.123s E=1.697s T=1.82s            REJECTED
       134        -7.85142e-06              0.2793         9.74329e-06         8.70156e-06           0.0494797           0.0552813          D=0.123s E=1.692s T=1.815s            ACCEPTED
       135        -6.32729e-06            0.270184         8.70156e-06         8.21138e-06           0.0552813           0.0463363          D=0.122s E=1.733s T=1.856s            ACCEPTED
       136        -2.36471e-05            0.260281         8.21138e-06         1.72488e-05           0.0463363            0.166324          D=0.125s E=1.683s T=1.808s            REJECTED
       137        -1.32821e-05            0.258013         8.21138e-06         8.67288e-06           0.0463363           0.0862099          D=0.122s E=1.688s T=1.811s            ACCEPTED
       138        -2.82841e-05            0.245907         8.67288e-06         8.19428e-06           0.0862099           0.0546334           D=0.122s E=1.697s T=1.82s            ACCEPTED
       139        -2.79525e-05             0.23202         8.19428e-06         6.66682e-06           0.0546334           0.0674684          D=0.125s E=1.706s T=1.832s            ACCEPTED
       140        -1.44604e-05            0.222799         6.66682e-06          5.6356e-06           0.0674684           0.0375067          D=0.124s E=1.706s T=1.831s            ACCEPTED
       141        -7.53303e-06            0.212374          5.6356e-06         5.04194e-06           0.0375067           0.0420562          D=0.126s E=1.706s T=1.833s            ACCEPTED
       142        -8.87913e-06            0.207638         5.04194e-06         5.95776e-06           0.0420562           0.0480114          D=0.124s E=1.692s T=1.816s            ACCEPTED
       143         -5.4258e-05            0.196436         5.95776e-06         9.43102e-06           0.0480114            0.124442           D=0.121s E=1.689s T=1.81s            REJECTED
       144        -2.87777e-05            0.193157         5.95776e-06         4.41751e-06           0.0480114           0.0494511            D=0.121s E=1.678s T=1.8s            ACCEPTED
       145        -9.01317e-06            0.185347         4.41751e-06         3.81073e-06           0.0494511           0.0281713          D=0.125s E=1.678s T=1.803s            ACCEPTED
       146         -6.8876e-06            0.180728         3.81073e-06         4.07626e-06           0.0281713           0.0585924          D=0.122s E=1.684s T=1.807s            ACCEPTED
       147        -0.000101457            0.174673         4.07626e-06         4.92004e-05           0.0585924            0.277171          D=0.122s E=1.676s T=1.799s            REJECTED
       148        -5.22744e-05             0.17377         4.07626e-06         1.20292e-05           0.0585924            0.108547          D=0.123s E=1.671s T=1.795s            REJECTED
       149        -1.53872e-05            0.168545         4.07626e-06         3.15685e-06           0.0585924           0.0246379          D=0.125s E=1.687s T=1.813s            ACCEPTED
       150        -4.49284e-06            0.164804         3.15685e-06         3.02641e-06           0.0246379           0.0392257          D=0.126s E=1.674s T=1.801s            ACCEPTED
       151        -3.80359e-05            0.159335         3.02641e-06          1.7378e-05           0.0392257            0.149247          D=0.121s E=1.683s T=1.805s            REJECTED
       152        -2.04707e-05            0.158602         3.02641e-06         5.55697e-06           0.0392257            0.055155          D=0.121s E=1.704s T=1.826s            REJECTED
       153        -7.29681e-06            0.154344         3.02641e-06         2.63294e-06           0.0392257           0.0224304          D=0.126s E=1.775s T=1.902s            ACCEPTED
       154        -4.59029e-06             0.15072         2.63294e-06         2.56415e-06           0.0224304           0.0381817          D=0.135s E=1.728s T=1.864s            ACCEPTED
       155        -5.36615e-05            0.145749         2.56415e-06         2.29184e-05           0.0381817            0.184067            D=0.125s E=1.7s T=1.826s            REJECTED
       156        -2.82954e-05            0.145153         2.56415e-06         6.43663e-06           0.0381817           0.0728681          D=0.127s E=1.695s T=1.822s            REJECTED
       157         -9.2708e-06            0.141675         2.56415e-06         2.22291e-06           0.0381817            0.022106          D=0.122s E=1.668s T=1.791s            ACCEPTED
       158        -8.50212e-06            0.137789         2.22291e-06         2.55389e-06            0.022106            0.051145          D=0.121s E=1.692s T=1.813s            ACCEPTED
       159        -0.000205986            0.133375         2.55389e-06         9.00209e-05            0.051145            0.405108          D=0.123s E=1.681s T=1.805s            REJECTED
       160        -0.000104602            0.132889         2.55389e-06         2.03445e-05            0.051145            0.174934          D=0.122s E=1.682s T=1.805s            REJECTED
       161        -2.85646e-05            0.130049         2.55389e-06         2.07938e-06            0.051145           0.0263195          D=0.124s E=1.687s T=1.812s            ACCEPTED
       162        -1.78294e-05             0.12335         2.07938e-06         1.80802e-06           0.0263195           0.0332063           D=0.122s E=1.68s T=1.803s            ACCEPTED
       163        -2.87842e-05            0.120727         1.80802e-06          3.9284e-06           0.0332063           0.0532873            D=0.122s E=1.677s T=1.8s            REJECTED
       164        -1.58671e-05            0.119583         1.80802e-06         1.85919e-06           0.0332063           0.0263286          D=0.122s E=1.679s T=1.801s            ACCEPTED
       165        -0.000103194            0.115169         1.85919e-06         1.73452e-05           0.0263286            0.191328          D=0.121s E=1.673s T=1.795s            REJECTED
       166        -5.31782e-05            0.114438         1.85919e-06         4.30178e-06           0.0263286           0.0905676          D=0.127s E=1.704s T=1.832s            REJECTED
       167        -1.56665e-05            0.110234         1.85919e-06         1.38924e-06           0.0263286           0.0151103          D=0.123s E=1.673s T=1.797s            ACCEPTED
       168        -2.87584e-06             0.10932         1.38924e-06         1.26993e-06           0.0151103           0.0161491            D=0.123s E=1.676s T=1.8s            ACCEPTED
       169        -3.38217e-06            0.105815         1.26993e-06          1.2307e-06           0.0161491           0.0183774          D=0.182s E=1.683s T=1.866s            ACCEPTED
       170        -0.000108337            0.101221          1.2307e-06         4.97751e-05           0.0183774            0.312088          D=0.121s E=1.688s T=1.809s            REJECTED
       171        -5.56306e-05            0.101028          1.2307e-06         1.23501e-05           0.0183774             0.15783          D=0.123s E=1.679s T=1.802s            REJECTED
       172        -1.61011e-05           0.0998895          1.2307e-06         1.46086e-06           0.0183774           0.0405477          D=0.121s E=1.674s T=1.796s            ACCEPTED
       173        -0.000194651            0.096901         1.46086e-06         3.18229e-05           0.0405477            0.230234          D=0.123s E=1.686s T=1.809s            REJECTED
       174        -9.90006e-05           0.0964132         1.46086e-06         6.98306e-06           0.0405477           0.0942955          D=0.131s E=1.691s T=1.823s            REJECTED
       175        -2.72629e-05           0.0935864         1.46086e-06         9.83078e-07           0.0405477           0.0147393          D=0.126s E=1.696s T=1.822s            ACCEPTED
       176        -7.53844e-06           0.0913532         9.83078e-07         1.02747e-06           0.0147393            0.028659          D=0.125s E=1.714s T=1.839s            ACCEPTED
       177        -0.000104713           0.0885376         1.02747e-06         1.51936e-05            0.028659            0.155254          D=0.131s E=1.772s T=1.903s            REJECTED
       178        -5.38869e-05            0.088141         1.02747e-06         3.70174e-06            0.028659           0.0632042           D=0.123s E=1.706s T=1.83s            REJECTED
       179        -1.57677e-05           0.0858338         1.02747e-06          8.2382e-07            0.028659           0.0137559          D=0.125s E=1.701s T=1.826s            ACCEPTED
       180        -9.33684e-06           0.0835966          8.2382e-07          9.4057e-07           0.0137559           0.0307944          D=0.124s E=1.696s T=1.821s            ACCEPTED
       181        -0.000187272           0.0809439          9.4057e-07         2.70314e-05           0.0307944            0.216644          D=0.126s E=1.706s T=1.832s            REJECTED
       182        -9.52438e-05           0.0806213          9.4057e-07         6.12406e-06           0.0307944           0.0924684          D=0.123s E=1.813s T=1.936s            REJECTED
       183        -2.62229e-05           0.0787382          9.4057e-07          7.2976e-07           0.0307944           0.0147783          D=0.129s E=1.728s T=1.858s            ACCEPTED
       184        -2.82248e-05           0.0763439          7.2976e-07         1.43736e-06           0.0147783           0.0498673          D=0.126s E=1.709s T=1.835s            ACCEPTED
       185        -0.000245193            0.073684         1.43736e-06         1.12409e-05           0.0498673            0.135099          D=0.125s E=1.738s T=1.863s            REJECTED
       186          -0.0001248           0.0729049         1.43736e-06         1.94447e-06           0.0498673           0.0424585          D=0.127s E=1.741s T=1.869s            ACCEPTED
       187        -0.000132165           0.0674759         1.94447e-06         9.41951e-07           0.0424585           0.0379975          D=0.123s E=1.708s T=1.832s            ACCEPTED
       188        -6.07953e-05           0.0656009         9.41951e-07         5.81376e-07           0.0379975            0.014981          D=0.123s E=1.691s T=1.815s            ACCEPTED
       189        -3.47388e-05           0.0627674         5.81376e-07         6.10218e-07            0.014981            0.027267          D=0.125s E=1.718s T=1.844s            ACCEPTED
       190         -0.00014939           0.0613536         6.10218e-07         6.31499e-06            0.027267            0.100157          D=0.123s E=1.682s T=1.805s            REJECTED
       191        -7.64031e-05           0.0609043         6.10218e-07         1.38974e-06            0.027267           0.0364667          D=0.126s E=1.738s T=1.865s            ACCEPTED
       192        -0.000212387           0.0569792         1.38974e-06         2.56466e-06           0.0364667           0.0732753           D=0.127s E=1.713s T=1.84s            REJECTED
       193        -0.000108988            0.055876         1.38974e-06         4.14029e-07           0.0364667           0.0183535          D=0.127s E=1.698s T=1.825s            ACCEPTED
       194         -1.4826e-05           0.0542142         4.14029e-07         3.27949e-07           0.0183535          0.00824747           D=0.125s E=1.69s T=1.816s            ACCEPTED
