    # Iter                 dir              h norm                Cost            New Cost              r norm          r_new norm
         1        -0.000547696             4.68578             363.341             359.919             137.296             136.568          D=0.719s E=0.437s T=1.157s            ACCEPTED
         2        -0.000566864             11.3038             359.919             351.452             136.568             134.784          D=0.719s E=0.383s T=1.103s            ACCEPTED
         3        -0.000627268             21.0035             351.452             334.399             134.784             131.309          D=0.718s E=0.388s T=1.107s            ACCEPTED
         4        -0.000848481             26.7295             334.399             306.195             131.309             126.071          D=0.717s E=0.401s T=1.118s            ACCEPTED
         5         -0.00419034             9.39627             306.195             260.935             126.071             128.109          D=0.748s E=0.383s T=1.131s            ACCEPTED
         6         7.67643e-05             480.708             260.935             333.144             128.109             121.072           D=0.716s E=0.36s T=1.077s            REJECTED
         7         -0.00208672             23.4934             260.935             211.066             128.109             134.585            D=0.709s E=0.43s T=1.14s            ACCEPTED
         8        -0.000201587             154.672             211.066              182.51             134.585             118.952          D=0.736s E=0.402s T=1.138s            ACCEPTED
         9        -0.000216677             159.873              182.51             155.473             118.952             104.038           D=0.77s E=0.388s T=1.158s            ACCEPTED
        10        -0.000259852             148.137             155.473             128.736             104.038             97.0605          D=0.708s E=0.382s T=1.091s            ACCEPTED
        11        -0.000376532             128.654             128.736             100.915             97.0605             115.781          D=0.706s E=0.414s T=1.121s            ACCEPTED
        12        -0.000767091             94.5265             100.915             72.3029             115.781              77.614          D=0.708s E=0.436s T=1.144s            ACCEPTED
        13         -0.00422954             59.4721             72.3029             185.004              77.614             301.511          D=0.715s E=0.411s T=1.127s            REJECTED
        14         -0.00164398             79.5221             72.3029             69.7221              77.614             189.159          D=0.712s E=0.389s T=1.101s            ACCEPTED
        15        -0.000772247             180.308             69.7221             48.7881             189.159             58.8317          D=0.706s E=0.412s T=1.119s            ACCEPTED
        16        -0.000775994               95.24             48.7881             39.2727             58.8317             135.291          D=0.708s E=0.423s T=1.132s            ACCEPTED
        17        -3.66002e-05             190.517             39.2727             38.7091             135.291             116.018          D=0.707s E=0.399s T=1.107s            ACCEPTED
        18        -0.000656846             105.566             38.7091             22.2657             116.018             45.2504          D=0.708s E=0.372s T=1.081s            ACCEPTED
        19         -0.00140535             27.5431             22.2657             14.3569             45.2504             38.1347           D=0.71s E=0.402s T=1.113s            ACCEPTED
        20        -0.000287636             225.636             14.3569             13.3385             38.1347             159.075          D=0.707s E=0.425s T=1.133s            ACCEPTED
        21         -0.00134966             56.1352             13.3385             3.77301             159.075             38.9316           D=0.71s E=0.377s T=1.087s            ACCEPTED
        22         -0.00187147             5.65206             3.77301             2.75815             38.9316             20.8596          D=0.707s E=0.409s T=1.116s            ACCEPTED
        23         0.000130052             375.627             2.75815              31.284             20.8596             168.971          D=0.709s E=0.428s T=1.137s            REJECTED
        24         -0.00434683             1.92272             2.75815             2.08474             20.8596             18.1793          D=0.706s E=0.435s T=1.142s            ACCEPTED
        25        -0.000683777              21.014             2.08474             1.90923             18.1793             51.5601          D=0.728s E=0.373s T=1.101s            ACCEPTED
        26         0.000205415              140.04             1.90923             6.40277             51.5601             96.0198           D=0.712s E=0.45s T=1.162s            REJECTED
        27         -0.00107377             14.9096             1.90923            0.978866             51.5601             19.8575          D=0.709s E=0.395s T=1.105s            ACCEPTED
        28        -0.000689701             15.0251            0.978866            0.712082             19.8575             10.6237          D=0.708s E=0.388s T=1.097s            ACCEPTED
        29         -0.00247229             2.91989            0.712082            0.489348             10.6237             9.32219          D=0.712s E=0.383s T=1.096s            ACCEPTED
        30         -0.00150367             2.71736            0.489348            0.349206             9.32219             7.52611          D=0.711s E=0.404s T=1.116s            ACCEPTED
        31        -0.000103789             20.9193            0.349206            0.492488             7.52611             29.9325           D=0.827s E=0.46s T=1.287s            REJECTED
        32         -0.00377339            0.855316            0.349206            0.257214             7.52611             6.47535           D=0.71s E=0.368s T=1.079s            ACCEPTED
        33        -0.000783472             6.08587            0.257214            0.213489             6.47535             18.9415           D=0.706s E=0.37s T=1.077s            ACCEPTED
        34        -6.69314e-05             14.8193            0.213489             0.20454             18.9415             11.5139          D=0.709s E=0.429s T=1.139s            ACCEPTED
        35        -0.000354407             33.4629             0.20454            0.347459             11.5139             30.9171          D=0.706s E=0.391s T=1.098s            REJECTED
        36         -0.00154797             1.62984             0.20454            0.147426             11.5139             4.66876           D=0.707s E=0.45s T=1.158s            ACCEPTED
        37         -0.00129335             1.86669            0.147426            0.102418             4.66876             3.47385          D=0.711s E=0.374s T=1.085s            ACCEPTED
        38        -0.000337014             13.4053            0.102418            0.071916             3.47385             8.43884           D=0.71s E=0.376s T=1.087s            ACCEPTED
        39         -0.00139593             3.93076            0.071916           0.0337754             8.43884             5.99183          D=0.706s E=0.372s T=1.079s            ACCEPTED
        40        -0.000812694             2.10856           0.0337754           0.0212125             5.99183             1.86081          D=0.754s E=0.385s T=1.139s            ACCEPTED
        41         -0.00673225            0.159678           0.0212125           0.0148886             1.86081             1.81847          D=0.708s E=0.376s T=1.085s            ACCEPTED
        42        -0.000307958             6.49758           0.0148886           0.0149852             1.81847             4.98181            D=0.707s E=0.4s T=1.108s            REJECTED
        43         -0.00389246            0.140329           0.0148886            0.011501             1.81847             1.36383           D=0.707s E=0.41s T=1.118s            ACCEPTED
        44        -0.000428463             1.77639            0.011501           0.0107339             1.36383             4.28436          D=0.707s E=0.367s T=1.075s            ACCEPTED
        45        -0.000339828             39.8614           0.0107339            0.513637             4.28436             46.7539          D=0.712s E=0.419s T=1.131s            REJECTED
        46         -0.00117887             0.86167           0.0107339          0.00584166             4.28436             0.92671          D=0.714s E=0.365s T=1.079s            ACCEPTED
        47          -0.0144737           0.0254699          0.00584166          0.00445709             0.92671             0.81311          D=0.712s E=0.419s T=1.131s            ACCEPTED
        48        -0.000489948               1.024          0.00445709          0.00408863             0.81311             2.68977          D=0.756s E=0.416s T=1.173s            ACCEPTED
        49         0.000235113             7.90455          0.00408863           0.0229132             2.68977             8.20901           D=0.713s E=0.38s T=1.093s            REJECTED
        50        -0.000949917            0.782045          0.00408863          0.00215193             2.68977            0.559493           D=0.711s E=0.368s T=1.08s            ACCEPTED
        51         -0.00550889           0.0577655          0.00215193          0.00154382            0.559493             0.54032          D=0.709s E=0.375s T=1.084s            ACCEPTED
        52        -0.000293993             2.35966          0.00154382           0.0017551             0.54032             1.86109          D=0.711s E=0.444s T=1.156s            REJECTED
        53         -0.00411303           0.0431864          0.00154382          0.00119034             0.54032            0.419104          D=0.758s E=0.398s T=1.156s            ACCEPTED
        54        -0.000420104            0.577128          0.00119034          0.00113146            0.419104             1.41816           D=0.707s E=0.41s T=1.118s            ACCEPTED
        55        -0.000398449             3.94682          0.00113146          0.00483477             1.41816             4.02059          D=0.708s E=0.432s T=1.141s            REJECTED
        56         -0.00129492            0.243795          0.00113146           0.0006141             1.41816            0.293941           D=0.71s E=0.432s T=1.142s            ACCEPTED
        57         -0.00692287           0.0161271           0.0006141         0.000475176            0.293941            0.258045           D=0.709s E=0.431s T=1.14s            ACCEPTED
        58        -0.000384189            0.381738         0.000475176         0.000462395            0.258045            0.911644          D=0.709s E=0.344s T=1.054s            ACCEPTED
        59        -0.000510167             1.01983         0.000462395         0.000458985            0.911644            0.916343          D=0.708s E=0.436s T=1.145s            ACCEPTED
        60         -0.00184705            0.179971         0.000458985         0.000122658            0.916343            0.144608          D=0.707s E=0.419s T=1.127s            ACCEPTED
        61         -0.00257623            0.023067         0.000122658          9.4457e-05            0.144608            0.126144          D=0.712s E=0.382s T=1.094s            ACCEPTED
        62        -0.000294206            0.210028          9.4457e-05         9.97787e-05            0.126144            0.428883          D=0.705s E=0.346s T=1.051s            REJECTED
        63         -0.00239347           0.0241133          9.4457e-05         6.75923e-05            0.126144            0.106951            D=0.707s E=0.393s T=1.1s            ACCEPTED
        64        -0.000994887            0.088502         6.75923e-05         5.57383e-05            0.106951            0.338225            D=0.706s E=0.393s T=1.1s            ACCEPTED
        65        -0.000155486             0.21992         5.57383e-05           4.981e-05            0.338225            0.129878          D=0.709s E=0.353s T=1.063s            ACCEPTED
        66         3.46062e-05            0.249342           4.981e-05         7.22793e-05            0.129878             0.38527          D=0.706s E=0.425s T=1.132s            REJECTED
        67        -0.000933631            0.048427           4.981e-05         3.45246e-05            0.129878           0.0628812            D=0.71s E=0.36s T=1.071s            ACCEPTED
        68         -0.00136781            0.034203         3.45246e-05         2.19937e-05           0.0628812           0.0519193          D=0.711s E=0.391s T=1.102s            ACCEPTED
        69         -4.7205e-05            0.187281         2.19937e-05         3.65494e-05           0.0519193            0.291647           D=0.71s E=0.442s T=1.152s            REJECTED
        70         -0.00251894           0.0102404         2.19937e-05         1.60735e-05           0.0519193           0.0452101           D=0.706s E=0.36s T=1.067s            ACCEPTED
        71        -0.000726162           0.0511192         1.60735e-05         1.42674e-05           0.0452101            0.168961          D=0.708s E=0.365s T=1.074s            ACCEPTED
        72        -5.51541e-05            0.129023         1.42674e-05         1.40433e-05            0.168961           0.0995749          D=0.709s E=0.412s T=1.121s            ACCEPTED
        73         0.000277302             17.4026         1.40433e-05           0.0907114           0.0995749             17.4842           D=0.71s E=0.398s T=1.109s            REJECTED
        74         -0.00115492           0.0203618         1.40433e-05         9.81077e-06           0.0995749           0.0312982           D=0.707s E=0.42s T=1.128s            ACCEPTED
        75        -5.64495e-05            0.131669         9.81077e-06         1.72565e-05           0.0312982            0.203331          D=0.709s E=0.442s T=1.151s            REJECTED
        76         -0.00314315          0.00561791         9.81077e-06         7.15141e-06           0.0312982           0.0302959          D=0.711s E=0.383s T=1.095s            ACCEPTED
        77        -0.000653213           0.0361904         7.15141e-06         6.48209e-06           0.0302959            0.113812          D=0.711s E=0.367s T=1.078s            ACCEPTED
        78        -7.66411e-05           0.0828452         6.48209e-06         6.21201e-06            0.113812           0.0605048          D=0.765s E=0.402s T=1.168s            ACCEPTED
        79         6.69282e-05           0.0822064         6.21201e-06         8.13069e-06           0.0605048            0.121285           D=0.715s E=0.444s T=1.16s            REJECTED
        80        -0.000668088           0.0320713         6.21201e-06         4.04065e-06           0.0605048           0.0203595          D=0.708s E=0.444s T=1.153s            ACCEPTED
        81          -0.0541466         0.000343476         4.04065e-06         2.61257e-06           0.0203595           0.0294911           D=0.708s E=0.36s T=1.069s            ACCEPTED
        82        -0.000486055           0.0217396         2.61257e-06         2.24301e-06           0.0294911           0.0658044           D=0.72s E=0.364s T=1.084s            ACCEPTED
        83           -0.001779           0.0151944         2.24301e-06         6.19652e-06           0.0658044           0.0867885          D=0.721s E=0.445s T=1.167s            REJECTED
        84         -0.00066197           0.0245801         2.24301e-06          2.5426e-06           0.0658044            0.021536          D=0.748s E=0.461s T=1.209s            ACCEPTED
        85          -0.0479788          0.00190223          2.5426e-06         7.00436e-06            0.021536            0.159993          D=0.703s E=0.377s T=1.081s            REJECTED
        86          -0.0110696          0.00423169          2.5426e-06         1.59715e-06            0.021536           0.0681784          D=0.709s E=0.395s T=1.105s            ACCEPTED
        87        -0.000170054           0.0505226         1.59715e-06         1.39555e-06           0.0681784            0.023288            D=0.708s E=0.4s T=1.109s            ACCEPTED
        88         -0.00012332           0.0247233         1.39555e-06         1.41494e-06            0.023288           0.0485904          D=0.703s E=0.412s T=1.116s            ACCEPTED
        89          -0.0009242           0.0148628         1.41494e-06         1.80587e-06           0.0485904           0.0261503          D=0.712s E=0.444s T=1.156s            ACCEPTED
        90           -0.142453         0.000861683         1.80587e-06         1.45402e-05           0.0261503            0.219631           D=0.711s E=0.38s T=1.092s            REJECTED
        91           -0.017719           0.0036467         1.80587e-06         2.74375e-06           0.0261503            0.100863          D=0.718s E=0.424s T=1.142s            ACCEPTED
        92         2.32596e-05            0.151501         2.74375e-06         4.62738e-06            0.100863             0.11326           D=0.704s E=0.376s T=1.08s            REJECTED
        93         -0.00105787           0.0395495         2.74375e-06         4.15199e-07            0.100863           0.0326451           D=0.706s E=0.443s T=1.15s            ACCEPTED
        94          -0.0012288           0.0133043         4.15199e-07         8.97575e-08           0.0326451           0.0147163          D=0.926s E=0.376s T=1.302s            ACCEPTED
        95        -0.000319048           0.0087018         8.97575e-08         7.38824e-08           0.0147163          0.00283538          D=0.711s E=0.369s T=1.081s            ACCEPTED
        96         -0.00563964          0.00176856         7.38824e-08         2.32583e-07          0.00283538           0.0291132          D=0.712s E=0.363s T=1.075s            ACCEPTED
        97           -0.208337         0.000456466         2.32583e-07         3.59005e-05           0.0291132            0.303926          D=0.764s E=0.364s T=1.129s            REJECTED
        98          -0.0202419          0.00300561         2.32583e-07         9.07668e-06           0.0291132            0.153115           D=0.723s E=0.426s T=1.15s            REJECTED
        99         -0.00124015           0.0132966         2.32583e-07         2.71765e-07           0.0291132           0.0202622          D=0.706s E=0.375s T=1.081s            ACCEPTED
       100          -0.0686187          0.00103914         2.71765e-07         6.06617e-06           0.0202622            0.133686          D=0.714s E=0.382s T=1.096s            REJECTED
       101         -0.00954401          0.00394756         2.71765e-07         1.15856e-06           0.0202622           0.0613963          D=0.707s E=0.407s T=1.114s            ACCEPTED
       102         -0.00139572           0.0291401         1.15856e-06         1.03353e-06           0.0613963           0.0465698           D=0.705s E=0.42s T=1.126s            ACCEPTED
       103         -0.00144816           0.0255628         1.03353e-06         3.64152e-07           0.0465698           0.0344545           D=0.703s E=0.44s T=1.144s            ACCEPTED
       104        -0.000862676           0.0209672         3.64152e-07         1.34934e-07           0.0344545           0.0124631          D=0.705s E=0.438s T=1.144s            ACCEPTED
       105         -0.00573283          0.00337187         1.34934e-07         2.12431e-07           0.0124631           0.0275379          D=0.721s E=0.383s T=1.105s            ACCEPTED
       106          -0.0150362          0.00348647         2.12431e-07         5.86194e-06           0.0275379            0.123879          D=0.983s E=0.375s T=1.358s            REJECTED
       107         -0.00388541          0.00726789         2.12431e-07         1.19393e-06           0.0275379           0.0543694          D=0.711s E=0.395s T=1.107s            ACCEPTED
       108         -0.00152101           0.0276012         1.19393e-06         6.59582e-07           0.0543694           0.0436439          D=0.705s E=0.441s T=1.147s            ACCEPTED
       109         -0.00112511           0.0245682         6.59582e-07          2.6735e-07           0.0436439             0.02384            D=0.709s E=0.36s T=1.07s            ACCEPTED
       110         -0.00153458           0.0126033          2.6735e-07         1.10142e-07             0.02384            0.018872          D=0.704s E=0.362s T=1.067s            ACCEPTED
       111          -0.0109681          0.00298708         1.10142e-07         1.74462e-06            0.018872           0.0687091           D=0.71s E=0.374s T=1.085s            REJECTED
       112         -0.00272342          0.00629149         1.10142e-07         2.84597e-07            0.018872           0.0269951           D=0.703s E=0.436s T=1.14s            ACCEPTED
       113          -0.0460964          0.00182089         2.84597e-07         1.11207e-05           0.0269951            0.175662           D=0.723s E=0.42s T=1.143s            REJECTED
       114         -0.00853086           0.0052559         2.84597e-07         2.32488e-06           0.0269951           0.0821457            D=0.71s E=0.46s T=1.171s            REJECTED
       115        -0.000459727           0.0899646         2.84597e-07         3.14236e-06           0.0269951            0.106734          D=0.754s E=0.404s T=1.159s            REJECTED
       116         -0.00369252         0.000759328         2.84597e-07         1.66911e-07           0.0269951           0.0187638          D=0.709s E=0.415s T=1.124s            ACCEPTED
       117          -0.0020616          0.00275423         1.66911e-07         4.17574e-08           0.0187638          0.00281003          D=0.707s E=0.386s T=1.093s            ACCEPTED
       118        -0.000352229          0.00953764         4.17574e-08          1.6015e-08          0.00281003          0.00462784          D=0.705s E=0.442s T=1.148s            ACCEPTED
       119          -0.0104117          0.00089641          1.6015e-08         7.14187e-08          0.00462784           0.0153269          D=0.705s E=0.396s T=1.101s            ACCEPTED
       120          -0.0495546         0.000926222         7.14187e-08         4.39237e-06           0.0153269            0.108381          D=0.719s E=0.352s T=1.071s            REJECTED
       121          -0.0093971          0.00265379         7.14187e-08          1.0031e-06           0.0153269           0.0520773          D=0.709s E=0.411s T=1.121s            ACCEPTED
       122         -0.00571662           0.0125186          1.0031e-06         5.46149e-06           0.0520773            0.125572           D=0.707s E=0.39s T=1.098s            REJECTED
       123         -0.00103517           0.0317289          1.0031e-06         2.90398e-07           0.0520773           0.0252989           D=0.716s E=0.37s T=1.087s            ACCEPTED
       124         -0.00130376           0.0144481         2.90398e-07          8.3038e-08           0.0252989            0.015993          D=0.725s E=0.384s T=1.109s            ACCEPTED
       125          -0.0107495          0.00262957          8.3038e-08         1.21091e-06            0.015993           0.0576312          D=0.736s E=0.392s T=1.129s            REJECTED
       126         -0.00263107          0.00557191          8.3038e-08         1.87146e-07            0.015993           0.0222264          D=0.728s E=0.353s T=1.081s            ACCEPTED
       127          -0.0381615          0.00170193         1.87146e-07         6.67879e-06           0.0222264            0.136114           D=0.73s E=0.363s T=1.093s            REJECTED
       128         -0.00752666          0.00460323         1.87146e-07          1.3724e-06           0.0222264           0.0629653           D=0.724s E=0.41s T=1.135s            REJECTED
       129        -0.000550939           0.0454759         1.87146e-07         8.80216e-07           0.0222264           0.0564524          D=0.748s E=0.384s T=1.133s            ACCEPTED
       130         -0.00105835           0.0208432         8.80216e-07         1.30108e-07           0.0564524           0.0147215          D=0.712s E=0.385s T=1.098s            ACCEPTED
       131         -0.00129239          0.00673279         1.30108e-07         5.18673e-08           0.0147215          0.00957135           D=0.71s E=0.414s T=1.125s            ACCEPTED
       132        -0.000167084          0.00597491         5.18673e-08         4.52307e-08          0.00957135          0.00365481          D=0.721s E=0.378s T=1.099s            ACCEPTED
       133         -0.00244374           0.0017476         4.52307e-08         7.54507e-08          0.00365481           0.0166342           D=0.715s E=0.434s T=1.15s            ACCEPTED
       134           -0.163319          0.00028874         7.54507e-08         1.03875e-05           0.0166342            0.162605          D=0.761s E=0.371s T=1.132s            REJECTED
       135          -0.0174019          0.00170775         7.54507e-08          2.6878e-06           0.0166342           0.0822195          D=0.724s E=0.437s T=1.162s            REJECTED
       136         -0.00116751          0.00718777         7.54507e-08         1.01617e-07           0.0166342           0.0110633           D=0.721s E=0.438s T=1.16s            ACCEPTED
       137           -0.170697         0.000258351         1.01617e-07         2.42707e-06           0.0110633           0.0849198           D=0.71s E=0.449s T=1.159s            REJECTED
       138           -0.013603          0.00177845         1.01617e-07         4.80215e-07           0.0110633           0.0398496          D=0.765s E=0.396s T=1.162s            ACCEPTED
       139          -0.0531506          0.00228209         4.80215e-07         3.12102e-05           0.0398496            0.288213          D=0.996s E=0.444s T=1.441s            REJECTED
       140         -0.00984007          0.00670919         4.80215e-07         7.18324e-06           0.0398496            0.139044           D=0.71s E=0.446s T=1.156s            REJECTED
       141        -8.10707e-05            0.056889         4.80215e-07         4.26824e-07           0.0398496             0.03552          D=0.706s E=0.411s T=1.117s            ACCEPTED
       142          0.00022649           0.0999861         4.26824e-07         3.04975e-06             0.03552           0.0985659           D=0.97s E=0.453s T=1.424s            REJECTED
       143         -0.00104005           0.0113568         4.26824e-07           1.177e-07             0.03552          0.00420648           D=0.978s E=0.45s T=1.429s            ACCEPTED
       144           -0.305436         3.00352e-05           1.177e-07         8.34241e-08          0.00420648           0.0159405          D=0.706s E=0.458s T=1.164s            ACCEPTED
       145         -0.00304695          0.00377878         8.34241e-08         5.14343e-07           0.0159405           0.0314466          D=0.981s E=0.401s T=1.383s            ACCEPTED
       146           -0.158611          0.00138812         5.14343e-07         8.03899e-05           0.0314466            0.465747          D=0.835s E=0.451s T=1.286s            REJECTED
       147          -0.0794397          0.00148645         5.14343e-07         1.94617e-05           0.0314466             0.23501          D=0.724s E=0.353s T=1.078s            REJECTED
       148         -0.00235174           0.0134125         5.14343e-07          4.4279e-07           0.0314466           0.0385458          D=0.702s E=0.343s T=1.046s            ACCEPTED
       149         -0.00131436           0.0184518          4.4279e-07         3.83881e-07           0.0385458           0.0271134           D=0.701s E=0.348s T=1.05s            ACCEPTED
       150         -0.00244293           0.0112381         3.83881e-07         3.36461e-07           0.0271134           0.0336831          D=0.702s E=0.346s T=1.049s            ACCEPTED
       151         -0.00153421            0.014863         3.36461e-07          3.8884e-07           0.0336831           0.0285623          D=0.704s E=0.401s T=1.105s            ACCEPTED
       152          -0.0028207           0.0106617          3.8884e-07         4.95633e-07           0.0285623           0.0400347          D=0.704s E=0.374s T=1.078s            ACCEPTED
       153          -0.0017484           0.0169019         4.95633e-07         6.35441e-07           0.0400347           0.0385398          D=0.703s E=0.449s T=1.152s            ACCEPTED
       154         -0.00247968           0.0150656         6.35441e-07         7.74975e-07           0.0385398           0.0489626          D=0.988s E=0.394s T=1.382s            ACCEPTED
       155         -0.00157869           0.0222986         7.74975e-07         7.43224e-07           0.0489626           0.0419383          D=0.975s E=0.388s T=1.363s            ACCEPTED
       156         -0.00182216            0.019439         7.43224e-07         5.29822e-07           0.0419383           0.0401892          D=0.703s E=0.444s T=1.148s            ACCEPTED
       157         -0.00134406           0.0200794         5.29822e-07         3.62426e-07           0.0401892           0.0284567          D=0.971s E=0.382s T=1.353s            ACCEPTED
       158         -0.00188419           0.0131543         3.62426e-07         2.48457e-07           0.0284567           0.0280169          D=0.839s E=0.453s T=1.292s            ACCEPTED
       159         -0.00201378           0.0110871         2.48457e-07          3.7934e-07           0.0280169           0.0306924           D=0.707s E=0.473s T=1.18s            ACCEPTED
       160         -0.00361679          0.00959435          3.7934e-07         9.30904e-07           0.0306924           0.0528434           D=0.973s E=0.45s T=1.423s            ACCEPTED
       161         -0.00208677           0.0210121         9.30904e-07         1.35299e-06           0.0528434           0.0595193          D=0.706s E=0.438s T=1.144s            ACCEPTED
       162          -0.0008961           0.0397438         1.35299e-06          2.3661e-07           0.0595193           0.0215525          D=0.708s E=0.454s T=1.162s            ACCEPTED
       163         -0.00117196           0.0136196          2.3661e-07         3.95409e-08           0.0215525           0.0114964           D=0.973s E=0.45s T=1.424s            ACCEPTED
       164         -0.00810353          0.00214919         3.95409e-08         4.89824e-07           0.0114964           0.0361197          D=0.759s E=0.466s T=1.225s            ACCEPTED
       165           -0.440951         0.000231484         4.89824e-07         6.43177e-05           0.0361197            0.414454          D=0.762s E=0.441s T=1.204s            REJECTED
       166          -0.0308738          0.00323006         4.89824e-07         1.55283e-05           0.0361197            0.207549          D=0.713s E=0.429s T=1.143s            REJECTED
       167         -0.00128061           0.0196821         4.89824e-07         2.21875e-07           0.0361197           0.0237931          D=0.706s E=0.447s T=1.153s            ACCEPTED
       168         -0.00147057           0.0120973         2.21875e-07         1.16054e-07           0.0237931           0.0179676          D=0.977s E=0.435s T=1.413s            ACCEPTED
       169          -0.0153906          0.00244673         1.16054e-07         2.05508e-06           0.0179676           0.0758618           D=0.845s E=0.42s T=1.266s            REJECTED
       170         -0.00361188          0.00545878         1.16054e-07         3.44672e-07           0.0179676           0.0313535          D=0.706s E=0.417s T=1.123s            ACCEPTED
       171          -0.0408329          0.00226153         3.44672e-07         1.46308e-05           0.0313535            0.200184          D=0.723s E=0.449s T=1.173s            REJECTED
       172         -0.00802706          0.00616885         3.44672e-07         3.11465e-06           0.0313535           0.0937598          D=0.982s E=0.432s T=1.414s            REJECTED
       173        -0.000378181            0.224852         3.44672e-07         1.73543e-05           0.0313535            0.251242            D=0.706s E=0.394s T=1.1s            REJECTED
       174         -0.00401995          0.00081515         3.44672e-07          1.8859e-07           0.0313535           0.0215835          D=0.706s E=0.422s T=1.128s            ACCEPTED
