    # Iter                 dir              h norm                Cost            New Cost              r norm          r_new norm
         6        -6.43548e-12         7.12398e+06              232016              225585         5.83759e+06         5.75974e+06          D=0.122s E=1.664s T=1.786s            ACCEPTED
         7        -6.42816e-12          1.0032e+07              225585              216604         5.75974e+06         5.64177e+06          D=0.124s E=1.664s T=1.789s            ACCEPTED
         8        -6.43066e-12         1.50891e+07              216604              203417         5.64177e+06         5.45268e+06           D=0.121s E=1.66s T=1.782s            ACCEPTED
         9         -6.4465e-12         1.77824e+07              203417              188402         5.45268e+06         5.19991e+06          D=0.122s E=1.674s T=1.796s            ACCEPTED
        11        -6.39906e-12         1.77304e+07              188402              174016         5.19991e+06         4.95228e+06           D=0.189s E=1.661s T=1.85s            ACCEPTED
        13        -6.34234e-12         1.74425e+07              174016              160412         4.95228e+06         4.73039e+06          D=0.121s E=1.667s T=1.789s            ACCEPTED
        14        -6.30102e-12         1.73444e+07              160412              147450         4.73039e+06         4.56443e+06          D=0.123s E=1.648s T=1.772s            ACCEPTED
        15        -6.30443e-12         1.68608e+07              147450              134941         4.56443e+06         4.35064e+06          D=0.121s E=1.677s T=1.799s            ACCEPTED
        16        -9.04112e-12         1.62392e+07              134941              169770         4.35064e+06         5.77961e+06           D=0.121s E=1.66s T=1.781s            REJECTED
        17        -7.64239e-12          1.6208e+07              134941              134842         4.35064e+06         5.01545e+06          D=0.122s E=1.661s T=1.783s            ACCEPTED
        19          -4.141e-11         1.52905e+07              134842              132923         5.01545e+06         6.03447e+06          D=0.123s E=1.666s T=1.789s            ACCEPTED
        20        -7.09823e-11         1.31877e+07              132923              100839         6.03447e+06         5.17524e+06          D=0.122s E=1.661s T=1.784s            ACCEPTED
        21          -2.272e-11         1.33245e+07              100839             84922.3         5.17524e+06         3.72556e+06          D=0.121s E=1.654s T=1.776s            ACCEPTED
        22        -9.28264e-12         1.25418e+07             84922.3             77553.2         3.72556e+06         3.65589e+06           D=0.126s E=1.664s T=1.79s            ACCEPTED
        23        -6.80602e-12         1.22575e+07             77553.2             70780.2         3.65589e+06         3.27802e+06          D=0.122s E=1.656s T=1.778s            ACCEPTED
        24        -7.68924e-12          1.1885e+07             70780.2             67493.1         3.27802e+06          4.1775e+06          D=0.122s E=1.662s T=1.785s            ACCEPTED
        25        -3.84205e-11          1.1458e+07             67493.1              106358          4.1775e+06         5.15474e+06          D=0.122s E=1.665s T=1.787s            REJECTED
        26         -2.2303e-11         1.13653e+07             67493.1             64513.4          4.1775e+06         3.81483e+06          D=0.121s E=1.654s T=1.775s            ACCEPTED
        27        -4.88518e-11         1.01464e+07             64513.4             58748.6         3.81483e+06         4.61677e+06          D=0.123s E=1.659s T=1.783s            ACCEPTED
        28        -3.44875e-11         9.87265e+06             58748.6               46277         4.61677e+06         2.89203e+06           D=0.124s E=1.656s T=1.78s            ACCEPTED
        29        -1.00314e-11         9.34958e+06               46277             42006.6         2.89203e+06         2.77103e+06           D=0.121s E=1.669s T=1.79s            ACCEPTED
        30        -6.60722e-12         9.09463e+06             42006.6             38316.7         2.77103e+06         2.44654e+06          D=0.123s E=1.662s T=1.785s            ACCEPTED
        31        -6.62938e-12         8.85649e+06             38316.7             35634.5         2.44654e+06         2.84944e+06          D=0.121s E=1.661s T=1.782s            ACCEPTED
        32        -3.31746e-11         8.58647e+06             35634.5              120387         2.84944e+06         8.86921e+06           D=0.123s E=1.65s T=1.774s            REJECTED
        33        -1.95833e-11         8.55849e+06             35634.5             47999.6         2.84944e+06         3.61787e+06          D=0.121s E=1.659s T=1.781s            REJECTED
        34        -9.38973e-12         8.39436e+06             35634.5             32185.7         2.84944e+06         2.36244e+06           D=0.122s E=1.68s T=1.803s            ACCEPTED
        35        -8.93822e-12         8.01575e+06             32185.7             29895.3         2.36244e+06         2.69482e+06           D=0.123s E=1.657s T=1.78s            ACCEPTED
        36        -1.20062e-11         7.74249e+06             29895.3             27520.1         2.69482e+06         2.35694e+06           D=0.123s E=1.666s T=1.79s            ACCEPTED
        37        -2.07628e-11         7.27494e+06             27520.1             26658.7         2.35694e+06         3.18207e+06           D=0.121s E=1.65s T=1.772s            ACCEPTED
        38        -2.74196e-11         6.95597e+06             26658.7             22512.9         3.18207e+06         2.15051e+06          D=0.125s E=1.667s T=1.793s            ACCEPTED
        39        -1.53337e-11          6.5444e+06             22512.9             20290.8         2.15051e+06         2.28048e+06           D=0.121s E=1.659s T=1.78s            ACCEPTED
        40        -9.62784e-12         6.35044e+06             20290.8               18249         2.28048e+06         1.79632e+06          D=0.123s E=1.669s T=1.792s            ACCEPTED
        41        -7.95414e-12         6.08289e+06               18249             16829.6         1.79632e+06         1.99668e+06          D=0.123s E=1.672s T=1.796s            ACCEPTED
        42        -9.84385e-12         5.89377e+06             16829.6             15707.6         1.99668e+06         1.81464e+06          D=0.121s E=1.665s T=1.787s            ACCEPTED
        43         -2.4497e-11         5.56339e+06             15707.6             16528.9         1.81464e+06         3.00534e+06          D=0.122s E=1.659s T=1.781s            REJECTED
        44        -1.52444e-11         5.47954e+06             15707.6             14068.4         1.81464e+06         1.91993e+06          D=0.123s E=1.662s T=1.786s            ACCEPTED
        45        -8.63348e-12         5.30727e+06             14068.4             12686.6         1.91993e+06         1.48266e+06           D=0.121s E=1.668s T=1.79s            ACCEPTED
        46        -7.91792e-12         5.15132e+06             12686.6             11982.9         1.48266e+06         1.99696e+06          D=0.125s E=1.673s T=1.798s            ACCEPTED
        47         -2.1972e-11         4.95043e+06             11982.9             13179.4         1.99696e+06         1.82192e+06           D=0.122s E=1.74s T=1.863s            REJECTED
        48        -1.39462e-11         4.88946e+06             11982.9             10773.2         1.99696e+06         1.46325e+06          D=0.123s E=1.662s T=1.785s            ACCEPTED
        49        -1.29382e-11         4.63235e+06             10773.2             9887.62         1.46325e+06         1.75913e+06          D=0.122s E=1.655s T=1.778s            ACCEPTED
        50        -1.18282e-11         4.46511e+06             9887.62             8928.81         1.75913e+06         1.31614e+06          D=0.125s E=1.661s T=1.786s            ACCEPTED
        51        -1.12068e-11         4.24352e+06             8928.81             8200.89         1.31614e+06          1.5704e+06           D=0.125s E=1.66s T=1.786s            ACCEPTED
        52        -1.05812e-11         4.08403e+06             8200.89             7429.76          1.5704e+06         1.20694e+06          D=0.124s E=1.657s T=1.782s            ACCEPTED
        53         -1.0403e-11         3.88904e+06             7429.76             6837.49         1.20694e+06          1.4383e+06          D=0.121s E=1.658s T=1.779s            ACCEPTED
        54        -1.05104e-11         3.73888e+06             6837.49             6213.23          1.4383e+06         1.13111e+06          D=0.122s E=1.662s T=1.785s            ACCEPTED
        55        -1.10412e-11         3.56052e+06             6213.23             5731.13         1.13111e+06         1.36656e+06          D=0.121s E=1.657s T=1.779s            ACCEPTED
        56        -1.18051e-11         3.42113e+06             5731.13             5217.72         1.36656e+06         1.07668e+06          D=0.122s E=1.661s T=1.783s            ACCEPTED
        57        -1.30702e-11         3.25462e+06             5217.72             4823.24         1.07668e+06         1.32846e+06           D=0.122s E=1.658s T=1.78s            ACCEPTED
        58        -1.42539e-11         3.12605e+06             4823.24             4389.94         1.32846e+06         1.03184e+06           D=0.124s E=1.67s T=1.794s            ACCEPTED
        59        -1.58559e-11         2.97159e+06             4389.94             4062.17         1.03184e+06         1.28871e+06           D=0.122s E=1.667s T=1.79s            ACCEPTED
        60        -1.66645e-11          2.8507e+06             4062.17             3666.53         1.28871e+06              969023          D=0.123s E=1.659s T=1.783s            ACCEPTED
        61         -1.6085e-11         2.70997e+06             3666.53             3358.83              969023         1.14557e+06          D=0.122s E=1.664s T=1.786s            ACCEPTED
        62        -1.46663e-11         2.60082e+06             3358.83             3023.32         1.14557e+06              868883          D=0.122s E=1.662s T=1.784s            ACCEPTED
        63        -1.29115e-11          2.4773e+06             3023.32             2761.72              868883              970473          D=0.122s E=1.656s T=1.779s            ACCEPTED
        64        -1.14179e-11         2.37741e+06             2761.72             2499.69              970473              771296          D=0.122s E=1.671s T=1.794s            ACCEPTED
        65        -1.03685e-11         2.26791e+06             2499.69              2286.9              771296              836225          D=0.124s E=1.653s T=1.778s            ACCEPTED
        66        -9.56299e-12         2.17507e+06              2286.9             2078.13              836225              692047          D=0.121s E=1.665s T=1.786s            ACCEPTED
        67         -9.3551e-12         2.08042e+06             2078.13             1911.41              692047              769858          D=0.122s E=1.667s T=1.789s            ACCEPTED
        68        -1.02064e-11         1.99482e+06             1911.41             1749.55              769858              667913          D=0.122s E=1.654s T=1.777s            ACCEPTED
        69        -1.19342e-11         1.90343e+06             1749.55              1619.6              667913              778300           D=0.121s E=1.72s T=1.842s            ACCEPTED
        70        -1.43364e-11         1.82367e+06              1619.6             1489.35              778300              667820          D=0.123s E=1.669s T=1.793s            ACCEPTED
        71        -1.77492e-11         1.73702e+06             1489.35             1386.24              667820              799888          D=0.121s E=1.673s T=1.795s            ACCEPTED
        72        -1.96057e-11         1.65965e+06             1386.24             1244.86              799888              622738          D=0.123s E=1.665s T=1.788s            ACCEPTED
        73        -1.67784e-11         1.58008e+06             1244.86             1126.45              622738              653877           D=0.122s E=1.657s T=1.78s            ACCEPTED
        74         -1.3196e-11          1.5141e+06             1126.45             1013.19              653877              516909          D=0.122s E=1.659s T=1.782s            ACCEPTED
        75        -1.04946e-11         1.44539e+06             1013.19             921.992              516909              520655          D=0.123s E=1.654s T=1.777s            ACCEPTED
        76        -8.78533e-12         1.38513e+06             921.992             837.434              520655              439739          D=0.122s E=1.676s T=1.798s            ACCEPTED
        77        -8.44402e-12         1.33162e+06             837.434              773.35              439739              493264            D=0.127s E=1.673s T=1.8s            ACCEPTED
        78        -1.13408e-11         1.27688e+06              773.35             722.327              493264              480868           D=0.121s E=1.66s T=1.781s            ACCEPTED
        79        -1.98483e-11         1.21753e+06             722.327             703.913              480868              636037           D=0.123s E=1.66s T=1.784s            ACCEPTED
        80        -2.68384e-11         1.15157e+06             703.913             598.461              636037              434457           D=0.122s E=1.667s T=1.79s            ACCEPTED
        81        -1.32502e-11         1.09808e+06             598.461             534.521              434457              389022          D=0.122s E=1.669s T=1.791s            ACCEPTED
        82        -8.00465e-12         1.05203e+06             534.521             484.223              389022              318208          D=0.122s E=1.655s T=1.778s            ACCEPTED
        83         -7.8149e-12         1.02713e+06             484.223             463.664              318208              447385          D=0.123s E=1.663s T=1.787s            ACCEPTED
        84        -3.44064e-11              984133             463.664              685.67              447385              706108          D=0.123s E=1.668s T=1.791s            REJECTED
        85        -2.01203e-11              973749             463.664             438.106              447385              422910          D=0.124s E=1.661s T=1.786s            ACCEPTED
        86        -2.60971e-11              919867             438.106             390.357              422910              421915          D=0.123s E=1.663s T=1.786s            ACCEPTED
        87        -1.78574e-11              879182             390.357             342.852              421915              312985          D=0.122s E=1.672s T=1.795s            ACCEPTED
        88        -1.04115e-11              839507             342.852             309.697              312985              286295           D=0.122s E=1.667s T=1.79s            ACCEPTED
        89        -7.54759e-12              804798             309.697             281.544              286295              246001          D=0.122s E=1.652s T=1.774s            ACCEPTED
        90        -8.31579e-12              784499             281.544             274.737              246001              363781          D=0.122s E=1.665s T=1.787s            ACCEPTED
        91        -4.29386e-11              750441             274.737             428.004              363781              581757          D=0.125s E=1.658s T=1.784s            REJECTED
        92        -2.44134e-11              741955             274.737              256.65              363781              333193          D=0.122s E=1.657s T=1.779s            ACCEPTED
        93        -2.60701e-11              700492              256.65             223.384              333193              301218          D=0.123s E=1.662s T=1.785s            ACCEPTED
        94        -1.44242e-11              670397             223.384             197.806              301218              228098          D=0.124s E=1.664s T=1.788s            ACCEPTED
        95        -8.57315e-12              640432             197.806             179.397              228098              205950          D=0.122s E=1.673s T=1.796s            ACCEPTED
        96        -7.08231e-12              619357             179.397             164.411              205950              199987          D=0.124s E=1.666s T=1.791s            ACCEPTED
        97        -1.35731e-11              600493             164.411             200.734              199987              413692          D=0.123s E=1.658s T=1.781s            REJECTED
        98        -9.63283e-12              596267             164.411             158.014              199987              264922          D=0.121s E=1.736s T=1.858s            ACCEPTED
        99        -2.96281e-11              569795             158.014             180.239              264922              343363          D=0.122s E=1.667s T=1.789s            REJECTED
       100        -1.77379e-11              561363             158.014             139.355              264922              204613          D=0.123s E=1.672s T=1.796s            ACCEPTED
       101        -1.08963e-11              535739             139.355             125.799              204613              185166          D=0.129s E=1.675s T=1.805s            ACCEPTED
       102        -7.90152e-12              513075             125.799              114.25              185166              159565           D=0.121s E=1.66s T=1.781s            ACCEPTED
       103        -8.76504e-12              500134              114.25             112.694              159565              237554            D=0.121s E=1.678s T=1.8s            ACCEPTED
       104        -4.04618e-11              477147             112.694             145.431              237554              333153          D=0.121s E=1.662s T=1.784s            REJECTED
       105        -2.31887e-11              470439             112.694             99.1034              237554              187638          D=0.122s E=1.663s T=1.785s            ACCEPTED
       106        -1.52185e-11              447472             99.1034             88.5399              187638              167516          D=0.122s E=1.656s T=1.778s            ACCEPTED
       107        -9.90786e-12              428397             88.5399             79.9255              167516              140023          D=0.122s E=1.663s T=1.786s            ACCEPTED
       108        -7.71591e-12              410357             79.9255             72.9294              140023              133475          D=0.122s E=1.659s T=1.781s            ACCEPTED
       109         -9.2744e-12              399393             72.9294             72.0815              133475              179713           D=0.126s E=1.66s T=1.786s            ACCEPTED
       110        -3.99339e-11              379575             72.0815             86.6311              179713              277110          D=0.122s E=1.666s T=1.789s            REJECTED
       111        -2.29358e-11              373642             72.0815             62.2543              179713              146937          D=0.122s E=1.677s T=1.799s            ACCEPTED
       112        -1.11642e-11              357040             62.2543             55.6955              146937              116251          D=0.122s E=1.665s T=1.787s            ACCEPTED
       113        -7.29668e-12              341509             55.6955              50.709              116251              105267          D=0.123s E=1.664s T=1.788s            ACCEPTED
       114        -7.35697e-12              333574              50.709              48.034              105267              131282           D=0.123s E=1.657s T=1.78s            ACCEPTED
       115        -3.04008e-11              319234              48.034             69.3579              131282              261152          D=0.121s E=1.671s T=1.793s            REJECTED
       116         -1.8093e-11              315955              48.034              45.832              131282              149409            D=0.12s E=1.659s T=1.78s            ACCEPTED
       117        -2.44707e-11              299501              45.832             40.7022              149409              126190          D=0.123s E=1.663s T=1.786s            ACCEPTED
       118        -1.76699e-11              285410             40.7022             36.1735              126190              110248           D=0.12s E=1.675s T=1.796s            ACCEPTED
       119        -1.11991e-11              273123             36.1735             32.5398              110248             92291.1          D=0.122s E=1.659s T=1.782s            ACCEPTED
       120        -8.16892e-12              261133             32.5398             29.6015             92291.1             84338.5          D=0.121s E=1.666s T=1.787s            ACCEPTED
       121        -7.75868e-12              252972             29.6015             27.4551             84338.5             91444.6          D=0.122s E=1.665s T=1.788s            ACCEPTED
       122        -1.51765e-11              242382             27.4551             27.9519             91444.6              126701          D=0.121s E=1.669s T=1.791s            REJECTED
       123        -1.04493e-11              238902             27.4551             24.8579             91444.6             82250.8           D=0.122s E=1.67s T=1.792s            ACCEPTED
       124        -8.13956e-12              228569             24.8579             22.5937             82250.8             73157.7           D=0.122s E=1.657s T=1.78s            ACCEPTED
       125        -8.31559e-12              221346             22.5937             21.2508             73157.7             87946.9          D=0.124s E=1.658s T=1.782s            ACCEPTED
       126        -1.98406e-11              211874             21.2508             22.2985             87946.9              115006           D=0.121s E=1.66s T=1.782s            REJECTED
       127        -1.28002e-11              208722             21.2508             19.0116             87946.9             72353.7          D=0.121s E=1.663s T=1.784s            ACCEPTED
       128        -8.69129e-12              199232             19.0116             17.2552             72353.7             64754.6          D=0.122s E=1.666s T=1.789s            ACCEPTED
       129        -7.37299e-12              192083             17.2552              15.804             64754.6             63344.1          D=0.122s E=1.663s T=1.785s            ACCEPTED
       130        -1.35031e-11              186363              15.804             18.9306             63344.1              121935           D=0.124s E=1.66s T=1.784s            REJECTED
       131        -9.59127e-12              184973              15.804             15.0907             63344.1             78944.8          D=0.123s E=1.671s T=1.795s            ACCEPTED
       132        -2.67571e-11              176894             15.0907              16.693             78944.8              106608          D=0.122s E=1.659s T=1.781s            REJECTED
       133        -1.62862e-11              174218             15.0907             13.3341             78944.8             63008.5           D=0.124s E=1.66s T=1.784s            ACCEPTED
       134        -9.79571e-12              166295             13.3341             12.0544             63008.5             55158.3          D=0.127s E=1.665s T=1.792s            ACCEPTED
       135        -7.37588e-12              159516             12.0544             10.9767             55158.3             49829.5           D=0.121s E=1.728s T=1.85s            ACCEPTED
       136        -8.69811e-12              155356             10.9767             10.8823             49829.5             73299.3          D=0.122s E=1.667s T=1.789s            ACCEPTED
       137        -4.03174e-11              148059             10.8823             13.4928             73299.3              104488          D=0.123s E=1.668s T=1.791s            REJECTED
       138        -2.31184e-11              145849             10.8823              9.4427             73299.3               57239          D=0.122s E=1.655s T=1.777s            ACCEPTED
       139        -1.28917e-11              138829              9.4427             8.45005               57239             48573.7           D=0.123s E=1.67s T=1.794s            ACCEPTED
       140         -8.2584e-12              132851             8.45005             7.65614             48573.7               41653          D=0.123s E=1.663s T=1.787s            ACCEPTED
       141        -7.52861e-12              128941             7.65614             7.13069               41653             48081.8          D=0.121s E=1.662s T=1.783s            ACCEPTED
       142        -1.62162e-11              123686             7.13069             7.44427             48081.8             65583.5          D=0.122s E=1.653s T=1.776s            REJECTED
       143        -1.09685e-11              122021             7.13069             6.46212             48081.8             42761.5           D=0.121s E=1.668s T=1.79s            ACCEPTED
       144        -9.38963e-12              116463             6.46212             5.88683             42761.5             40071.8          D=0.124s E=1.663s T=1.787s            ACCEPTED
       145        -8.51507e-12              111638             5.88683              5.3726             40071.8             37580.6          D=0.121s E=1.662s T=1.784s            ACCEPTED
       146         -9.1395e-12              107209              5.3726             4.98358             37580.6             40481.1          D=0.122s E=1.667s T=1.789s            ACCEPTED
       147         -1.3484e-11              102596             4.98358             4.69168             40481.1             43424.4          D=0.123s E=1.663s T=1.787s            ACCEPTED
       148         -2.2201e-11             97770.4             4.69168             4.48335             43424.4             47949.8          D=0.123s E=1.672s T=1.796s            ACCEPTED
       149        -2.57051e-11             92735.5             4.48335             3.84652             47949.8             36973.2          D=0.121s E=1.663s T=1.785s            ACCEPTED
       150        -1.32216e-11             88419.8             3.84652             3.43087             36973.2             30673.1          D=0.122s E=1.663s T=1.786s            ACCEPTED
       151        -8.03748e-12             84631.6             3.43087              3.1088             30673.1             26221.2          D=0.121s E=1.662s T=1.783s            ACCEPTED
       152        -7.79992e-12             82576.8              3.1088             2.96831             26221.2             34447.2          D=0.121s E=1.659s T=1.781s            ACCEPTED
       153        -3.18308e-11             79145.8             2.96831             4.15939             34447.2             60349.1          D=0.121s E=1.722s T=1.843s            REJECTED
       154        -1.88129e-11             78271.7             2.96831              2.7771             34447.2             34806.5          D=0.124s E=1.672s T=1.796s            ACCEPTED
       155        -2.29596e-11             74200.6              2.7771             2.50464             34806.5             32480.9          D=0.123s E=1.672s T=1.795s            ACCEPTED
       156        -1.78924e-11             70875.6             2.50464             2.21852             32480.9             26891.1          D=0.121s E=1.651s T=1.773s            ACCEPTED
       157        -1.16296e-11             67655.5             2.21852             2.00083             26891.1             23638.2          D=0.121s E=1.675s T=1.797s            ACCEPTED
       158        -8.45696e-12             64760.4             2.00083             1.81496             23638.2             20784.8          D=0.126s E=1.689s T=1.816s            ACCEPTED
       159        -7.74002e-12             62536.8             1.81496             1.67791             20784.8             22371.6          D=0.128s E=1.747s T=1.875s            ACCEPTED
       160        -1.26779e-11             60071.1             1.67791             1.64333             22371.6             27826.1          D=0.124s E=1.699s T=1.824s            ACCEPTED
       161        -3.02103e-11             56896.4             1.64333             1.56895             27826.1             29739.3           D=0.124s E=1.665s T=1.79s            ACCEPTED
       162        -2.86917e-11             53806.7             1.56895             1.28591             29739.3             19968.4          D=0.122s E=1.671s T=1.793s            ACCEPTED
       163        -9.74058e-12             51339.3             1.28591             1.15475             19968.4             16042.9          D=0.122s E=1.664s T=1.786s            ACCEPTED
       164         -6.4104e-12             49408.6             1.15475             1.05321             16042.9             14594.9          D=0.122s E=1.678s T=1.801s            ACCEPTED
       165        -6.67841e-12             48185.3             1.05321            0.987084             14594.9             18263.4          D=0.122s E=1.671s T=1.793s            ACCEPTED
       166        -2.93139e-11             46320.1            0.987084             1.81234             18263.4             42608.2           D=0.122s E=1.668s T=1.79s            REJECTED
       167        -1.75218e-11             45994.3            0.987084             1.03727             18263.4               24838          D=0.122s E=1.673s T=1.795s            REJECTED
       168        -8.67766e-12             44131.8            0.987084            0.879921             18263.4               12912           D=0.18s E=1.682s T=1.863s            ACCEPTED
       169        -5.81214e-12             43723.1            0.879921              0.8042               12912             12726.5          D=0.121s E=1.665s T=1.787s            ACCEPTED
       170        -7.06809e-12             42288.5              0.8042            0.787475             12726.5             18867.9          D=0.122s E=1.663s T=1.786s            ACCEPTED
       171        -6.69576e-11             40511.8            0.787475             2.57261             18867.9             54660.3          D=0.122s E=1.671s T=1.793s            REJECTED
       172        -3.64122e-11             40226.9            0.787475            0.997201             18867.9             28981.3          D=0.122s E=1.679s T=1.802s            REJECTED
       173        -1.35031e-11             38597.9            0.787475            0.672303             18867.9               11675           D=0.121s E=1.67s T=1.791s            ACCEPTED
       174        -5.81285e-12             37062.7            0.672303            0.614837               11675             10201.5          D=0.121s E=1.674s T=1.796s            ACCEPTED
       175        -5.65461e-12             36606.9            0.614837            0.561468             10201.5             9818.33          D=0.123s E=1.673s T=1.796s            ACCEPTED
       176         -5.6589e-12             35406.1            0.561468            0.512499             9818.33             9500.73          D=0.123s E=1.662s T=1.786s            ACCEPTED
       177        -7.43198e-12             33956.6            0.512499             0.63276             9500.73             21447.4          D=0.122s E=1.666s T=1.788s            REJECTED
       178        -6.53904e-12             33892.9            0.512499            0.504889             9500.73               14906           D=0.123s E=1.67s T=1.794s            ACCEPTED
       179        -1.03358e-10               32432            0.504889             3.68117               14906               51401          D=0.122s E=1.669s T=1.792s            REJECTED
       180        -5.46145e-11             32285.6            0.504889             1.07483               14906             19614.5          D=0.122s E=1.675s T=1.798s            REJECTED
       181        -1.80567e-11             31434.2            0.504889            0.430678               14906              9162.3          D=0.124s E=1.669s T=1.793s            ACCEPTED
       182        -7.09156e-12             29840.4            0.430678            0.391408              9162.3             8817.63          D=0.123s E=1.674s T=1.797s            ACCEPTED
       183        -6.21605e-12             29312.3            0.391408            0.360526             8817.63             8795.49          D=0.123s E=1.677s T=1.801s            ACCEPTED
       184        -2.16809e-11             28293.7            0.360526            0.796296             8795.49             32886.8          D=0.127s E=1.666s T=1.794s            REJECTED
       185        -1.36788e-11               28180            0.360526            0.423329             8795.49             19021.6           D=0.124s E=1.66s T=1.785s            REJECTED
       186        -7.67725e-12             27516.9            0.360526             0.32733             8795.49             8617.92           D=0.121s E=1.658s T=1.78s            ACCEPTED
       187        -7.37506e-12             26850.8             0.32733            0.309983             8617.92             9071.66          D=0.125s E=1.667s T=1.792s            ACCEPTED
       188        -2.92887e-11             25631.7            0.309983            0.432981             9071.66               22286          D=0.122s E=1.662s T=1.784s            REJECTED
       189        -1.75302e-11             25362.7            0.309983            0.293205             9071.66             12377.3          D=0.123s E=1.659s T=1.783s            ACCEPTED
       190        -2.29974e-11             24175.1            0.293205            0.263957             12377.3             8775.76          D=0.124s E=1.678s T=1.802s            ACCEPTED
       191        -1.87864e-11             22959.9            0.263957            0.234955             8775.76             9606.33           D=0.123s E=1.66s T=1.784s            ACCEPTED
       192        -1.24318e-11             22011.4            0.234955            0.210936             9606.33             7036.19           D=0.122s E=1.657s T=1.78s            ACCEPTED
       193        -8.95761e-12             20998.4            0.210936            0.191523             7036.19             7175.74          D=0.122s E=1.662s T=1.785s            ACCEPTED
       194        -7.58073e-12             20212.4            0.191523            0.175043             7175.74             6216.33          D=0.122s E=1.665s T=1.787s            ACCEPTED
       195        -1.17422e-11             19601.6            0.175043            0.190614             6216.33             12475.4          D=0.121s E=1.661s T=1.782s            REJECTED
       196        -8.70648e-12             19431.8            0.175043            0.163579             6216.33             8015.93           D=0.123s E=1.656s T=1.78s            ACCEPTED
       197        -1.63705e-11             18614.2            0.163579            0.160598             8015.93             7629.41          D=0.124s E=1.668s T=1.792s            ACCEPTED
       198        -2.86308e-11             17529.2            0.160598            0.140861             7629.41             8439.18           D=0.121s E=1.668s T=1.79s            ACCEPTED
       199        -1.75901e-11             16767.5            0.140861            0.123466             8439.18             5623.51           D=0.125s E=1.67s T=1.795s            ACCEPTED
       200        -9.69996e-12             15990.1            0.123466              0.1115             5623.51             5430.96          D=0.122s E=1.663s T=1.785s            ACCEPTED
       201        -7.13609e-12             15362.3              0.1115             0.10157             5430.96             4593.21          D=0.122s E=1.663s T=1.786s            ACCEPTED
       202        -8.24863e-12             14955.4             0.10157           0.0995053             4593.21             7443.67            D=0.12s E=1.659s T=1.78s            ACCEPTED
       203        -4.42599e-11             14320.5           0.0995053             0.15642             7443.67             9968.33          D=0.122s E=1.736s T=1.858s            REJECTED
       204         -2.5067e-11             14155.8           0.0995053           0.0928321             7443.67             5918.97          D=0.125s E=1.671s T=1.797s            ACCEPTED
       205        -2.54606e-11             13350.2           0.0928321           0.0803299             5918.97             5889.83          D=0.122s E=1.665s T=1.788s            ACCEPTED
       206        -1.33444e-11               12788           0.0803299           0.0713982             5889.83              4162.1          D=0.122s E=1.674s T=1.796s            ACCEPTED
       207        -8.10579e-12             12207.7           0.0713982           0.0647936              4162.1             3943.85          D=0.123s E=1.659s T=1.782s            ACCEPTED
       208        -7.34491e-12             11886.7           0.0647936           0.0603046             3943.85             4111.42           D=0.123s E=1.66s T=1.784s            ACCEPTED
       209        -1.82325e-11             11394.6           0.0603046           0.0680627             4111.42             7879.17          D=0.122s E=1.666s T=1.788s            REJECTED
       210        -1.19758e-11             11261.4           0.0603046           0.0555114             4111.42             4665.73          D=0.123s E=1.671s T=1.794s            ACCEPTED
       211        -1.35443e-11             10766.2           0.0555114           0.0510224             4665.73             3978.81          D=0.121s E=1.662s T=1.783s            ACCEPTED
       212        -1.54175e-11             10275.3           0.0510224           0.0470568             3978.81             4605.74          D=0.122s E=1.662s T=1.785s            ACCEPTED
       213        -1.68647e-11              9828.2           0.0470568            0.042967             4605.74              3760.2          D=0.123s E=1.665s T=1.788s            ACCEPTED
       214        -1.66555e-11             9369.49            0.042967           0.0390855              3760.2             4093.07          D=0.123s E=1.676s T=1.799s            ACCEPTED
       215        -1.48368e-11             8964.66           0.0390855           0.0353396             4093.07             3249.75          D=0.123s E=1.671s T=1.795s            ACCEPTED
       216        -1.26327e-11              8557.5           0.0353396           0.0320957             3249.75              3375.2          D=0.124s E=1.661s T=1.786s            ACCEPTED
       217         -1.0852e-11             8191.16           0.0320957           0.0291417              3375.2             2781.67           D=0.122s E=1.668s T=1.79s            ACCEPTED
       218        -9.56763e-12             7825.22           0.0291417            0.026557             2781.67             2841.15          D=0.123s E=1.655s T=1.779s            ACCEPTED
       219        -8.81806e-12             7497.27            0.026557           0.0242391             2841.15             2472.99          D=0.122s E=1.662s T=1.784s            ACCEPTED
       220        -9.12335e-12             7186.14           0.0242391           0.0223363             2472.99             2765.16          D=0.124s E=1.673s T=1.798s            ACCEPTED
       221        -1.14407e-11             6879.18           0.0223363           0.0207058             2765.16             2566.79          D=0.122s E=1.662s T=1.785s            ACCEPTED
       222        -1.59183e-11             6568.49           0.0207058           0.0194549             2566.79             3125.16          D=0.123s E=1.658s T=1.781s            ACCEPTED
       223        -2.14477e-11             6267.95           0.0194549           0.0178549             3125.16              2614.2          D=0.122s E=1.663s T=1.786s            ACCEPTED
       224        -2.07073e-11             5960.77           0.0178549           0.0159113              2614.2             2609.62          D=0.123s E=1.657s T=1.781s            ACCEPTED
       225        -1.44204e-11             5698.84           0.0159113           0.0142345             2609.62             2002.67          D=0.122s E=1.661s T=1.784s            ACCEPTED
       226        -1.00054e-11             5443.95           0.0142345           0.0128876             2002.67             1912.29          D=0.121s E=1.662s T=1.783s            ACCEPTED
       227        -7.91332e-12             5216.35           0.0128876           0.0117333             1912.29              1644.8          D=0.122s E=1.655s T=1.777s            ACCEPTED
       228        -8.82954e-12             5061.94           0.0117333           0.0112854              1644.8             2343.51          D=0.121s E=1.666s T=1.788s            ACCEPTED
       229        -3.30581e-11             4845.01           0.0112854           0.0145421             2343.51             3218.66          D=0.122s E=1.665s T=1.787s            REJECTED
       230        -1.94421e-11             4782.64           0.0112854           0.0102143             2343.51             1899.72          D=0.122s E=1.669s T=1.792s            ACCEPTED
       231         -1.6735e-11             4553.05           0.0102143          0.00918595             1899.72             1891.49          D=0.123s E=1.669s T=1.793s            ACCEPTED
       232        -1.27942e-11             4355.51          0.00918595          0.00828923             1891.49             1530.23          D=0.125s E=1.663s T=1.789s            ACCEPTED
       233        -1.00492e-11             4161.43          0.00828923          0.00752333             1530.23             1488.67          D=0.122s E=1.665s T=1.787s            ACCEPTED
       234        -8.45117e-12             3984.88          0.00752333          0.00685199             1488.67              1291.6          D=0.121s E=1.674s T=1.795s            ACCEPTED
       235        -8.41505e-12             3835.74          0.00685199          0.00633634              1291.6             1467.23           D=0.122s E=1.66s T=1.783s            ACCEPTED
       236        -1.25422e-11             3673.53          0.00633634          0.00600944             1467.23             1508.74           D=0.123s E=1.667s T=1.79s            ACCEPTED
       237        -2.36024e-11             3502.33          0.00600944          0.00586204             1508.74             1946.53          D=0.122s E=1.671s T=1.793s            ACCEPTED
       238        -2.83517e-11             3305.85          0.00586204          0.00486898             1946.53              1226.6          D=0.122s E=1.661s T=1.783s            ACCEPTED
       239        -1.07275e-11             3155.42          0.00486898           0.0043551              1226.6             1037.45          D=0.122s E=1.655s T=1.778s            ACCEPTED
       240        -6.69652e-12             3025.28           0.0043551          0.00396733             1037.45             889.616          D=0.126s E=1.731s T=1.857s            ACCEPTED
       241        -6.57191e-12             2955.29          0.00396733          0.00369474             889.616             1131.31          D=0.122s E=1.662s T=1.785s            ACCEPTED
       242        -4.26427e-11             2852.05          0.00369474           0.0159796             1131.31             3958.05          D=0.121s E=1.661s T=1.782s            REJECTED
       243        -2.41768e-11             2841.76          0.00369474          0.00598673             1131.31              2226.1          D=0.122s E=1.662s T=1.784s            REJECTED
       244        -1.03273e-11             2781.53          0.00369474          0.00334394             1131.31              927.71          D=0.121s E=1.664s T=1.786s            ACCEPTED
       245         -8.3204e-12             2654.62          0.00334394          0.00304407              927.71             896.441          D=0.121s E=1.667s T=1.789s            ACCEPTED
       246        -8.19629e-12             2562.04          0.00304407           0.0028212             896.441             912.972           D=0.122s E=1.667s T=1.79s            ACCEPTED
       247         -1.3648e-11             2452.23           0.0028212          0.00273008             912.972             1205.54          D=0.125s E=1.653s T=1.779s            ACCEPTED
       248        -2.73223e-11             2331.26          0.00273008          0.00257595             1205.54             1105.04          D=0.121s E=1.664s T=1.786s            ACCEPTED
       249        -2.71288e-11             2205.09          0.00257595          0.00217518             1105.04             910.597          D=0.126s E=1.693s T=1.819s            ACCEPTED
       250        -1.17158e-11             2107.36          0.00217518           0.0019408             910.597             683.205          D=0.122s E=1.666s T=1.788s            ACCEPTED
       251        -7.13705e-12             2016.19           0.0019408          0.00176504             683.205             615.877          D=0.124s E=1.659s T=1.784s            ACCEPTED
       252         -6.8669e-12             1970.48          0.00176504          0.00165326             615.877             727.499           D=0.122s E=1.66s T=1.782s            ACCEPTED
       253        -2.61926e-11             1892.13          0.00165326          0.00254387             727.499             1718.79          D=0.122s E=1.656s T=1.779s            REJECTED
       254        -1.59616e-11             1876.36          0.00165326          0.00163759             727.499              982.24           D=0.125s E=1.67s T=1.796s            ACCEPTED
       255        -2.85382e-11             1764.81          0.00163759          0.00141299              982.24             727.059           D=0.122s E=1.658s T=1.78s            ACCEPTED
       256        -1.57052e-11             1684.84          0.00141299          0.00124769             727.059             621.491          D=0.122s E=1.662s T=1.784s            ACCEPTED
       257        -8.88227e-12             1611.05          0.00124769          0.00112833             621.491             507.616          D=0.122s E=1.666s T=1.788s            ACCEPTED
       258        -7.07034e-12             1554.36          0.00112833          0.00103317             507.616             518.199          D=0.124s E=1.658s T=1.782s            ACCEPTED
       259        -1.16587e-11              1509.4          0.00103317          0.00116087             518.199             852.738          D=0.123s E=1.664s T=1.788s            REJECTED
       260        -8.66262e-12              1497.9          0.00103317         0.000973899             518.199             582.657           D=0.124s E=1.67s T=1.795s            ACCEPTED
       261        -2.14649e-11             1432.05         0.000973899          0.00103719             582.657             879.468          D=0.121s E=1.654s T=1.776s            REJECTED
       262        -1.36155e-11             1410.57         0.000973899          0.00086981             582.657             515.573          D=0.121s E=1.727s T=1.849s            ACCEPTED
       263        -8.89272e-12             1347.66          0.00086981          0.00078797             515.573             431.011           D=0.122s E=1.658s T=1.78s            ACCEPTED
       264        -7.38505e-12             1298.31          0.00078797         0.000721818             431.011             441.033          D=0.121s E=1.671s T=1.793s            ACCEPTED
       265        -1.29914e-11             1260.56         0.000721818         0.000844808             441.033             754.844           D=0.124s E=1.665s T=1.79s            REJECTED
       266        -9.33153e-12             1250.96         0.000721818         0.000685173             441.033             504.003          D=0.124s E=1.669s T=1.793s            ACCEPTED
       267        -2.47903e-11             1195.99         0.000685173         0.000749215             504.003             771.073          D=0.122s E=1.671s T=1.794s            REJECTED
       268        -1.52916e-11             1177.95         0.000685173          0.00060847             504.003             439.772          D=0.123s E=1.667s T=1.791s            ACCEPTED
       269        -9.47165e-12              1125.3          0.00060847         0.000550186             439.772             364.448          D=0.123s E=1.668s T=1.792s            ACCEPTED
       270        -7.39397e-12             1080.77         0.000550186         0.000502135             364.448             353.088          D=0.121s E=1.654s T=1.776s            ACCEPTED
       271        -9.93915e-12             1051.54         0.000502135         0.000520056             353.088              525.28           D=0.125s E=1.665s T=1.79s            REJECTED
       272         -7.8007e-12             1042.39         0.000502135         0.000465787             353.088              373.96          D=0.123s E=1.654s T=1.778s            ACCEPTED
       273        -1.45488e-11             999.575         0.000465787          0.00046834              373.96             528.099          D=0.126s E=1.678s T=1.804s            REJECTED
       274        -1.01294e-11             984.999         0.000465787         0.000420915              373.96             338.757          D=0.124s E=1.692s T=1.816s            ACCEPTED
       275        -7.90727e-12             942.807         0.000420915         0.000383521             338.757             301.885           D=0.128s E=1.71s T=1.838s            ACCEPTED
       276        -9.47668e-12             917.099         0.000383521         0.000380872             301.885             453.585          D=0.124s E=1.697s T=1.822s            ACCEPTED
       277        -3.87199e-11             872.055         0.000380872         0.000435201             453.585             561.061          D=0.124s E=1.688s T=1.812s            REJECTED
       278        -2.23266e-11             857.503         0.000380872         0.000324467             453.585             308.885          D=0.122s E=1.681s T=1.804s            ACCEPTED
       279        -9.28141e-12             818.595         0.000324467         0.000292028             308.885             260.205          D=0.122s E=1.666s T=1.789s            ACCEPTED
       280        -6.70629e-12             790.229         0.000292028         0.000267088             260.205             246.379          D=0.122s E=1.673s T=1.796s            ACCEPTED
       281        -9.24335e-12             768.046         0.000267088         0.000274528             246.379             409.101          D=0.122s E=1.662s T=1.784s            REJECTED
       282        -7.45065e-12             761.864         0.000267088         0.000247835             246.379             284.657          D=0.122s E=1.665s T=1.787s            ACCEPTED
       283        -1.74124e-11             732.026         0.000247835         0.000282495             284.657             432.719          D=0.121s E=1.664s T=1.786s            REJECTED
       284        -1.15608e-11             723.989         0.000247835          0.00022944             284.657             278.004           D=0.165s E=1.655s T=1.82s            ACCEPTED
       285         -1.5088e-11             691.763          0.00022944         0.000213683             278.004             304.776           D=0.121s E=1.659s T=1.78s            ACCEPTED
       286        -1.98989e-11             660.324         0.000213683         0.000198715             304.776             289.351           D=0.122s E=1.657s T=1.78s            ACCEPTED
       287        -2.18289e-11             629.147         0.000198715         0.000178172             289.351             276.174          D=0.122s E=1.661s T=1.784s            ACCEPTED
       288        -1.69665e-11             600.216         0.000178172         0.000159389             276.174             227.537          D=0.164s E=1.658s T=1.823s            ACCEPTED
       289        -1.20368e-11             573.981         0.000159389         0.000143724             227.537             208.417          D=0.121s E=1.647s T=1.768s            ACCEPTED
       290        -9.20733e-12             548.756         0.000143724         0.000130535             208.417             181.409          D=0.123s E=1.666s T=1.789s            ACCEPTED
       291        -8.24067e-12             528.109         0.000130535         0.000119877             181.409             188.421          D=0.122s E=1.669s T=1.792s            ACCEPTED
       292        -1.19445e-11             508.706         0.000119877         0.000117801             188.421             232.071          D=0.121s E=1.657s T=1.778s            ACCEPTED
       293        -3.29515e-11             484.043         0.000117801             0.00012             232.071             293.869          D=0.126s E=1.666s T=1.793s            REJECTED
       294         -1.9436e-11             474.719         0.000117801         9.92529e-05             232.071             155.259          D=0.122s E=1.673s T=1.796s            ACCEPTED
       295        -6.55655e-12              453.49         9.92529e-05          9.0365e-05             155.259             128.822          D=0.123s E=1.667s T=1.791s            ACCEPTED
       296        -5.83251e-12             445.157          9.0365e-05         8.26899e-05             128.822             136.442           D=0.121s E=1.658s T=1.78s            ACCEPTED
       297        -9.72967e-12             430.058         8.26899e-05         0.000100233             136.442             261.346          D=0.121s E=1.665s T=1.787s            REJECTED
       298          -7.691e-12             428.161         8.26899e-05         8.03511e-05             136.442              179.74          D=0.122s E=1.662s T=1.785s            ACCEPTED
       299        -5.12307e-11             407.754         8.03511e-05         0.000173641              179.74             478.902           D=0.12s E=1.676s T=1.797s            REJECTED
       300        -2.85401e-11             404.176         8.03511e-05         8.46641e-05              179.74             252.015          D=0.121s E=1.664s T=1.786s            REJECTED
