    # Iter                 dir              h norm                Cost            New Cost              r norm          r_new norm
         1        -2.68004e-09             96932.4              23.667             31.5147             475.236             618.595          D=0.125s E=1.691s T=1.816s            REJECTED
         2        -2.12673e-09               96803              23.667             24.4781             475.236              511.21          D=0.122s E=1.684s T=1.807s            REJECTED
         3        -1.71175e-09             96033.7              23.667             22.0577             475.236             439.991          D=0.122s E=1.683s T=1.806s            ACCEPTED
         4         -2.7409e-09             91478.6             22.0577             22.7595             439.991             572.751          D=0.125s E=1.692s T=1.817s            REJECTED
         5        -2.15277e-09               91159             22.0577             20.3533             439.991             506.303          D=0.122s E=1.689s T=1.811s            ACCEPTED
         6         -1.1776e-08             89486.4             20.3533             29.6755             506.303             604.866          D=0.122s E=1.689s T=1.811s            REJECTED
         7        -6.67612e-09             88999.6             20.3533              20.002             506.303             509.999          D=0.209s E=1.687s T=1.897s            ACCEPTED
         8        -1.27514e-08             76738.5              20.002             15.9572             509.999             518.874           D=0.13s E=1.688s T=1.818s            ACCEPTED
         9        -8.12558e-09             75442.3             15.9572             13.9717             518.874             526.994          D=0.122s E=1.678s T=1.801s            ACCEPTED
        10        -5.78659e-09             69998.7             13.9717             12.2133             526.994             405.386           D=0.12s E=1.682s T=1.803s            ACCEPTED
        11        -3.34597e-09             68137.2             12.2133             11.0234             405.386             393.803          D=0.121s E=1.691s T=1.813s            ACCEPTED
        12        -2.37927e-09             65015.2             11.0234             10.0449             393.803             337.314          D=0.123s E=1.687s T=1.811s            ACCEPTED
        13        -1.98476e-09             62808.6             10.0449             9.22055             337.314             338.346          D=0.121s E=1.686s T=1.808s            ACCEPTED
        14        -2.42375e-09               60710             9.22055             8.82284             338.346             368.193          D=0.122s E=1.685s T=1.807s            ACCEPTED
        15        -1.03361e-08             57688.7             8.82284             10.9958             368.193             554.373          D=0.127s E=1.677s T=1.805s            REJECTED
        16        -5.92869e-09             57108.9             8.82284             7.95483             368.193             386.635          D=0.123s E=1.692s T=1.816s            ACCEPTED
        17        -5.29827e-09             53958.8             7.95483             7.06971             386.635             318.737          D=0.121s E=1.686s T=1.807s            ACCEPTED
        18        -3.79296e-09             51911.6             7.06971              6.3631             318.737             305.225          D=0.127s E=1.682s T=1.809s            ACCEPTED
        19         -2.7999e-09             49574.7              6.3631             5.77584             305.225             267.886          D=0.121s E=1.678s T=1.799s            ACCEPTED
        20        -2.24618e-09             47667.9             5.77584             5.27484             267.886             257.161           D=0.12s E=1.675s T=1.796s            ACCEPTED
        21        -2.03663e-09             45775.7             5.27484             4.84334             257.161             243.061          D=0.122s E=1.693s T=1.815s            ACCEPTED
        22        -2.45385e-09             44146.8             4.84334              4.5396             243.061               266.8          D=0.121s E=1.676s T=1.798s            ACCEPTED
        23        -5.23197e-09             41986.2              4.5396             4.49745               266.8             287.414          D=0.123s E=1.681s T=1.805s            ACCEPTED
        24        -9.54732e-09             38990.2             4.49745             3.73852             287.414             251.311          D=0.122s E=1.681s T=1.803s            ACCEPTED
        25         -4.2489e-09             37291.7             3.73852             3.27917             251.311             203.051          D=0.122s E=1.676s T=1.798s            ACCEPTED
        26        -2.04425e-09             35925.8             3.27917             2.98426             203.051             186.337            D=0.121s E=1.679s T=1.8s            ACCEPTED
        27        -1.68665e-09               34865             2.98426             2.75029             186.337             183.062          D=0.122s E=1.681s T=1.804s            ACCEPTED
        28        -3.86722e-09               33741             2.75029             3.56497             183.062             294.595          D=0.122s E=1.689s T=1.811s            REJECTED
        29        -2.64651e-09             33571.3             2.75029             2.69566             183.062             222.694          D=0.122s E=1.679s T=1.802s            ACCEPTED
        30        -1.01009e-08             31595.1             2.69566             2.97221             222.694             246.289          D=0.122s E=1.675s T=1.797s            REJECTED
        31        -5.78898e-09             31160.1             2.69566             2.30274             222.694             176.125           D=0.121s E=1.68s T=1.802s            ACCEPTED
        32        -2.38409e-09             30034.9             2.30274             2.08228             176.125             160.158          D=0.125s E=1.678s T=1.803s            ACCEPTED
        33        -1.65449e-09             28890.2             2.08228             1.90605             160.158             146.678          D=0.122s E=1.688s T=1.811s            ACCEPTED
        34        -1.74209e-09             28159.8             1.90605             1.79718             146.678              169.84          D=0.122s E=1.699s T=1.821s            ACCEPTED
        35        -7.46342e-09             26883.5             1.79718             2.62556              169.84             243.713          D=0.121s E=1.676s T=1.798s            REJECTED
        36        -4.44528e-09             26676.7             1.79718             1.73723              169.84             175.708          D=0.124s E=1.679s T=1.803s            ACCEPTED
        37        -7.79206e-09             25091.7             1.73723             1.54493             175.708             173.287          D=0.123s E=1.684s T=1.807s            ACCEPTED
        38         -5.6572e-09             23835.2             1.54493             1.33646             173.287             139.857            D=0.12s E=1.68s T=1.801s            ACCEPTED
        39         -2.8175e-09             22874.6             1.33646             1.20297             139.857             128.009          D=0.122s E=1.685s T=1.807s            ACCEPTED
        40        -1.84677e-09             21934.4             1.20297             1.09671             128.009             114.078          D=0.122s E=1.664s T=1.787s            ACCEPTED
        41        -1.84821e-09             21396.4             1.09671             1.04218             114.078             134.957          D=0.122s E=1.675s T=1.798s            ACCEPTED
        42        -8.04887e-09             20417.8             1.04218             1.47585             134.957             189.408            D=0.124s E=1.675s T=1.8s            REJECTED
        43        -4.73354e-09             20238.3             1.04218            0.986044             134.957             133.416          D=0.121s E=1.671s T=1.792s            ACCEPTED
        44          -6.652e-09             19139.4            0.986044            0.883199             133.416             131.224          D=0.121s E=1.686s T=1.808s            ACCEPTED
        45        -5.01144e-09               18233            0.883199            0.774492             131.224             108.235            D=0.12s E=1.669s T=1.79s            ACCEPTED
        46        -2.84443e-09             17463.3            0.774492            0.698128             108.235             100.011          D=0.121s E=1.673s T=1.794s            ACCEPTED
        47        -1.94493e-09             16740.8            0.698128            0.635608             100.011             88.9261          D=0.122s E=1.684s T=1.807s            ACCEPTED
        48        -1.84108e-09               16251            0.635608            0.593565             88.9261             98.4119          D=0.123s E=1.676s T=1.799s            ACCEPTED
        49        -4.31023e-09             15558.1            0.593565            0.624163             98.4119              116.03           D=0.121s E=1.68s T=1.802s            REJECTED
        50        -2.85214e-09             15380.2            0.593565            0.539184             98.4119             88.3954           D=0.12s E=1.679s T=1.799s            ACCEPTED
        51         -2.4588e-09             14711.2            0.539184            0.491829             88.3954             85.7916          D=0.121s E=1.679s T=1.801s            ACCEPTED
        52        -2.19043e-09               14097            0.491829            0.448945             85.7916             78.4737          D=0.134s E=1.689s T=1.824s            ACCEPTED
        53         -2.1045e-09             13519.3            0.448945            0.412382             78.4737             78.8152           D=0.122s E=1.668s T=1.79s            ACCEPTED
        54        -2.35833e-09             12967.9            0.412382            0.380662             78.8152             76.0355          D=0.121s E=1.675s T=1.797s            ACCEPTED
        55        -3.10419e-09             12394.9            0.380662             0.35457             76.0355             80.6313           D=0.12s E=1.677s T=1.798s            ACCEPTED
        56        -4.36215e-09             11849.4             0.35457            0.331564             80.6313             77.9129          D=0.122s E=1.674s T=1.796s            ACCEPTED
        57        -5.62743e-09             11259.4            0.331564            0.301585             77.9129             78.1241          D=0.122s E=1.686s T=1.808s            ACCEPTED
        58        -4.80305e-09             10741.8            0.301585            0.266922             78.1241             65.6352          D=0.121s E=1.672s T=1.794s            ACCEPTED
        59        -3.08459e-09             10266.7            0.266922            0.240495             65.6352             61.1473          D=0.123s E=1.669s T=1.793s            ACCEPTED
        60        -2.15571e-09             9840.67            0.240495            0.218424             61.1473             54.0203          D=0.121s E=1.672s T=1.794s            ACCEPTED
        61        -1.80715e-09              9459.1            0.218424            0.200295             54.0203             53.5326          D=0.121s E=1.671s T=1.792s            ACCEPTED
        62        -2.48717e-09              9170.2            0.200295            0.201325             53.5326             64.1313          D=0.122s E=1.675s T=1.797s            REJECTED
        63        -1.92697e-09             9087.21            0.200295            0.184512             53.5326             51.8419           D=0.12s E=1.676s T=1.796s            ACCEPTED
        64        -2.71847e-09             8716.99            0.184512            0.175733             51.8419             59.1944          D=0.205s E=1.675s T=1.881s            ACCEPTED
        65        -6.07431e-09             8325.89            0.175733            0.177334             59.1944             63.1185          D=0.121s E=1.656s T=1.778s            REJECTED
        66        -3.73613e-09             8195.63            0.175733            0.153293             59.1944             45.5213          D=0.121s E=1.675s T=1.796s            ACCEPTED
        67        -1.65947e-09             7847.25            0.153293            0.139773             45.5213             41.4439          D=0.122s E=1.676s T=1.798s            ACCEPTED
        68        -1.47184e-09             7678.78            0.139773            0.128807             41.4439             42.3187          D=0.121s E=1.683s T=1.805s            ACCEPTED
        69        -4.72505e-09             7400.03            0.128807            0.252097             42.3187             95.2775           D=0.121s E=1.67s T=1.792s            REJECTED
        70        -3.04423e-09             7373.72            0.128807            0.145028             42.3187             63.9076          D=0.121s E=1.665s T=1.787s            REJECTED
        71        -1.78362e-09             7219.74            0.128807            0.117397             42.3187              39.216           D=0.121s E=1.67s T=1.792s            ACCEPTED
        72        -1.72066e-09             7043.34            0.117397            0.110665              39.216             42.9071          D=0.121s E=1.671s T=1.793s            ACCEPTED
        73        -6.52289e-09             6731.79            0.110665            0.149134             42.9071             70.6925          D=0.122s E=1.681s T=1.804s            REJECTED
        74        -3.95125e-09             6671.45            0.110665            0.104926             42.9071             47.3209          D=0.122s E=1.674s T=1.797s            ACCEPTED
        75        -5.69275e-09             6354.56            0.104926           0.0956147             47.3209             42.5583           D=0.122s E=1.688s T=1.81s            ACCEPTED
        76        -5.09481e-09              6042.2           0.0956147           0.0847614             42.5583             39.7014          D=0.123s E=1.683s T=1.807s            ACCEPTED
        77        -3.21655e-09             5789.37           0.0847614           0.0759372             39.7014             33.5583          D=0.128s E=1.678s T=1.806s            ACCEPTED
        78        -2.15051e-09             5536.21           0.0759372           0.0690126             33.5583             31.4989            D=0.121s E=1.679s T=1.8s            ACCEPTED
        79        -1.75464e-09             5327.12           0.0690126           0.0631362             31.4989             29.1798          D=0.122s E=1.679s T=1.801s            ACCEPTED
        80        -2.48298e-09             5171.96           0.0631362           0.0662416             29.1798             41.6169           D=0.126s E=1.67s T=1.797s            REJECTED
        81        -1.91965e-09             5133.65           0.0631362           0.0588492             29.1798             31.9485          D=0.121s E=1.671s T=1.792s            ACCEPTED
        82        -3.63796e-09             4918.65           0.0588492           0.0580577             31.9485             34.7112           D=0.122s E=1.68s T=1.803s            ACCEPTED
        83        -7.22078e-09              4638.7           0.0580577           0.0514492             34.7112             33.4754          D=0.121s E=1.672s T=1.793s            ACCEPTED
        84        -4.75352e-09             4432.22           0.0514492           0.0448293             33.4754             26.5343          D=0.122s E=1.674s T=1.797s            ACCEPTED
        85        -2.42385e-09             4236.36           0.0448293           0.0404804             26.5343             24.2232           D=0.12s E=1.675s T=1.796s            ACCEPTED
        86        -1.69195e-09             4066.77           0.0404804           0.0369219             24.2232             21.7116           D=0.125s E=1.68s T=1.805s            ACCEPTED
        87        -1.77656e-09              3960.9           0.0369219           0.0352138             21.7116             26.3971          D=0.122s E=1.673s T=1.795s            ACCEPTED
        88        -8.08516e-09             3793.32           0.0352138           0.0531963             26.3971             39.5446          D=0.122s E=1.666s T=1.788s            REJECTED
        89        -4.73219e-09             3759.83           0.0352138            0.033836             26.3971             26.4425          D=0.125s E=1.661s T=1.787s            ACCEPTED
        90        -6.55693e-09             3553.34            0.033836           0.0296714             26.4425             24.6406          D=0.122s E=1.666s T=1.789s            ACCEPTED
        91        -3.89529e-09                3402           0.0296714           0.0262063             24.6406             20.0127          D=0.121s E=1.671s T=1.792s            ACCEPTED
        92         -2.2021e-09             3252.14           0.0262063            0.023752             20.0127             18.4485          D=0.122s E=1.682s T=1.805s            ACCEPTED
        93        -1.67499e-09             3128.78            0.023752           0.0217041             18.4485             16.9134           D=0.124s E=1.69s T=1.814s            ACCEPTED
        94        -2.04444e-09             3041.04           0.0217041           0.0215121             16.9134             22.3049           D=0.121s E=1.688s T=1.81s            ACCEPTED
        95        -1.02752e-08             2898.51           0.0215121           0.0279049             22.3049             28.3766          D=0.122s E=1.706s T=1.829s            REJECTED
        96        -5.84006e-09             2862.14           0.0215121           0.0189059             22.3049             18.4248          D=0.125s E=1.708s T=1.834s            ACCEPTED
        97        -3.66537e-09             2726.42           0.0189059           0.0168697             18.4248             16.8052          D=0.125s E=1.693s T=1.818s            ACCEPTED
        98         -2.2655e-09             2614.23           0.0168697           0.0152685             16.8052             14.5552           D=0.128s E=1.71s T=1.839s            ACCEPTED
        99        -1.75459e-09              2507.2           0.0152685           0.0139614             14.5552             14.0677          D=0.127s E=1.697s T=1.825s            ACCEPTED
       100        -2.18157e-09             2440.37           0.0139614           0.0140041             14.0677             17.2312          D=0.121s E=1.674s T=1.796s            REJECTED
       101        -1.76524e-09             2420.85           0.0139614           0.0128996             14.0677             13.9932          D=0.125s E=1.667s T=1.792s            ACCEPTED
       102        -3.34538e-09             2327.12           0.0128996           0.0135578             13.9932             19.1824          D=0.124s E=1.692s T=1.816s            REJECTED
       103        -2.35065e-09             2302.85           0.0128996           0.0118625             13.9932             14.1546           D=0.121s E=1.68s T=1.801s            ACCEPTED
       104        -2.57331e-09             2206.12           0.0118625           0.0108961             14.1546             13.2478          D=0.122s E=1.684s T=1.807s            ACCEPTED
       105        -2.88849e-09                2108           0.0108961           0.0100468             13.2478             13.5723          D=0.121s E=1.676s T=1.798s            ACCEPTED
       106        -3.26443e-09             2019.94           0.0100468          0.00924715             13.5723             12.6613          D=0.169s E=1.667s T=1.837s            ACCEPTED
       107        -3.71539e-09              1928.6          0.00924715          0.00853513             12.6613              13.028          D=0.121s E=1.707s T=1.829s            ACCEPTED
       108        -4.00848e-09             1846.79          0.00853513          0.00779179              13.028             11.7871          D=0.125s E=1.677s T=1.803s            ACCEPTED
       109        -3.87506e-09             1761.76          0.00779179          0.00709396             11.7871             11.6375          D=0.124s E=1.684s T=1.809s            ACCEPTED
       110        -3.39073e-09              1688.1          0.00709396          0.00642625             11.6375             10.2834          D=0.121s E=1.679s T=1.801s            ACCEPTED
       111        -2.87795e-09             1612.53          0.00642625          0.00585078             10.2834             10.0026          D=0.123s E=1.667s T=1.791s            ACCEPTED
       112        -2.47251e-09             1545.53          0.00585078          0.00532367             10.0026             8.96658          D=0.121s E=1.681s T=1.803s            ACCEPTED
       113        -2.19455e-09             1477.63          0.00532367          0.00486429             8.96658             8.75195          D=0.123s E=1.675s T=1.798s            ACCEPTED
       114        -2.05382e-09             1417.82          0.00486429           0.0044511             8.75195              8.0994          D=0.126s E=1.689s T=1.816s            ACCEPTED
       115        -2.19716e-09             1359.26           0.0044511          0.00411674              8.0994             8.45589          D=0.126s E=1.716s T=1.843s            ACCEPTED
       116        -2.87302e-09             1302.43          0.00411674          0.00382974             8.45589             8.20956          D=0.125s E=1.695s T=1.821s            ACCEPTED
       117        -4.14674e-09              1243.5          0.00382974          0.00361832             8.20956             8.98209          D=0.123s E=1.707s T=1.831s            ACCEPTED
       118        -5.39783e-09             1187.32          0.00361832          0.00326823             8.98209             7.87476          D=0.123s E=1.709s T=1.833s            ACCEPTED
       119        -4.43733e-09             1130.16          0.00326823          0.00291653             7.87476              7.3673          D=0.126s E=1.679s T=1.806s            ACCEPTED
       120        -2.93072e-09             1083.39          0.00291653          0.00262485              7.3673             6.29875          D=0.131s E=1.672s T=1.803s            ACCEPTED
       121        -2.09997e-09             1035.36          0.00262485          0.00238798             6.29875             5.94556          D=0.125s E=1.691s T=1.816s            ACCEPTED
       122        -1.77718e-09              996.59          0.00238798          0.00218658             5.94556             5.55261          D=0.124s E=1.693s T=1.817s            ACCEPTED
       123        -2.79771e-09             966.491          0.00218658          0.00240896             5.55261             8.44437          D=0.122s E=1.686s T=1.809s            REJECTED
       124        -2.07253e-09             959.477          0.00218658          0.00205436             5.55261             6.24739            D=0.122s E=1.7s T=1.822s            ACCEPTED
       125        -4.42774e-09             919.177          0.00205436          0.00207792             6.24739             6.89171          D=0.124s E=1.712s T=1.836s            REJECTED
       126        -2.89619e-09             906.032          0.00205436          0.00183446             6.24739             5.12073          D=0.135s E=1.714s T=1.849s            ACCEPTED
       127        -1.76523e-09             865.987          0.00183446          0.00167097             5.12073             4.74651          D=0.128s E=1.697s T=1.826s            ACCEPTED
       128        -1.69302e-09             845.509          0.00167097          0.00157395             4.74651             5.20756           D=0.13s E=1.701s T=1.831s            ACCEPTED
       129        -6.31853e-09              808.78          0.00157395           0.0021464             5.20756             8.85932          D=0.124s E=1.689s T=1.813s            REJECTED
       130         -3.8415e-09             801.521          0.00157395          0.00149802             5.20756             5.80693          D=0.122s E=1.694s T=1.816s            ACCEPTED
       131        -5.62428e-09             764.422          0.00149802          0.00136633             5.80693             5.18703          D=0.127s E=1.687s T=1.814s            ACCEPTED
       132        -4.98681e-09             726.903          0.00136633          0.00121142             5.18703             4.82677          D=0.129s E=1.678s T=1.808s            ACCEPTED
       133        -3.11611e-09              696.63          0.00121142           0.0010858             4.82677             4.05861          D=0.123s E=1.709s T=1.833s            ACCEPTED
       134        -2.09642e-09              665.68           0.0010858         0.000986902             4.05861             3.80776          D=0.128s E=1.713s T=1.842s            ACCEPTED
       135        -1.73862e-09             641.272         0.000986902          0.00090383             3.80776             3.56091          D=0.132s E=1.725s T=1.858s            ACCEPTED
       136        -2.74333e-09             621.907          0.00090383         0.000996136             3.56091               5.458           D=0.13s E=1.697s T=1.827s            REJECTED
       137        -2.04477e-09               617.5          0.00090383         0.000849927             3.56091              4.0361          D=0.131s E=1.722s T=1.854s            ACCEPTED
       138        -4.54174e-09             591.572         0.000849927         0.000869427              4.0361             4.50037          D=0.124s E=1.718s T=1.843s            REJECTED
       139        -2.95294e-09             583.309         0.000849927         0.000759721              4.0361             3.32565          D=0.128s E=1.714s T=1.842s            ACCEPTED
       140         -1.8482e-09             557.385         0.000759721         0.000691504             3.32565              3.0929           D=0.127s E=1.702s T=1.83s            ACCEPTED
       141        -1.81776e-09             544.014         0.000691504         0.000659367              3.0929             3.47368          D=0.121s E=1.686s T=1.807s            ACCEPTED
       142        -8.01127e-09             519.952         0.000659367         0.000970848             3.47368             6.13424          D=0.123s E=1.679s T=1.803s            REJECTED
       143        -4.69211e-09              515.09         0.000659367          0.00062877             3.47368             3.87082          D=0.121s E=1.675s T=1.797s            ACCEPTED
       144        -5.90558e-09             490.354          0.00062877         0.000553716             3.87082             3.18673          D=0.122s E=1.672s T=1.795s            ACCEPTED
       145        -3.79016e-09             467.256         0.000553716         0.000493504             3.18673             2.92456          D=0.127s E=1.683s T=1.811s            ACCEPTED
       146        -2.33054e-09             448.025         0.000493504         0.000446245             2.92456              2.5104           D=0.121s E=1.689s T=1.81s            ACCEPTED
       147        -1.78095e-09             429.361         0.000446245         0.000407803              2.5104             2.42678          D=0.123s E=1.688s T=1.811s            ACCEPTED
       148        -2.18553e-09             418.016         0.000407803         0.000409056             2.42678             2.95793          D=0.124s E=1.684s T=1.809s            REJECTED
       149        -1.76486e-09             414.609         0.000407803         0.000376637             2.42678             2.39817           D=0.124s E=1.686s T=1.81s            ACCEPTED
       150        -3.54871e-09             399.094         0.000376637         0.000416094             2.39817             3.56562          D=0.122s E=1.691s T=1.813s            REJECTED
       151        -2.44991e-09             395.381         0.000376637         0.000349932             2.39817             2.55609           D=0.126s E=1.684s T=1.81s            ACCEPTED
       152        -3.43189e-09             378.772         0.000349932         0.000327997             2.55609             2.48108          D=0.124s E=1.708s T=1.833s            ACCEPTED
       153        -5.04283e-09             361.124         0.000327997          0.00030876             2.48108             2.70263            D=0.125s E=1.7s T=1.826s            ACCEPTED
       154        -5.62777e-09             344.574          0.00030876         0.000272335             2.70263             2.21931          D=0.155s E=1.711s T=1.867s            ACCEPTED
       155        -3.64261e-09             328.412         0.000272335         0.000243474             2.21931             2.05588          D=0.127s E=1.692s T=1.819s            ACCEPTED
       156        -2.32737e-09             314.894         0.000243474         0.000220299             2.05588             1.76872          D=0.122s E=1.691s T=1.813s            ACCEPTED
       157        -1.81658e-09             301.874         0.000220299         0.000201443             1.76872             1.72486           D=0.128s E=1.712s T=1.84s            ACCEPTED
       158         -2.3854e-09              293.77         0.000201443         0.000207438             1.72486             2.16596           D=0.122s E=1.718s T=1.84s            REJECTED
       159          -1.865e-09             291.444         0.000201443         0.000186734             1.72486             1.72164          D=0.125s E=1.698s T=1.823s            ACCEPTED
       160        -3.50009e-09             279.434         0.000186734         0.000190026             1.72164             2.25711          D=0.122s E=1.695s T=1.817s            REJECTED
       161        -2.42713e-09             275.948         0.000186734         0.000169722             1.72164             1.64748          D=0.208s E=1.688s T=1.897s            ACCEPTED
       162        -1.98408e-09              264.66         0.000169722          0.00015475             1.64748             1.48053           D=0.207s E=1.703s T=1.91s            ACCEPTED
       163        -2.13412e-09             255.625          0.00015475         0.000146414             1.48053              1.7195          D=0.206s E=1.697s T=1.903s            ACCEPTED
       164        -5.29816e-09             244.961         0.000146414          0.00015536              1.7195              1.9613          D=0.212s E=1.701s T=1.914s            REJECTED
       165        -3.33305e-09             241.642         0.000146414         0.000130558              1.7195             1.41028          D=0.129s E=1.704s T=1.833s            ACCEPTED
       166          -2.088e-09             230.781         0.000130558         0.000118567             1.41028             1.31697          D=0.159s E=1.703s T=1.863s            ACCEPTED
       167        -1.78732e-09             223.444         0.000118567         0.000109436             1.31697             1.29261          D=0.125s E=1.703s T=1.829s            ACCEPTED
       168        -4.68539e-09             215.905         0.000109436         0.000161063             1.29261             2.52536          D=0.182s E=1.701s T=1.884s            REJECTED
       169        -3.01796e-09             214.592         0.000109436         0.000109684             1.29261             1.67842          D=0.123s E=1.719s T=1.842s            ACCEPTED
       170        -7.78592e-09             203.733         0.000109684         0.000100735             1.67842             1.48379           D=0.122s E=1.698s T=1.82s            ACCEPTED
       171         -6.6325e-09              192.91         0.000100735         8.56926e-05             1.48379             1.29327           D=0.122s E=1.698s T=1.82s            ACCEPTED
       172         -2.9323e-09              185.01         8.56926e-05         7.64254e-05             1.29327             1.04577          D=0.121s E=1.692s T=1.813s            ACCEPTED
       173        -1.76662e-09             176.978         7.64254e-05         6.96302e-05             1.04577            0.977022          D=0.133s E=1.684s T=1.817s            ACCEPTED
       174        -1.73239e-09             172.743         6.96302e-05         6.58903e-05            0.977022             1.08022          D=0.127s E=1.699s T=1.826s            ACCEPTED
       175        -7.89706e-09             165.405         6.58903e-05         0.000109329             1.08022               2.145          D=0.126s E=1.703s T=1.829s            REJECTED
       176        -4.63168e-09             164.111         6.58903e-05         6.59357e-05             1.08022              1.3373          D=0.206s E=1.705s T=1.912s            ACCEPTED
       177        -7.50835e-09             155.419         6.59357e-05         5.57651e-05              1.3373             1.01157          D=0.207s E=1.705s T=1.913s            ACCEPTED
       178        -3.62275e-09             148.138         5.57651e-05         4.94541e-05             1.01157            0.906405          D=0.123s E=1.704s T=1.827s            ACCEPTED
       179        -2.00973e-09              142.05         4.94541e-05         4.48165e-05            0.906405            0.773835          D=0.187s E=1.695s T=1.882s            ACCEPTED
       180        -1.93027e-09              138.43         4.48165e-05         4.32147e-05            0.773835            0.978143          D=0.124s E=1.718s T=1.843s            ACCEPTED
       181        -9.21047e-09             132.726         4.32147e-05         6.70306e-05            0.978143             1.44368          D=0.166s E=1.701s T=1.867s            REJECTED
       182        -5.29441e-09             131.469         4.32147e-05         4.11649e-05            0.978143            0.936577          D=0.124s E=1.709s T=1.834s            ACCEPTED
       183        -7.01417e-09             124.701         4.11649e-05         3.70121e-05            0.936577            0.942018          D=0.205s E=1.711s T=1.917s            ACCEPTED
       184        -5.31907e-09             119.411         3.70121e-05         3.24704e-05            0.942018            0.753535          D=0.127s E=1.701s T=1.828s            ACCEPTED
       185        -3.22114e-09             113.953         3.24704e-05         2.91924e-05            0.753535            0.707033          D=0.206s E=1.705s T=1.912s            ACCEPTED
       186        -2.20979e-09             109.322         2.91924e-05         2.64927e-05            0.707033             0.61489            D=0.142s E=1.7s T=1.843s            ACCEPTED
       187        -2.67117e-09             106.302         2.64927e-05         2.77467e-05             0.61489            0.893009            D=0.147s E=1.7s T=1.848s            REJECTED
       188        -2.00846e-09             105.391         2.64927e-05          2.4585e-05             0.61489            0.664819          D=0.174s E=1.709s T=1.883s            ACCEPTED
       189        -6.33572e-09             102.146          2.4585e-05         4.43856e-05            0.664819             1.19416          D=0.123s E=1.702s T=1.826s            REJECTED
       190        -3.84511e-09             101.558          2.4585e-05         2.59966e-05            0.664819            0.793958           D=0.123s E=1.706s T=1.83s            REJECTED
       191        -1.97716e-09             98.1724          2.4585e-05         2.20654e-05            0.664819            0.512046          D=0.208s E=1.718s T=1.927s            ACCEPTED
       192        -1.34697e-09             96.7963         2.20654e-05         2.01887e-05            0.512046            0.489237          D=0.123s E=1.696s T=1.819s            ACCEPTED
       193        -1.40514e-09             93.5791         2.01887e-05         1.87394e-05            0.489237            0.562014          D=0.206s E=1.712s T=1.919s            ACCEPTED
       194        -1.32295e-08             89.8408         1.87394e-05         0.000186363            0.562014             2.30816          D=0.124s E=1.703s T=1.827s            REJECTED
       195        -7.28983e-09             89.6866         1.87394e-05         5.58022e-05            0.562014             1.33535          D=0.142s E=1.712s T=1.854s            REJECTED
       196        -2.83509e-09              88.772         1.87394e-05         1.82166e-05            0.562014            0.604968          D=0.129s E=1.713s T=1.843s            ACCEPTED
       197        -8.99822e-09             84.7224         1.82166e-05         2.19945e-05            0.604968            0.902209          D=0.129s E=1.718s T=1.848s            REJECTED
       198         -5.1958e-09             83.5853         1.82166e-05         1.59551e-05            0.604968            0.553427          D=0.127s E=1.705s T=1.832s            ACCEPTED
       199        -2.86501e-09             80.1447         1.59551e-05         1.43273e-05            0.553427            0.460017           D=0.124s E=1.69s T=1.814s            ACCEPTED
       200        -3.03142e-09             77.9607         1.43273e-05         1.51099e-05            0.460017            0.665465           D=0.13s E=1.698s T=1.829s            ACCEPTED
       201         -1.4705e-08             74.3683         1.51099e-05         1.89976e-05            0.665465            0.751307              D=0.17s E=1.7s T=1.87s            REJECTED
       202        -8.07593e-09             73.2474         1.51099e-05         1.22252e-05            0.665465            0.454563          D=0.168s E=1.697s T=1.866s            ACCEPTED
       203        -2.70773e-09             69.8602         1.22252e-05         1.09382e-05            0.454563            0.402827          D=0.143s E=1.693s T=1.837s            ACCEPTED
       204        -2.11427e-09             68.3187         1.09382e-05         1.06059e-05            0.402827            0.455393           D=0.208s E=1.69s T=1.898s            ACCEPTED
       205        -2.72927e-08             65.7301         1.06059e-05         0.000102781            0.455393             2.16464          D=0.138s E=1.691s T=1.829s            REJECTED
       206         -1.4339e-08             65.5045         1.06059e-05         2.87274e-05            0.455393             1.16699            D=0.124s E=1.7s T=1.824s            REJECTED
       207        -4.62377e-09              64.183         1.06059e-05         9.35046e-06            0.455393            0.417944          D=0.125s E=1.705s T=1.831s            ACCEPTED
       208         -2.6873e-09              61.591         9.35046e-06         8.44374e-06            0.417944            0.354998            D=0.135s E=1.7s T=1.835s            ACCEPTED
       209        -3.35602e-09             59.8803         8.44374e-06         9.40074e-06            0.354998            0.552624           D=0.167s E=1.692s T=1.86s            ACCEPTED
       210        -1.85871e-08             57.0532         9.40074e-06         1.19807e-05            0.552624            0.604807            D=0.131s E=1.7s T=1.831s            REJECTED
       211        -1.00371e-08             56.1489         9.40074e-06          7.1897e-06            0.552624            0.347856           D=0.15s E=1.704s T=1.854s            ACCEPTED
       212        -2.58781e-09             53.5243          7.1897e-06         6.42855e-06            0.347856            0.302543            D=0.146s E=1.7s T=1.846s            ACCEPTED
       213        -1.82625e-09             52.3982         6.42855e-06          6.0789e-06            0.302543            0.327937          D=0.124s E=1.688s T=1.813s            ACCEPTED
       214         -1.5741e-08             50.4469          6.0789e-06         3.38154e-05            0.327937             1.27568          D=0.207s E=1.693s T=1.901s            REJECTED
       215        -8.55362e-09             50.2647          6.0789e-06         1.12589e-05            0.327937            0.716376          D=0.205s E=1.704s T=1.909s            REJECTED
       216        -3.16307e-09             49.1986          6.0789e-06         5.42656e-06            0.327937            0.296785           D=0.205s E=1.71s T=1.915s            ACCEPTED
       217        -2.91567e-09             48.0358         5.42656e-06          5.6558e-06            0.296785            0.362866          D=0.206s E=1.702s T=1.908s            ACCEPTED
       218        -2.54511e-08             45.9209          5.6558e-06         1.92538e-05            0.362866            0.970828          D=0.124s E=1.712s T=1.837s            REJECTED
       219        -1.34462e-08             45.5525          5.6558e-06         6.70176e-06            0.362866            0.515282          D=0.124s E=1.717s T=1.842s            REJECTED
       220        -4.44249e-09             43.4606          5.6558e-06         4.58474e-06            0.362866            0.267285          D=0.129s E=1.702s T=1.831s            ACCEPTED
       221        -2.45357e-09             43.4687         4.58474e-06         4.21336e-06            0.267285            0.274785          D=0.124s E=1.717s T=1.841s            ACCEPTED
       222        -5.13116e-09             42.2437         4.21336e-06         5.93459e-06            0.274785            0.421652          D=0.122s E=1.682s T=1.805s            REJECTED
       223        -3.24236e-09             41.9419         4.21336e-06         4.12062e-06            0.274785             0.29308          D=0.124s E=1.689s T=1.813s            ACCEPTED
       224        -2.63868e-08             40.4222         4.12062e-06         2.66083e-05             0.29308               1.133          D=0.131s E=1.721s T=1.852s            REJECTED
       225        -1.38942e-08             40.2288         4.12062e-06         7.91241e-06             0.29308            0.609162           D=0.13s E=1.711s T=1.841s            REJECTED
       226        -4.52467e-09              39.106         4.12062e-06         3.46894e-06             0.29308            0.216221           D=0.123s E=1.687s T=1.81s            ACCEPTED
       227        -1.54865e-09             38.4525         3.46894e-06         3.20428e-06            0.216221            0.218861          D=0.131s E=1.701s T=1.832s            ACCEPTED
       228         -5.3017e-09             37.0834         3.20428e-06         6.32773e-06            0.218861            0.545001          D=0.208s E=1.706s T=1.915s            REJECTED
       229          -3.325e-09             36.9255         3.20428e-06         3.58138e-06            0.218861            0.344517          D=0.122s E=1.694s T=1.817s            ACCEPTED
       230        -6.60625e-08             35.5408         3.58138e-06         5.75031e-05            0.344517             1.27749          D=0.152s E=1.707s T=1.859s            REJECTED
       231        -3.37761e-08             35.3853         3.58138e-06         1.34643e-05            0.344517            0.651801          D=0.123s E=1.698s T=1.821s            REJECTED
       232        -9.56136e-09             34.4806         3.58138e-06         2.69368e-06            0.344517            0.203102          D=0.209s E=1.714s T=1.924s            ACCEPTED
       233        -2.14818e-09             33.1811         2.69368e-06         2.44876e-06            0.203102            0.193934          D=0.176s E=1.718s T=1.895s            ACCEPTED
       234        -2.44818e-09             32.3534         2.44876e-06         2.49407e-06            0.193934            0.235807          D=0.127s E=1.715s T=1.842s            ACCEPTED
       235        -5.50022e-08             31.0827         2.49407e-06         5.50485e-05            0.235807             1.59029          D=0.128s E=1.698s T=1.827s            REJECTED
       236        -2.82119e-08             30.9911         2.49407e-06         1.34539e-05            0.235807            0.820497          D=0.131s E=1.702s T=1.833s            REJECTED
       237        -8.11915e-09             30.4524         2.49407e-06         2.24002e-06            0.235807            0.242625          D=0.126s E=1.699s T=1.825s            ACCEPTED
       238        -1.08917e-08             29.5057         2.24002e-06         2.89092e-06            0.242625            0.293725          D=0.125s E=1.712s T=1.838s            ACCEPTED
       239        -3.82484e-08             27.9926         2.89092e-06         4.55151e-06            0.293725            0.475314          D=0.124s E=1.732s T=1.857s            REJECTED
       240        -1.99627e-08             27.5432         2.89092e-06           1.819e-06            0.293725            0.206976          D=0.128s E=1.718s T=1.847s            ACCEPTED
       241        -3.96227e-09             26.4967           1.819e-06         1.57486e-06            0.206976            0.149235          D=0.143s E=1.709s T=1.853s            ACCEPTED
       242        -2.31107e-09             25.8683         1.57486e-06         1.54148e-06            0.149235              0.1957          D=0.186s E=1.701s T=1.887s            ACCEPTED
       243        -2.86525e-08              24.991         1.54148e-06         1.46024e-05              0.1957            0.653898           D=0.148s E=1.711s T=1.86s            REJECTED
       244        -1.50216e-08             24.8998         1.54148e-06         4.04891e-06              0.1957             0.36373          D=0.127s E=1.719s T=1.846s            REJECTED
       245        -4.79849e-09             24.3665         1.54148e-06         1.33604e-06              0.1957            0.146127           D=0.123s E=1.726s T=1.85s            ACCEPTED
       246        -4.22705e-09             23.7027         1.33604e-06         1.53563e-06            0.146127            0.234816          D=0.125s E=1.721s T=1.846s            ACCEPTED
       247        -1.03384e-07             22.9113         1.53563e-06         5.33606e-05            0.234816             1.34902           D=0.123s E=1.706s T=1.83s            REJECTED
       248        -5.24502e-08             22.8369         1.53563e-06         1.21428e-05            0.234816              0.5984          D=0.209s E=1.707s T=1.917s            REJECTED
       249        -1.42498e-08             22.4008         1.53563e-06         1.25241e-06            0.234816            0.169783           D=0.124s E=1.706s T=1.83s            ACCEPTED
       250         -1.2173e-08             21.5057         1.25241e-06          1.4031e-06            0.169783             0.23534           D=0.124s E=1.72s T=1.845s            ACCEPTED
       251        -3.30379e-08             20.7464          1.4031e-06         2.62911e-06             0.23534            0.294551           D=0.125s E=1.714s T=1.84s            REJECTED
       252        -1.73107e-08             20.4579          1.4031e-06         1.03327e-06             0.23534            0.152082          D=0.126s E=1.706s T=1.833s            ACCEPTED
       253         -9.9944e-09             19.6551         1.03327e-06         1.05074e-06            0.152082            0.191389          D=0.129s E=1.726s T=1.856s            ACCEPTED
       254        -4.89236e-08             19.1313         1.05074e-06         8.28352e-06            0.191389             0.49733           D=0.143s E=1.696s T=1.84s            REJECTED
       255        -2.52102e-08             19.0127         1.05074e-06         2.07293e-06            0.191389             0.26184          D=0.126s E=1.703s T=1.829s            REJECTED
       256        -7.42518e-09              18.331         1.05074e-06         7.75142e-07            0.191389            0.105696          D=0.127s E=1.708s T=1.835s            ACCEPTED
       257        -1.66918e-09             18.0887         7.75142e-07         7.14133e-07            0.105696            0.102967          D=0.128s E=1.698s T=1.826s            ACCEPTED
       258        -4.19142e-09             17.4877         7.14133e-07         1.04299e-06            0.102967            0.213798          D=0.123s E=1.711s T=1.835s            ACCEPTED
       259         -3.4949e-07             16.8661         1.04299e-06          0.00020409            0.213798             2.81227           D=0.133s E=1.717s T=1.85s            REJECTED
       260        -1.75596e-07             16.8348         1.04299e-06         4.70567e-05            0.213798             1.29938           D=0.21s E=1.707s T=1.917s            REJECTED
       261        -4.51751e-08             16.6498         1.04299e-06         2.10642e-06            0.213798            0.262746           D=0.211s E=1.709s T=1.92s            REJECTED
       262         -7.1358e-09             15.1002         1.04299e-06         7.53498e-07            0.213798            0.163072          D=0.127s E=1.705s T=1.833s            ACCEPTED
       263        -9.45297e-09             15.5798         7.53498e-07         5.47614e-07            0.163072           0.0850873          D=0.124s E=1.708s T=1.832s            ACCEPTED
       264        -1.70341e-09             15.2561         5.47614e-07         5.10024e-07           0.0850873           0.0971109            D=0.127s E=1.7s T=1.827s            ACCEPTED
       265         -7.6744e-09             14.7452         5.10024e-07         1.29542e-06           0.0971109            0.207038           D=0.122s E=1.708s T=1.83s            ACCEPTED
       266        -3.78961e-07             13.9756         1.29542e-06         8.67145e-05            0.207038             1.97643          D=0.129s E=1.698s T=1.828s            REJECTED
       267         -1.9062e-07             13.9207         1.29542e-06         1.79493e-05            0.207038            0.929598          D=0.124s E=1.709s T=1.833s            REJECTED
       268        -4.93645e-08             13.6001         1.29542e-06         5.47778e-07            0.207038            0.143361          D=0.129s E=1.709s T=1.838s            ACCEPTED
       269        -1.29786e-08             13.1637         5.47778e-07         4.03085e-07            0.143361             0.08689          D=0.129s E=1.738s T=1.868s            ACCEPTED
       270         -8.0114e-09             12.8058         4.03085e-07         5.57175e-07             0.08689            0.157789          D=0.124s E=1.713s T=1.837s            ACCEPTED
       271        -1.79702e-07             12.4109         5.57175e-07         2.78085e-05            0.157789               1.028          D=0.127s E=1.708s T=1.835s            REJECTED
       272        -9.06946e-08             12.3677         5.57175e-07         6.05204e-06            0.157789            0.436297          D=0.124s E=1.729s T=1.854s            REJECTED
       273        -2.39393e-08             12.1147         5.57175e-07          3.8732e-07            0.157789           0.0986407          D=0.123s E=1.715s T=1.839s            ACCEPTED
       274         -2.9104e-08             11.7197          3.8732e-07         1.22019e-06           0.0986407            0.258572          D=0.126s E=1.698s T=1.825s            ACCEPTED
       275        -1.84877e-07             11.3287         1.22019e-06         8.02451e-06            0.258572            0.525498          D=0.124s E=1.717s T=1.842s            REJECTED
       276        -9.37978e-08             11.2035         1.22019e-06         1.09875e-06            0.258572            0.190248          D=0.127s E=1.709s T=1.836s            ACCEPTED
       277        -8.42408e-08             10.4706         1.09875e-06         6.75752e-07            0.190248            0.190343           D=0.21s E=1.694s T=1.905s            ACCEPTED
       278        -5.64193e-08             10.1911         6.75752e-07         4.33413e-07            0.190343            0.118307          D=0.123s E=1.714s T=1.837s            ACCEPTED
       279        -3.83282e-08             9.63849         4.33413e-07         3.28693e-07            0.118307            0.122352          D=0.127s E=1.721s T=1.848s            ACCEPTED
       280        -7.71156e-08             9.46637         3.28693e-07         2.42438e-06            0.122352            0.268895          D=0.126s E=1.718s T=1.844s            REJECTED
       281         -3.9403e-08             9.38879         3.28693e-07         5.16687e-07            0.122352            0.131359           D=0.13s E=1.732s T=1.863s            ACCEPTED
       282        -2.60614e-07             8.97877         5.16687e-07         1.59992e-05            0.131359            0.885461          D=0.133s E=1.716s T=1.849s            REJECTED
       283        -1.31426e-07             8.92945         5.16687e-07         3.07213e-06            0.131359            0.404676           D=0.13s E=1.695s T=1.825s            REJECTED
       284        -3.45345e-08             8.64452         5.16687e-07         1.73177e-07            0.131359           0.0450277          D=0.126s E=1.721s T=1.848s            ACCEPTED
       285        -1.35419e-09             8.58139         1.73177e-07         1.58526e-07           0.0450277             0.04463          D=0.124s E=1.702s T=1.827s            ACCEPTED
       286        -1.50452e-09             8.29503         1.58526e-07         1.50607e-07             0.04463           0.0520527           D=0.124s E=1.71s T=1.834s            ACCEPTED
       287        -3.46729e-08             7.94461         1.50607e-07         4.09915e-06           0.0520527            0.393568          D=0.123s E=1.703s T=1.827s            REJECTED
       288        -1.80201e-08             7.93157         1.50607e-07         1.04943e-06           0.0520527            0.209483          D=0.127s E=1.686s T=1.813s            ACCEPTED
       289        -9.89887e-07             7.72729         1.04943e-06          0.00014041            0.209483             2.07139          D=0.123s E=1.701s T=1.824s            REJECTED
       290        -4.96807e-07             7.70202         1.04943e-06         2.97469e-05            0.209483            0.930815          D=0.123s E=1.696s T=1.819s            REJECTED
       291        -1.26998e-07              7.5538         1.04943e-06         5.33905e-07            0.209483            0.132757          D=0.143s E=1.719s T=1.862s            ACCEPTED
       292        -8.65012e-08             7.00505         5.33905e-07         2.88605e-07            0.132757            0.110279          D=0.134s E=1.706s T=1.841s            ACCEPTED
       293        -5.58798e-08             6.85693         2.88605e-07         2.11355e-07            0.110279           0.0834658           D=0.127s E=1.692s T=1.82s            ACCEPTED
       294        -1.26986e-07             6.57163         2.11355e-07         2.20055e-06           0.0834658            0.289333          D=0.131s E=1.715s T=1.847s            REJECTED
       295        -6.44666e-08             6.51859         2.11355e-07         4.06664e-07           0.0834658             0.13168           D=0.126s E=1.71s T=1.836s            ACCEPTED
       296        -3.94641e-07             6.41706         4.06664e-07         1.56461e-05             0.13168            0.665992          D=0.133s E=1.704s T=1.838s            REJECTED
       297        -1.98714e-07             6.38234         4.06664e-07          2.9488e-06             0.13168            0.283559          D=0.126s E=1.701s T=1.828s            REJECTED
       298         -5.1769e-08             6.18166         4.06664e-07         8.51522e-08             0.13168           0.0316169          D=0.128s E=1.725s T=1.853s            ACCEPTED
       299        -1.35626e-09              6.0191         8.51522e-08          7.7948e-08           0.0316169           0.0313659          D=0.128s E=1.724s T=1.852s            ACCEPTED
       300        -1.54181e-09             5.81616          7.7948e-08         7.47901e-08           0.0313659           0.0373804          D=0.124s E=1.771s T=1.896s            ACCEPTED
