    # Iter                 dir              h norm                Cost            New Cost              r norm          r_new norm
         1           -0.893834            0.289428             0.61985            0.504144            0.090166           0.0835814          D=0.041s E=0.103s T=0.144s            ACCEPTED
         2           -0.789467            0.227845            0.504144            0.417576           0.0835814           0.0760471           D=0.04s E=0.102s T=0.142s            ACCEPTED
         3           -0.757773            0.188593            0.417576            0.350017           0.0760471           0.0661837          D=0.041s E=0.101s T=0.142s            ACCEPTED
         4           -0.733038            0.159678            0.350017            0.296404           0.0661837           0.0533592              D=0.04s E=0.1s T=0.14s            ACCEPTED
         5           -0.719777            0.136725            0.296404            0.253571           0.0533592           0.0432528          D=0.041s E=0.107s T=0.148s            ACCEPTED
         6           -0.719347            0.117825            0.253571            0.219094           0.0432528           0.0373522           D=0.042s E=0.11s T=0.152s            ACCEPTED
         7           -0.727105            0.102084            0.219094            0.191064           0.0373522           0.0298227           D=0.04s E=0.101s T=0.142s            ACCEPTED
         8           -0.737662           0.0895536            0.191064            0.168316           0.0298227           0.0249437           D=0.04s E=0.101s T=0.142s            ACCEPTED
         9           -0.748859           0.0810766            0.168316            0.150275           0.0249437           0.0232517          D=0.041s E=0.106s T=0.147s            ACCEPTED
        10           -0.745048           0.0731317            0.150275            0.136388           0.0232517           0.0217934           D=0.04s E=0.107s T=0.147s            ACCEPTED
        11            -0.69283           0.0656247            0.136388            0.125778           0.0217934           0.0235081          D=0.041s E=0.105s T=0.147s            ACCEPTED
        12           -0.603747           0.0589023            0.125778            0.117432           0.0235081           0.0354222           D=0.04s E=0.105s T=0.145s            ACCEPTED
        13           -0.523821           0.0532909            0.117432            0.110544           0.0354222           0.0446113           D=0.04s E=0.108s T=0.149s            ACCEPTED
        14           -0.467158           0.0490059            0.110544            0.104588           0.0446113           0.0516533           D=0.04s E=0.102s T=0.142s            ACCEPTED
        15           -0.430532           0.0460724            0.104588           0.0992356           0.0516533           0.0568538              D=0.04s E=0.1s T=0.14s            ACCEPTED
        16           -0.404525           0.0442301           0.0992356           0.0942789           0.0568538           0.0609885           D=0.04s E=0.107s T=0.148s            ACCEPTED
        17           -0.383289           0.0434561           0.0942789           0.0895879           0.0609885           0.0638274           D=0.04s E=0.102s T=0.142s            ACCEPTED
        18           -0.363578            0.043643           0.0895879           0.0850826           0.0638274           0.0669243           D=0.04s E=0.108s T=0.149s            ACCEPTED
        19            -0.34416           0.0446027           0.0850826           0.0807268           0.0669243           0.0674463           D=0.04s E=0.106s T=0.147s            ACCEPTED
        20           -0.325522           0.0460068           0.0807268            0.076519           0.0674463           0.0743431           D=0.04s E=0.106s T=0.147s            ACCEPTED
        21           -0.308785           0.0474773            0.076519           0.0727268           0.0743431           0.0820079           D=0.04s E=0.105s T=0.146s            ACCEPTED
        22           -0.317513           0.0669324           0.0727268           0.0666016           0.0820079           0.0904439           D=0.04s E=0.103s T=0.144s            ACCEPTED
        23           -0.391654            0.240659           0.0666016           0.0882968           0.0904439            0.269174          D=0.043s E=0.106s T=0.149s            REJECTED
        24           -0.431271            0.115656           0.0666016           0.0740543           0.0904439            0.161543          D=0.041s E=0.102s T=0.143s            REJECTED
        25           -0.447802           0.0316804           0.0666016           0.0660326           0.0904439           0.0814051            D=0.04s E=0.11s T=0.151s            ACCEPTED
        26           -0.344558            0.017239           0.0660326           0.0647327           0.0814051           0.0734406           D=0.04s E=0.106s T=0.146s            ACCEPTED
        27           -0.338912            0.013123           0.0647327           0.0624572           0.0734406           0.0574962           D=0.04s E=0.106s T=0.146s            ACCEPTED
        28           -0.422696           0.0219707           0.0624572           0.0599996           0.0574962           0.0518935           D=0.04s E=0.102s T=0.143s            ACCEPTED
        29           -0.334742           0.0421221           0.0599996           0.0571646           0.0518935            0.063834          D=0.041s E=0.102s T=0.144s            ACCEPTED
        30           -0.329403           0.0402022           0.0571646           0.0551223            0.063834           0.0760362           D=0.04s E=0.106s T=0.147s            ACCEPTED
        31           -0.397944            0.106038           0.0551223           0.0513295           0.0760362           0.0876557           D=0.04s E=0.103s T=0.143s            ACCEPTED
        32           -0.567119            0.181918           0.0513295           0.0684434           0.0876557            0.211898             D=0.04s E=0.11s T=0.15s            REJECTED
        33           -0.585813           0.0879928           0.0513295           0.0527674           0.0876557           0.0736393           D=0.04s E=0.105s T=0.146s            REJECTED
        34           -0.495887           0.0254033           0.0513295           0.0504849           0.0876557           0.0801605           D=0.04s E=0.103s T=0.144s            ACCEPTED
        35           -0.429408           0.0195906           0.0504849           0.0498545           0.0801605           0.0745775           D=0.04s E=0.107s T=0.147s            ACCEPTED
        36           -0.384397               0.016           0.0498545            0.049288           0.0745775           0.0701186           D=0.04s E=0.108s T=0.148s            ACCEPTED
        37            -0.35916           0.0138302            0.049288           0.0483391           0.0701186           0.0617013           D=0.04s E=0.103s T=0.143s            ACCEPTED
        38            -0.35434           0.0114044           0.0483391           0.0469845           0.0617013           0.0484136           D=0.04s E=0.108s T=0.148s            ACCEPTED
        39           -0.487495           0.0126507           0.0469845           0.0455559           0.0484136           0.0360256           D=0.04s E=0.104s T=0.144s            ACCEPTED
        40           -0.463234           0.0197764           0.0455559           0.0440598           0.0360256           0.0389323           D=0.04s E=0.106s T=0.146s            ACCEPTED
        41           -0.440138            0.022248           0.0440598            0.042496           0.0389323           0.0357017           D=0.04s E=0.105s T=0.145s            ACCEPTED
        42           -0.422705           0.0243624            0.042496           0.0409439           0.0357017            0.040572           D=0.04s E=0.106s T=0.146s            ACCEPTED
        43           -0.410844           0.0251333           0.0409439           0.0394034            0.040572           0.0386663           D=0.04s E=0.106s T=0.146s            ACCEPTED
        44           -0.410104             0.02568           0.0394034           0.0380915           0.0386663           0.0492983           D=0.04s E=0.106s T=0.146s            ACCEPTED
        45           -0.423085           0.0339884           0.0380915           0.0371267           0.0492983           0.0523747           D=0.04s E=0.105s T=0.145s            ACCEPTED
        46           -0.504206           0.0635784           0.0371267            0.035928           0.0523747           0.0648494           D=0.04s E=0.104s T=0.144s            ACCEPTED
        47           -0.564503           0.0714251            0.035928           0.0364057           0.0648494           0.0682181          D=0.113s E=0.116s T=0.229s            REJECTED
        48           -0.567326           0.0384266            0.035928           0.0347785           0.0648494           0.0389559           D=0.04s E=0.105s T=0.145s            ACCEPTED
        49           -0.428198           0.0094816           0.0347785           0.0338239           0.0389559           0.0327686           D=0.04s E=0.109s T=0.149s            ACCEPTED
        50            -0.37677           0.0281828           0.0338239            0.032509           0.0327686             0.03676           D=0.04s E=0.104s T=0.144s            ACCEPTED
        51           -0.368783           0.0274764            0.032509           0.0312146             0.03676           0.0354682           D=0.04s E=0.105s T=0.146s            ACCEPTED
        52           -0.374799           0.0273637           0.0312146           0.0303184           0.0354682           0.0508738           D=0.04s E=0.107s T=0.147s            ACCEPTED
        53           -0.423297           0.0571413           0.0303184           0.0312163           0.0508738            0.070055           D=0.04s E=0.103s T=0.143s            REJECTED
        54           -0.455104           0.0310973           0.0303184           0.0293223           0.0508738           0.0397228          D=0.041s E=0.108s T=0.149s            ACCEPTED
        55           -0.491661           0.0245985           0.0293223           0.0285266           0.0397228           0.0424523           D=0.04s E=0.105s T=0.145s            ACCEPTED
        56           -0.463122           0.0227058           0.0285266           0.0276558           0.0424523           0.0333551           D=0.04s E=0.104s T=0.144s            ACCEPTED
        57           -0.489309           0.0174896           0.0276558           0.0269265           0.0333551           0.0356211          D=0.039s E=0.105s T=0.145s            ACCEPTED
