 Iter     h_norm         step size         Cost         New_Cost       r_norm     r_new_norm      T_time        Status
    1        0.21813            0.8     0.431204       0.393975      0.21813         0.208539   T=2.79931s   ACCEPTED
    2       0.208539            0.8     0.393975       0.359955     0.208539         0.199297   T=2.97925s   ACCEPTED
    3       0.199297            0.8     0.359955       0.328888     0.199297         0.190396   T=2.98875s   ACCEPTED
    4       0.190396            0.8     0.328888       0.300539     0.190396          0.18183   T=2.97166s   ACCEPTED
    5        0.18183            0.8     0.300539       0.274688      0.18183         0.173591   T=2.96179s   ACCEPTED
    6       0.173591            0.8     0.274688        0.25113     0.173591         0.165673   T=2.9719s   ACCEPTED
    7       0.165673            0.8      0.25113       0.229676     0.165673         0.158067   T=2.96665s   ACCEPTED
    8       0.158067            0.8     0.229676       0.210149     0.158067         0.150769   T=2.95086s   ACCEPTED
    9       0.150769            0.8     0.210149       0.192386     0.150769         0.143769   T=2.63993s   ACCEPTED
   10       0.143769            0.8     0.192386       0.176236     0.143769         0.137063   T=2.6946s   ACCEPTED
   11       0.137063            0.8     0.176236       0.161559     0.137063         0.130641   T=2.7351s   ACCEPTED
   12       0.130641            0.8     0.161559       0.148226     0.130641         0.124499   T=2.971s   ACCEPTED
   13       0.124499            0.8     0.148226       0.136119     0.124499         0.118629   T=2.6845s   ACCEPTED
   14       0.118629            0.8     0.136119       0.125127     0.118629         0.113022   T=2.66831s   ACCEPTED
   15       0.113022            0.8     0.125127       0.115149     0.113022         0.107674   T=2.72037s   ACCEPTED
   16       0.107674            0.8     0.115149       0.106094     0.107674         0.102575   T=2.76857s   ACCEPTED
   17       0.102575            0.8     0.106094      0.0978762     0.102575        0.0977195   T=2.70842s   ACCEPTED
   18      0.0977195            0.8    0.0978762      0.0904177    0.0977195        0.0930992   T=2.7768s   ACCEPTED
   19      0.0930992            0.8    0.0904177      0.0836475    0.0930992        0.0887069   T=2.81859s   ACCEPTED
   20      0.0887069            0.8    0.0836475      0.0775007    0.0887069         0.084535   T=2.90683s   ACCEPTED
   21       0.084535            0.8    0.0775007      0.0719178     0.084535        0.0805761   T=2.80951s   ACCEPTED
   22      0.0805761            0.8    0.0719178      0.0668451    0.0805761        0.0768224   T=2.72119s   ACCEPTED
   23      0.0768224            0.8    0.0668451      0.0622332    0.0768224        0.0732664   T=2.67449s   ACCEPTED
   24      0.0732664            0.8    0.0622332      0.0580378    0.0732664        0.0699005   T=2.83324s   ACCEPTED
   25      0.0699005            0.8    0.0580378      0.0542182    0.0699005        0.0667171   T=2.90688s   ACCEPTED
   26      0.0667171            0.8    0.0542182      0.0507378    0.0667171        0.0637086   T=2.62577s   ACCEPTED
   27      0.0637086            0.8    0.0507378      0.0475634    0.0637086        0.0608674   T=2.71464s   ACCEPTED
   28      0.0608674            0.8    0.0475634      0.0446651    0.0608674        0.0581862   T=2.79873s   ACCEPTED
   29      0.0581862            0.8    0.0446651      0.0420156    0.0581862        0.0556575   T=2.78434s   ACCEPTED
   30      0.0556575            0.8    0.0420156      0.0395907    0.0556575        0.0532741   T=2.75744s   ACCEPTED
   31      0.0532741            0.8    0.0395907      0.0373683    0.0532741        0.0510288   T=2.77911s   ACCEPTED
   32      0.0510288            0.8    0.0373683      0.0353285    0.0510288        0.0489146   T=2.70717s   ACCEPTED
   33      0.0489146            0.8    0.0353285      0.0334535    0.0489146        0.0469247   T=2.85815s   ACCEPTED
   34      0.0469247            0.8    0.0334535      0.0317273    0.0469247        0.0450523   T=2.79478s   ACCEPTED
   35      0.0450523            0.8    0.0317273      0.0301355    0.0450523        0.0432908   T=2.7474s   ACCEPTED
   36      0.0432908            0.8    0.0301355      0.0286651    0.0432908        0.0416341   T=2.70285s   ACCEPTED
   37      0.0416341            0.8    0.0286651      0.0273045    0.0416341         0.040076   T=2.76905s   ACCEPTED
   38       0.040076            0.8    0.0273045      0.0260432     0.040076        0.0386105   T=2.8164s   ACCEPTED
   39      0.0386105            0.8    0.0260432       0.024872    0.0386105        0.0372321   T=2.75799s   ACCEPTED
   40      0.0372321            0.8     0.024872      0.0237825    0.0372321        0.0359352   T=2.73685s   ACCEPTED
   41      0.0359352            0.8    0.0237825      0.0227671    0.0359352        0.0347146   T=2.69615s   ACCEPTED
   42      0.0347146            0.8    0.0227671      0.0218191    0.0347146        0.0335654   T=2.73434s   ACCEPTED
   43      0.0335654            0.8    0.0218191      0.0209324    0.0335654        0.0324829   T=2.75235s   ACCEPTED
   44      0.0324829            0.8    0.0209324      0.0201016    0.0324829        0.0314626   T=2.73081s   ACCEPTED
   45      0.0314626            0.8    0.0201016      0.0193219    0.0314626        0.0305002   T=2.76924s   ACCEPTED
   46      0.0305002            0.8    0.0193219      0.0185889    0.0305002        0.0295918   T=2.68158s   ACCEPTED
   47      0.0295918            0.8    0.0185889      0.0178986    0.0295918        0.0287335   T=2.83223s   ACCEPTED
   48      0.0287335            0.8    0.0178986      0.0172475    0.0287335        0.0279219   T=2.79947s   ACCEPTED
   49      0.0279219            0.8    0.0172475      0.0166324    0.0279219        0.0271536   T=2.72439s   ACCEPTED
   50      0.0271536            0.8    0.0166324      0.0160505    0.0271536        0.0264255   T=2.84185s   ACCEPTED
   51      0.0264255            0.8    0.0160505      0.0154992    0.0264255        0.0257348   T=2.71737s   ACCEPTED
   52      0.0257348            0.8    0.0154992      0.0149762    0.0257348        0.0250788   T=2.88695s   ACCEPTED
   53      0.0250788            0.8    0.0149762      0.0144793    0.0250788        0.0244549   T=2.78156s   ACCEPTED
   54      0.0244549            0.8    0.0144793      0.0140067    0.0244549        0.0238609   T=2.74683s   ACCEPTED
   55      0.0238609            0.8    0.0140067      0.0135567    0.0238609        0.0232946   T=2.68674s   ACCEPTED
   56      0.0232946            0.8    0.0135567      0.0131277    0.0232946        0.0227541   T=2.81273s   ACCEPTED
   57      0.0227541            0.8    0.0131277      0.0127182    0.0227541        0.0222375   T=2.782s   ACCEPTED
   58      0.0222375            0.8    0.0127182       0.012327    0.0222375        0.0217431   T=2.79779s   ACCEPTED
   59      0.0217431            0.8     0.012327      0.0119529    0.0217431        0.0212694   T=2.87542s   ACCEPTED
   60      0.0212694            0.8    0.0119529      0.0115949    0.0212694         0.020815   T=2.94599s   ACCEPTED
   61       0.020815            0.8    0.0115949       0.011252     0.020815        0.0203785   T=2.62584s   ACCEPTED
   62      0.0203785            0.8     0.011252      0.0109232    0.0203785        0.0199587   T=2.68117s   ACCEPTED
   63      0.0199587            0.8    0.0109232      0.0106077    0.0199587        0.0195546   T=2.81126s   ACCEPTED
   64      0.0195546            0.8    0.0106077      0.0103049    0.0195546         0.019165   T=2.7565s   ACCEPTED
   65       0.019165            0.8    0.0103049      0.0100139     0.019165        0.0187892   T=2.7836s   ACCEPTED
   66      0.0187892            0.8    0.0100139     0.00973425    0.0187892        0.0184262   T=2.86488s   ACCEPTED
   67      0.0184262            0.8   0.00973425     0.00946523    0.0184262        0.0180752   T=2.95888s   ACCEPTED
   68      0.0180752            0.8   0.00946523     0.00920633    0.0180752        0.0177355   T=2.69557s   ACCEPTED
   69      0.0177355            0.8   0.00920633     0.00895703    0.0177355        0.0174066   T=2.82827s   ACCEPTED
   70      0.0174066            0.8   0.00895703     0.00871687    0.0174066        0.0170876   T=2.67197s   ACCEPTED
   71      0.0170876            0.8   0.00871687      0.0084854    0.0170876        0.0167782   T=2.87468s   ACCEPTED
   72      0.0167782            0.8    0.0084854     0.00826222    0.0167782        0.0164777   T=2.65225s   ACCEPTED
   73      0.0164777            0.8   0.00826222     0.00804693    0.0164777        0.0161858   T=2.83009s   ACCEPTED
   74      0.0161858            0.8   0.00804693     0.00783919    0.0161858        0.0159019   T=2.68902s   ACCEPTED
   75      0.0159019            0.8   0.00783919     0.00763866    0.0159019        0.0156257   T=2.79452s   ACCEPTED
   76      0.0156257            0.8   0.00763866     0.00744501    0.0156257        0.0153568   T=2.64331s   ACCEPTED
   77      0.0153568            0.8   0.00744501     0.00725796    0.0153568         0.015095   T=2.73406s   ACCEPTED
   78       0.015095            0.8   0.00725796     0.00707722     0.015095        0.0148397   T=2.7978s   ACCEPTED
   79      0.0148397            0.8   0.00707722     0.00690252    0.0148397        0.0145909   T=2.84176s   ACCEPTED
   80      0.0145909            0.8   0.00690252     0.00673363    0.0145909        0.0143481   T=2.63419s   ACCEPTED
   81      0.0143481            0.8   0.00673363      0.0065703    0.0143481        0.0141112   T=2.83792s   ACCEPTED
   82      0.0141112            0.8    0.0065703     0.00641231    0.0141112        0.0138799   T=2.76478s   ACCEPTED
   83      0.0138799            0.8   0.00641231     0.00625944    0.0138799         0.013654   T=2.80296s   ACCEPTED
   84       0.013654            0.8   0.00625944      0.0061115     0.013654        0.0134334   T=2.78214s   ACCEPTED
   85      0.0134334            0.8    0.0061115      0.0059683    0.0134334        0.0132177   T=2.74163s   ACCEPTED
   86      0.0132177            0.8    0.0059683     0.00582965    0.0132177        0.0130069   T=2.86367s   ACCEPTED
   87      0.0130069            0.8   0.00582965     0.00569538    0.0130069        0.0128008   T=2.68639s   ACCEPTED
   88      0.0128008            0.8   0.00569538     0.00556533    0.0128008        0.0125992   T=2.71888s   ACCEPTED
   89      0.0125992            0.8   0.00556533     0.00543933    0.0125992        0.0124019   T=2.80015s   ACCEPTED
   90      0.0124019            0.8   0.00543933     0.00531724    0.0124019         0.012209   T=2.87604s   ACCEPTED
   91       0.012209            0.8   0.00531724     0.00519892     0.012209        0.0120201   T=2.72676s   ACCEPTED
   92      0.0120201            0.8   0.00519892     0.00508422    0.0120201        0.0118353   T=2.77848s   ACCEPTED
   93      0.0118353            0.8   0.00508422     0.00497302    0.0118353        0.0116543   T=2.85776s   ACCEPTED
   94      0.0116543            0.8   0.00497302     0.00486519    0.0116543        0.0114771   T=2.74991s   ACCEPTED
   95      0.0114771            0.8   0.00486519     0.00476061    0.0114771        0.0113036   T=2.70549s   ACCEPTED
   96      0.0113036            0.8   0.00476061     0.00465916    0.0113036        0.0111336   T=2.77004s   ACCEPTED
   97      0.0111336            0.8   0.00465916     0.00456074    0.0111336        0.0109672   T=2.87757s   ACCEPTED
   98      0.0109672            0.8   0.00456074     0.00446524    0.0109672        0.0108041   T=2.86843s   ACCEPTED
   99      0.0108041            0.8   0.00446524     0.00437254    0.0108041        0.0106443   T=2.73205s   ACCEPTED
  100      0.0106443            0.8   0.00437254     0.00428257    0.0106443        0.0104878   T=2.74738s   ACCEPTED
  101      0.0104878            0.8   0.00428257     0.00419522    0.0104878        0.0103344   T=2.73913s   ACCEPTED
  102      0.0103344            0.8   0.00419522      0.0041104    0.0103344        0.0101841   T=2.68266s   ACCEPTED
  103      0.0101841            0.8    0.0041104     0.00402803    0.0101841        0.0100368   T=2.80742s   ACCEPTED
  104      0.0100368            0.8   0.00402803     0.00394802    0.0100368       0.00989237   T=2.92367s   ACCEPTED
  105     0.00989237            0.8   0.00394802      0.0038703   0.00989237       0.00975085   T=2.97181s   ACCEPTED
  106     0.00975085            0.8    0.0038703     0.00379478   0.00975085       0.00961214   T=2.71217s   ACCEPTED
  107     0.00961214            0.8   0.00379478     0.00372138   0.00961214       0.00947616   T=2.85123s   ACCEPTED
  108     0.00947616            0.8   0.00372138     0.00365005   0.00947616       0.00934287   T=2.67165s   ACCEPTED
  109     0.00934287            0.8   0.00365005     0.00358071   0.00934287       0.00921219   T=2.83258s   ACCEPTED
  110     0.00921219            0.8   0.00358071     0.00351329   0.00921219       0.00908408   T=2.64585s   ACCEPTED
  111     0.00908408            0.8   0.00351329     0.00344773   0.00908408       0.00895848   T=2.80799s   ACCEPTED
  112     0.00895848            0.8   0.00344773     0.00338397   0.00895848       0.00883534   T=2.68637s   ACCEPTED
  113     0.00883534            0.8   0.00338397     0.00332195   0.00883534        0.0087146   T=2.68715s   ACCEPTED
  114      0.0087146            0.8   0.00332195     0.00326161    0.0087146       0.00859621   T=2.73077s   ACCEPTED
  115     0.00859621            0.8   0.00326161     0.00320289   0.00859621       0.00848014   T=2.7351s   ACCEPTED
  116     0.00848014            0.8   0.00320289     0.00314575   0.00848014       0.00836632   T=2.72773s   ACCEPTED
  117     0.00836632            0.8   0.00314575     0.00309012   0.00836632       0.00825471   T=2.80563s   ACCEPTED
  118     0.00825471            0.8   0.00309012     0.00303597   0.00825471       0.00814527   T=2.72257s   ACCEPTED
  119     0.00814527            0.8   0.00303597     0.00298325   0.00814527       0.00803796   T=2.92396s   ACCEPTED
  120     0.00803796            0.8   0.00298325      0.0029319   0.00803796       0.00793272   T=2.82803s   ACCEPTED
  121     0.00793272            0.8    0.0029319     0.00288189   0.00793272       0.00782952   T=2.77802s   ACCEPTED
  122     0.00782952            0.8   0.00288189     0.00283316   0.00782952       0.00772831   T=2.75109s   ACCEPTED
  123     0.00772831            0.8   0.00283316     0.00278569   0.00772831       0.00762906   T=2.71928s   ACCEPTED
  124     0.00762906            0.8   0.00278569     0.00273942   0.00762906       0.00753173   T=2.90036s   ACCEPTED
  125     0.00753173            0.8   0.00273942     0.00269433   0.00753173       0.00743628   T=2.67844s   ACCEPTED
  126     0.00743628            0.8   0.00269433     0.00265037   0.00743628       0.00734266   T=2.76904s   ACCEPTED
  127     0.00734266            0.8   0.00265037     0.00260751   0.00734266       0.00725085   T=2.64923s   ACCEPTED
  128     0.00725085            0.8   0.00260751     0.00256571   0.00725085       0.00716081   T=2.93224s   ACCEPTED
  129     0.00716081            0.8   0.00256571     0.00252494   0.00716081       0.00707249   T=2.70403s   ACCEPTED
  130     0.00707249            0.8   0.00252494     0.00248517   0.00707249       0.00698587   T=2.80325s   ACCEPTED
  131     0.00698587            0.8   0.00248517     0.00244637   0.00698587       0.00690092   T=2.65501s   ACCEPTED
  132     0.00690092            0.8   0.00244637      0.0024085   0.00690092       0.00681759   T=2.68468s   ACCEPTED
  133     0.00681759            0.8    0.0024085     0.00237154   0.00681759       0.00673586   T=2.81742s   ACCEPTED
  134     0.00673586            0.8   0.00237154     0.00233546   0.00673586       0.00665569   T=2.78009s   ACCEPTED
  135     0.00665569            0.8   0.00233546     0.00230023   0.00665569       0.00657706   T=2.65552s   ACCEPTED
  136     0.00657706            0.8   0.00230023     0.00226583   0.00657706       0.00649992   T=2.85122s   ACCEPTED
  137     0.00649992            0.8   0.00226583     0.00223222   0.00649992       0.00642426   T=2.78605s   ACCEPTED
  138     0.00642426            0.8   0.00223222      0.0021994   0.00642426       0.00635003   T=2.84673s   ACCEPTED
  139     0.00635003            0.8    0.0021994     0.00216733   0.00635003       0.00627722   T=2.66381s   ACCEPTED
  140     0.00627722            0.8   0.00216733     0.00213598   0.00627722       0.00620579   T=2.83082s   ACCEPTED
  141     0.00620579            0.8   0.00213598     0.00210535   0.00620579       0.00613572   T=2.91243s   ACCEPTED
  142     0.00613572            0.8   0.00210535      0.0020754   0.00613572       0.00606697   T=2.74538s   ACCEPTED
  143     0.00606697            0.8    0.0020754     0.00204612   0.00606697       0.00599951   T=2.76396s   ACCEPTED
  144     0.00599951            0.8   0.00204612     0.00201748   0.00599951       0.00593334   T=2.61952s   ACCEPTED
  145     0.00593334            0.8   0.00201748     0.00198947   0.00593334        0.0058684   T=2.72273s   ACCEPTED
  146      0.0058684            0.8   0.00198947     0.00196207    0.0058684       0.00580469   T=2.83323s   ACCEPTED
  147     0.00580469            0.8   0.00196207     0.00193526   0.00580469       0.00574217   T=2.81985s   ACCEPTED
  148     0.00574217            0.8   0.00193526     0.00190902   0.00574217       0.00568082   T=2.72548s   ACCEPTED
  149     0.00568082            0.8   0.00190902     0.00188334   0.00568082       0.00562062   T=2.81705s   ACCEPTED
  150     0.00562062            0.8   0.00188334      0.0018582   0.00562062       0.00556154   T=2.77592s   ACCEPTED
  151     0.00556154            0.8    0.0018582     0.00183359   0.00556154       0.00550355   T=2.66175s   ACCEPTED
  152     0.00550355            0.8   0.00183359     0.00180948   0.00550355       0.00544664   T=2.83127s   ACCEPTED
  153     0.00544664            0.8   0.00180948     0.00178587   0.00544664       0.00539078   T=2.75897s   ACCEPTED
  154     0.00539078            0.8   0.00178587     0.00176274   0.00539078       0.00533595   T=2.89725s   ACCEPTED
  155     0.00533595            0.8   0.00176274     0.00174008   0.00533595       0.00528213   T=2.68694s   ACCEPTED
  156     0.00528213            0.8   0.00174008     0.00171787   0.00528213        0.0052293   T=2.80409s   ACCEPTED
  157      0.0052293            0.8   0.00171787      0.0016961    0.0052293       0.00517742   T=2.7153s   ACCEPTED
  158     0.00517742            0.8    0.0016961     0.00167476   0.00517742        0.0051265   T=2.77361s   ACCEPTED
  159      0.0051265            0.8   0.00167476     0.00165384    0.0051265       0.00507649   T=2.69763s   ACCEPTED
  160     0.00507649            0.8   0.00165384     0.00163332   0.00507649       0.00502739   T=2.84642s   ACCEPTED
  161     0.00502739            0.8   0.00163332      0.0016132   0.00502739       0.00497917   T=2.67556s   ACCEPTED
  162     0.00497917            0.8    0.0016132     0.00159346   0.00497917       0.00493182   T=2.79229s   ACCEPTED
  163     0.00493182            0.8   0.00159346      0.0015741   0.00493182       0.00488532   T=2.64854s   ACCEPTED
  164     0.00488532            0.8    0.0015741     0.00155509   0.00488532       0.00483964   T=2.82702s   ACCEPTED
  165     0.00483964            0.8   0.00155509     0.00153644   0.00483964       0.00479476   T=2.69276s   ACCEPTED
  166     0.00479476            0.8   0.00153644     0.00151814   0.00479476       0.00475068   T=2.8787s   ACCEPTED
  167     0.00475068            0.8   0.00151814     0.00150016   0.00475068       0.00470738   T=2.74925s   ACCEPTED
  168     0.00470738            0.8   0.00150016     0.00148252   0.00470738       0.00466483   T=2.75259s   ACCEPTED
  169     0.00466483            0.8   0.00148252     0.00146519   0.00466483       0.00462302   T=2.75069s   ACCEPTED
  170     0.00462302            0.8   0.00146519     0.00144816   0.00462302       0.00458193   T=2.75486s   ACCEPTED
  171     0.00458193            0.8   0.00144816     0.00143144   0.00458193       0.00454155   T=2.81733s   ACCEPTED
  172     0.00454155            0.8   0.00143144     0.00141501   0.00454155       0.00450186   T=2.75867s   ACCEPTED
  173     0.00450186            0.8   0.00141501     0.00139887   0.00450186       0.00446284   T=2.76634s   ACCEPTED
  174     0.00446284            0.8   0.00139887     0.00138301   0.00446284       0.00442449   T=2.72439s   ACCEPTED
  175     0.00442449            0.8   0.00138301     0.00136741   0.00442449       0.00438678   T=2.75255s   ACCEPTED
  176     0.00438678            0.8   0.00136741     0.00135208   0.00438678        0.0043497   T=2.74467s   ACCEPTED
  177      0.0043497            0.8   0.00135208     0.00133701    0.0043497       0.00431323   T=2.89223s   ACCEPTED
  178     0.00431323            0.8   0.00133701     0.00132219   0.00431323       0.00427737   T=2.70784s   ACCEPTED
  179     0.00427737            0.8   0.00132219     0.00130761   0.00427737        0.0042421   T=2.8692s   ACCEPTED
  180      0.0042421            0.8   0.00130761     0.00129328    0.0042421        0.0042074   T=2.71312s   ACCEPTED
  181      0.0042074            0.8   0.00129328     0.00127917    0.0042074       0.00417326   T=2.85439s   ACCEPTED
  182     0.00417326            0.8   0.00127917     0.00126529   0.00417326       0.00413967   T=2.73819s   ACCEPTED
  183     0.00413967            0.8   0.00126529     0.00125164   0.00413967       0.00410662   T=2.71845s   ACCEPTED
  184     0.00410662            0.8   0.00125164      0.0012382   0.00410662       0.00407408   T=2.77698s   ACCEPTED
  185     0.00407408            0.8    0.0012382     0.00122498   0.00407408       0.00404207   T=2.70349s   ACCEPTED
  186     0.00404207            0.8   0.00122498     0.00121196   0.00404207       0.00401055   T=2.69616s   ACCEPTED
  187     0.00401055            0.8   0.00121196     0.00119914   0.00401055       0.00397951   T=2.78242s   ACCEPTED
  188     0.00397951            0.8   0.00119914     0.00118652   0.00397951       0.00394896   T=2.74821s   ACCEPTED
  189     0.00394896            0.8   0.00118652     0.00117409   0.00394896       0.00391887   T=2.748s   ACCEPTED
  190     0.00391887            0.8   0.00117409     0.00116185   0.00391887       0.00388923   T=2.67008s   ACCEPTED
  191     0.00388923            0.8   0.00116185      0.0011498   0.00388923       0.00386004   T=2.82689s   ACCEPTED
  192     0.00386004            0.8    0.0011498     0.00113792   0.00386004       0.00383128   T=2.64715s   ACCEPTED
  193     0.00383128            0.8   0.00113792     0.00112622   0.00383128       0.00380294   T=2.85338s   ACCEPTED
  194     0.00380294            0.8   0.00112622     0.00111469   0.00380294       0.00377501   T=2.97364s   ACCEPTED
  195     0.00377501            0.8   0.00111469     0.00110333   0.00377501       0.00374749   T=2.6526s   ACCEPTED
  196     0.00374749            0.8   0.00110333     0.00109214   0.00374749       0.00372037   T=2.8849s   ACCEPTED
  197     0.00372037            0.8   0.00109214     0.00108111   0.00372037       0.00369362   T=2.79784s   ACCEPTED
  198     0.00369362            0.8   0.00108111     0.00107023   0.00369362       0.00366726   T=2.74858s   ACCEPTED
  199     0.00366726            0.8   0.00107023     0.00105951   0.00366726       0.00364126   T=2.91798s   ACCEPTED
  200     0.00364126            0.8   0.00105951     0.00104894   0.00364126       0.00361561   T=2.75404s   ACCEPTED
  201     0.00361561            0.8   0.00104894     0.00103852   0.00361561       0.00359032   T=2.80208s   ACCEPTED
  202     0.00359032            0.8   0.00103852     0.00102824   0.00359032       0.00356537   T=2.5946s   ACCEPTED
  203     0.00356537            0.8   0.00102824     0.00101811   0.00356537       0.00354075   T=2.87246s   ACCEPTED
  204     0.00354075            0.8   0.00101811     0.00100811   0.00354075       0.00351645   T=2.71112s   ACCEPTED
  205     0.00351645            0.8   0.00100811    0.000998256   0.00351645       0.00349248   T=2.78873s   ACCEPTED
  206     0.00349248            0.8   0.000998256    0.000988531   0.00349248       0.00346881   T=2.66169s   ACCEPTED
  207     0.00346881            0.8   0.000988531    0.000978937   0.00346881       0.00344545   T=2.7985s   ACCEPTED
  208     0.00344545            0.8   0.000978937    0.000969472   0.00344545       0.00342238   T=2.8143s   ACCEPTED
  209     0.00342238            0.8   0.000969472    0.000960133   0.00342238       0.00339959   T=2.76964s   ACCEPTED
  210     0.00339959            0.8   0.000960133    0.000950918   0.00339959        0.0033771   T=2.89616s   ACCEPTED
  211      0.0033771            0.8   0.000950918    0.000941824    0.0033771       0.00335487   T=2.77312s   ACCEPTED
  212     0.00335487            0.8   0.000941824     0.00093285   0.00335487       0.00333291   T=2.80062s   ACCEPTED
  213     0.00333291            0.8   0.00093285    0.000923992   0.00333291       0.00331122   T=2.75183s   ACCEPTED
  214     0.00331122            0.8   0.000923992    0.000915249   0.00331122       0.00328978   T=2.76049s   ACCEPTED
  215     0.00328978            0.8   0.000915249    0.000906619   0.00328978       0.00326859   T=2.78434s   ACCEPTED
  216     0.00326859            0.8   0.000906619    0.000898099   0.00326859       0.00324765   T=2.74881s   ACCEPTED
  217     0.00324765            0.8   0.000898099    0.000889689   0.00324765       0.00322694   T=2.69712s   ACCEPTED
  218     0.00322694            0.8   0.000889689    0.000881385   0.00322694       0.00320646   T=2.71662s   ACCEPTED
  219     0.00320646            0.8   0.000881385    0.000873185   0.00320646       0.00318622   T=2.72031s   ACCEPTED
  220     0.00318622            0.8   0.000873185    0.000865089   0.00318622       0.00316619   T=2.8595s   ACCEPTED
  221     0.00316619            0.8   0.000865089    0.000857095   0.00316619       0.00314638   T=2.77209s   ACCEPTED
  222     0.00314638            0.8   0.000857095      0.0008492   0.00314638       0.00312678   T=2.71775s   ACCEPTED
  223     0.00312678            0.8    0.0008492    0.000841403   0.00312678       0.00310739   T=2.7565s   ACCEPTED
  224     0.00310739            0.8   0.000841403    0.000833702   0.00310739        0.0030882   T=2.73922s   ACCEPTED
  225      0.0030882            0.8   0.000833702    0.000826096    0.0030882       0.00306921   T=2.69074s   ACCEPTED
  226     0.00306921            0.8   0.000826096    0.000818583   0.00306921       0.00305041   T=2.82189s   ACCEPTED
  227     0.00305041            0.8   0.000818583    0.000811162   0.00305041       0.00303179   T=2.75367s   ACCEPTED
  228     0.00303179            0.8   0.000811162     0.00080383   0.00303179       0.00301337   T=2.792s   ACCEPTED
  229     0.00301337            0.8   0.00080383    0.000796588   0.00301337       0.00299512   T=2.73139s   ACCEPTED
  230     0.00299512            0.8   0.000796588    0.000789433   0.00299512       0.00297704   T=2.74445s   ACCEPTED
  231     0.00297704            0.8   0.000789433    0.000782364   0.00297704       0.00295914   T=2.74762s   ACCEPTED
  232     0.00295914            0.8   0.000782364     0.00077538   0.00295914        0.0029414   T=2.7755s   ACCEPTED
  233      0.0029414            0.8   0.00077538    0.000768479    0.0029414       0.00292383   T=2.91015s   ACCEPTED
  234     0.00292383            0.8   0.000768479    0.000761661   0.00292383       0.00290642   T=2.80563s   ACCEPTED
  235     0.00290642            0.8   0.000761661    0.000754923   0.00290642       0.00288916   T=2.821s   ACCEPTED
  236     0.00288916            0.8   0.000754923    0.000748265   0.00288916       0.00287206   T=2.83449s   ACCEPTED
  237     0.00287206            0.8   0.000748265    0.000741686   0.00287206       0.00285511   T=2.73143s   ACCEPTED
  238     0.00285511            0.8   0.000741686    0.000735183   0.00285511        0.0028383   T=2.86954s   ACCEPTED
  239      0.0028383            0.8   0.000735183    0.000728758    0.0028383       0.00282164   T=2.9284s   ACCEPTED
  240     0.00282164            0.8   0.000728758    0.000722407   0.00282164       0.00280511   T=3.02525s   ACCEPTED
  241     0.00280511            0.8   0.000722407     0.00071613   0.00280511       0.00278872   T=2.80718s   ACCEPTED
  242     0.00278872            0.8   0.00071613    0.000709927   0.00278872       0.00277247   T=2.9478s   ACCEPTED
  243     0.00277247            0.8   0.000709927    0.000703796   0.00277247       0.00275634   T=2.96666s   ACCEPTED
  244     0.00275634            0.8   0.000703796    0.000697735   0.00275634       0.00274035   T=3.02414s   ACCEPTED
  245     0.00274035            0.8   0.000697735    0.000691745   0.00274035       0.00272448   T=2.90142s   ACCEPTED
  246     0.00272448            0.8   0.000691745    0.000685824   0.00272448       0.00270873   T=2.93328s   ACCEPTED
  247     0.00270873            0.8   0.000685824    0.000679971   0.00270873        0.0026931   T=2.94187s   ACCEPTED
  248      0.0026931            0.8   0.000679971    0.000674186    0.0026931       0.00267759   T=3.02369s   ACCEPTED
  249     0.00267759            0.8   0.000674186    0.000668467   0.00267759       0.00266219   T=3.06518s   ACCEPTED
  250     0.00266219            0.8   0.000668467    0.000662813   0.00266219       0.00264691   T=2.95421s   ACCEPTED
  251     0.00264691            0.8   0.000662813    0.000657224   0.00264691       0.00263174   T=2.96066s   ACCEPTED
  252     0.00263174            0.8   0.000657224    0.000651699   0.00263174       0.00261667   T=2.94499s   ACCEPTED
  253     0.00261667            0.8   0.000651699    0.000646238   0.00261667       0.00260171   T=3.01443s   ACCEPTED
  254     0.00260171            0.8   0.000646238    0.000640838   0.00260171       0.00258685   T=3.01028s   ACCEPTED
  255     0.00258685            0.8   0.000640838      0.0006355   0.00258685        0.0025721   T=3.04938s   ACCEPTED
  256      0.0025721            0.8    0.0006355    0.000630222    0.0025721       0.00255744   T=3.01497s   ACCEPTED
  257     0.00255744            0.8   0.000630222    0.000625005   0.00255744       0.00254289   T=2.94976s   ACCEPTED
  258     0.00254289            0.8   0.000625005    0.000619846   0.00254289       0.00252842   T=2.99874s   ACCEPTED
  259     0.00252842            0.8   0.000619846    0.000614747   0.00252842       0.00251405   T=2.88723s   ACCEPTED
  260     0.00251405            0.8   0.000614747    0.000609705   0.00251405       0.00249978   T=2.90497s   ACCEPTED
  261     0.00249978            0.8   0.000609705     0.00060472   0.00249978       0.00248559   T=2.90329s   ACCEPTED
  262     0.00248559            0.8   0.00060472    0.000599791   0.00248559       0.00247149   T=3.11314s   ACCEPTED
  263     0.00247149            0.8   0.000599791    0.000594918   0.00247149       0.00245748   T=3.02141s   ACCEPTED
  264     0.00245748            0.8   0.000594918    0.000590101   0.00245748       0.00244356   T=2.78591s   ACCEPTED
  265     0.00244356            0.8   0.000590101    0.000585338   0.00244356       0.00242972   T=3.067s   ACCEPTED
  266     0.00242972            0.8   0.000585338    0.000580628   0.00242972       0.00241596   T=2.99054s   ACCEPTED
  267     0.00241596            0.8   0.000580628    0.000575972   0.00241596       0.00240228   T=2.85438s   ACCEPTED
  268     0.00240228            0.8   0.000575972    0.000571368   0.00240228       0.00238868   T=3.01468s   ACCEPTED
  269     0.00238868            0.8   0.000571368    0.000566816   0.00238868       0.00237516   T=3.02149s   ACCEPTED
  270     0.00237516            0.8   0.000566816    0.000562316   0.00237516       0.00236171   T=3.01795s   ACCEPTED
  271     0.00236171            0.8   0.000562316    0.000557867   0.00236171       0.00234834   T=2.93092s   ACCEPTED
  272     0.00234834            0.8   0.000557867    0.000553467   0.00234834       0.00233505   T=3.06365s   ACCEPTED
  273     0.00233505            0.8   0.000553467    0.000549118   0.00233505       0.00232182   T=2.81427s   ACCEPTED
  274     0.00232182            0.8   0.000549118    0.000544817   0.00232182       0.00230867   T=3.0765s   ACCEPTED
  275     0.00230867            0.8   0.000544817    0.000540565   0.00230867       0.00229559   T=3.05929s   ACCEPTED
  276     0.00229559            0.8   0.000540565    0.000536362   0.00229559       0.00228258   T=2.91982s   ACCEPTED
  277     0.00228258            0.8   0.000536362    0.000532205   0.00228258       0.00226964   T=3.03449s   ACCEPTED
  278     0.00226964            0.8   0.000532205    0.000528096   0.00226964       0.00225676   T=2.98291s   ACCEPTED
  279     0.00225676            0.8   0.000528096    0.000524033   0.00225676       0.00224395   T=2.79962s   ACCEPTED
  280     0.00224395            0.8   0.000524033    0.000520016   0.00224395       0.00223121   T=2.81326s   ACCEPTED
  281     0.00223121            0.8   0.000520016    0.000516045   0.00223121       0.00221853   T=2.93605s   ACCEPTED
  282     0.00221853            0.8   0.000516045    0.000512119   0.00221853       0.00220591   T=2.97377s   ACCEPTED
  283     0.00220591            0.8   0.000512119    0.000508237   0.00220591       0.00219335   T=2.95801s   ACCEPTED
  284     0.00219335            0.8   0.000508237    0.000504399   0.00219335       0.00218086   T=3.07791s   ACCEPTED
  285     0.00218086            0.8   0.000504399    0.000500605   0.00218086       0.00216843   T=2.97556s   ACCEPTED
  286     0.00216843            0.8   0.000500605    0.000496854   0.00216843       0.00215606   T=2.9877s   ACCEPTED
  287     0.00215606            0.8   0.000496854    0.000493146   0.00215606       0.00214375   T=2.95332s   ACCEPTED
  288     0.00214375            0.8   0.000493146     0.00048948   0.00214375       0.00213149   T=3.01756s   ACCEPTED
  289     0.00213149            0.8   0.00048948    0.000485856   0.00213149        0.0021193   T=3.01838s   ACCEPTED
  290      0.0021193            0.8   0.000485856    0.000482273    0.0021193       0.00210716   T=3.04475s   ACCEPTED
  291     0.00210716            0.8   0.000482273    0.000478731   0.00210716       0.00209507   T=2.97852s   ACCEPTED
  292     0.00209507            0.8   0.000478731     0.00047523   0.00209507       0.00208305   T=2.99606s   ACCEPTED
  293     0.00208305            0.8   0.00047523    0.000471768   0.00208305       0.00207107   T=2.96881s   ACCEPTED
  294     0.00207107            0.8   0.000471768    0.000468347   0.00207107       0.00205916   T=2.85492s   ACCEPTED
  295     0.00205916            0.8   0.000468347    0.000464965   0.00205916       0.00204729   T=2.94314s   ACCEPTED
  296     0.00204729            0.8   0.000464965    0.000461621   0.00204729       0.00203548   T=3.06221s   ACCEPTED
  297     0.00203548            0.8   0.000461621    0.000458316   0.00203548       0.00202372   T=2.78391s   ACCEPTED
  298     0.00202372            0.8   0.000458316    0.000455049   0.00202372       0.00201202   T=2.9543s   ACCEPTED
  299     0.00201202            0.8   0.000455049     0.00045182   0.00201202       0.00200036   T=2.96889s   ACCEPTED
  300     0.00200036            0.8   0.00045182    0.000448628   0.00200036       0.00198876   T=3.0272s   ACCEPTED
  301     0.00198876            0.8   0.000448628    0.000445473   0.00198876       0.00197721   T=3.06821s   ACCEPTED
  302     0.00197721            0.8   0.000445473    0.000442355   0.00197721       0.00196571   T=2.94108s   ACCEPTED
  303     0.00196571            0.8   0.000442355    0.000439273   0.00196571       0.00195426   T=2.91999s   ACCEPTED
  304     0.00195426            0.8   0.000439273    0.000436226   0.00195426       0.00194285   T=2.97828s   ACCEPTED
  305     0.00194285            0.8   0.000436226    0.000433215   0.00194285        0.0019315   T=3.04377s   ACCEPTED
  306      0.0019315            0.8   0.000433215    0.000430239    0.0019315        0.0019202   T=3.09411s   ACCEPTED
  307      0.0019202            0.8   0.000430239    0.000427298    0.0019202       0.00190894   T=2.84786s   ACCEPTED
  308     0.00190894            0.8   0.000427298    0.000424392   0.00190894       0.00189773   T=3.0276s   ACCEPTED
  309     0.00189773            0.8   0.000424392    0.000421519   0.00189773       0.00188657   T=2.99786s   ACCEPTED
  310     0.00188657            0.8   0.000421519     0.00041868   0.00188657       0.00187546   T=2.84517s   ACCEPTED
  311     0.00187546            0.8   0.00041868    0.000415875   0.00187546        0.0018644   T=2.8617s   ACCEPTED
  312      0.0018644            0.8   0.000415875    0.000413102    0.0018644       0.00185338   T=3.06232s   ACCEPTED
  313     0.00185338            0.8   0.000413102    0.000410362   0.00185338       0.00184241   T=2.89504s   ACCEPTED
  314     0.00184241            0.8   0.000410362    0.000407655   0.00184241       0.00183148   T=2.97164s   ACCEPTED
  315     0.00183148            0.8   0.000407655    0.000404979   0.00183148        0.0018206   T=2.98834s   ACCEPTED
  316      0.0018206            0.8   0.000404979    0.000402335    0.0018206       0.00180976   T=2.89779s   ACCEPTED
  317     0.00180976            0.8   0.000402335    0.000399723   0.00180976       0.00179898   T=3.11495s   ACCEPTED
  318     0.00179898            0.8   0.000399723    0.000397142   0.00179898       0.00178823   T=2.89942s   ACCEPTED
  319     0.00178823            0.8   0.000397142    0.000394591   0.00178823       0.00177753   T=2.93418s   ACCEPTED
  320     0.00177753            0.8   0.000394591    0.000392071   0.00177753       0.00176688   T=3.10836s   ACCEPTED
  321     0.00176688            0.8   0.000392071    0.000389581   0.00176688       0.00175627   T=23.7215s   ACCEPTED
  322     0.00175627            0.8   0.000389581    0.000387121   0.00175627       0.00174571   T=2.63728s   ACCEPTED
  323     0.00174571            0.8   0.000387121     0.00038469   0.00174571       0.00173519   T=2.86407s   ACCEPTED
  324     0.00173519            0.8   0.00038469    0.000382289   0.00173519       0.00172472   T=2.8276s   ACCEPTED
  325     0.00172472            0.8   0.000382289    0.000379916   0.00172472       0.00171429   T=2.89297s   ACCEPTED
  326     0.00171429            0.8   0.000379916    0.000377572   0.00171429        0.0017039   T=2.6329s   ACCEPTED
  327      0.0017039            0.8   0.000377572    0.000375257    0.0017039       0.00169356   T=2.74943s   ACCEPTED
  328     0.00169356            0.8   0.000375257    0.000372969   0.00169356       0.00168326   T=2.72794s   ACCEPTED
  329     0.00168326            0.8   0.000372969    0.000370709   0.00168326         0.001673   T=2.67179s   ACCEPTED
  330       0.001673            0.8   0.000370709    0.000368477     0.001673       0.00166279   T=2.78216s   ACCEPTED
  331     0.00166279            0.8   0.000368477    0.000366272   0.00166279       0.00165262   T=2.66031s   ACCEPTED
  332     0.00165262            0.8   0.000366272    0.000364094   0.00165262        0.0016425   T=2.85319s   ACCEPTED
  333      0.0016425            0.8   0.000364094    0.000361942    0.0016425       0.00163242   T=2.77942s   ACCEPTED
  334     0.00163242            0.8   0.000361942    0.000359817   0.00163242       0.00162238   T=2.6681s   ACCEPTED
  335     0.00162238            0.8   0.000359817    0.000357718   0.00162238       0.00161239   T=2.73243s   ACCEPTED
  336     0.00161239            0.8   0.000357718    0.000355644   0.00161239       0.00160244   T=2.81463s   ACCEPTED
  337     0.00160244            0.8   0.000355644    0.000353596   0.00160244       0.00159253   T=2.62999s   ACCEPTED
  338     0.00159253            0.8   0.000353596    0.000351574   0.00159253       0.00158267   T=2.91092s   ACCEPTED
  339     0.00158267            0.8   0.000351574    0.000349576   0.00158267       0.00157285   T=2.89754s   ACCEPTED
  340     0.00157285            0.8   0.000349576    0.000347603   0.00157285       0.00156307   T=2.81591s   ACCEPTED
  341     0.00156307            0.8   0.000347603    0.000345655   0.00156307       0.00155334   T=2.76545s   ACCEPTED
  342     0.00155334            0.8   0.000345655     0.00034373   0.00155334       0.00154364   T=2.70463s   ACCEPTED
  343     0.00154364            0.8   0.00034373     0.00034183   0.00154364         0.001534   T=2.81306s   ACCEPTED
  344       0.001534            0.8   0.00034183    0.000339953     0.001534       0.00152439   T=2.77738s   ACCEPTED
  345     0.00152439            0.8   0.000339953      0.0003381   0.00152439       0.00151483   T=2.74494s   ACCEPTED
  346     0.00151483            0.8    0.0003381     0.00033627   0.00151483       0.00150531   T=2.75243s   ACCEPTED
  347     0.00150531            0.8   0.00033627    0.000334463   0.00150531       0.00149584   T=2.74097s   ACCEPTED
  348     0.00149584            0.8   0.000334463    0.000332679   0.00149584       0.00148641   T=2.76742s   ACCEPTED
  349     0.00148641            0.8   0.000332679    0.000330917   0.00148641       0.00147702   T=2.70844s   ACCEPTED
  350     0.00147702            0.8   0.000330917    0.000329177   0.00147702       0.00146768   T=2.88904s   ACCEPTED
  351     0.00146768            0.8   0.000329177    0.000327459   0.00146768       0.00145838   T=2.71626s   ACCEPTED
  352     0.00145838            0.8   0.000327459    0.000325763   0.00145838       0.00144912   T=2.76457s   ACCEPTED
  353     0.00144912            0.8   0.000325763    0.000324088   0.00144912       0.00143991   T=2.70273s   ACCEPTED
  354     0.00143991            0.8   0.000324088    0.000322435   0.00143991       0.00143074   T=2.82595s   ACCEPTED
  355     0.00143074            0.8   0.000322435    0.000320803   0.00143074       0.00142161   T=2.70835s   ACCEPTED
  356     0.00142161            0.8   0.000320803    0.000319191   0.00142161       0.00141253   T=2.85508s   ACCEPTED
  357     0.00141253            0.8   0.000319191      0.0003176   0.00141253       0.00140349   T=2.64684s   ACCEPTED
  358     0.00140349            0.8    0.0003176    0.000316029   0.00140349       0.00139449   T=2.89058s   ACCEPTED
  359     0.00139449            0.8   0.000316029    0.000314479   0.00139449       0.00138554   T=2.72508s   ACCEPTED
  360     0.00138554            0.8   0.000314479    0.000312948   0.00138554       0.00137664   T=2.87075s   ACCEPTED
  361     0.00137664            0.8   0.000312948    0.000311436   0.00137664       0.00136777   T=2.84201s   ACCEPTED
  362     0.00136777            0.8   0.000311436    0.000309945   0.00136777       0.00135895   T=2.86613s   ACCEPTED
  363     0.00135895            0.8   0.000309945    0.000308472   0.00135895       0.00135018   T=2.7851s   ACCEPTED
  364     0.00135018            0.8   0.000308472    0.000307018   0.00135018       0.00134145   T=2.71382s   ACCEPTED
  365     0.00134145            0.8   0.000307018    0.000305583   0.00134145       0.00133276   T=2.69992s   ACCEPTED
  366     0.00133276            0.8   0.000305583    0.000304167   0.00133276       0.00132412   T=2.95249s   ACCEPTED
  367     0.00132412            0.8   0.000304167    0.000302769   0.00132412       0.00131552   T=2.79303s   ACCEPTED
  368     0.00131552            0.8   0.000302769    0.000301389   0.00131552       0.00130697   T=2.73212s   ACCEPTED
  369     0.00130697            0.8   0.000301389    0.000300027   0.00130697       0.00129846   T=2.74718s   ACCEPTED
  370     0.00129846            0.8   0.000300027    0.000298682   0.00129846          0.00129   T=2.83579s   ACCEPTED
  371        0.00129            0.8   0.000298682    0.000297356      0.00129       0.00128158   T=2.88578s   ACCEPTED
  372     0.00128158            0.8   0.000297356    0.000296046   0.00128158       0.00127321   T=2.67767s   ACCEPTED
  373     0.00127321            0.8   0.000296046    0.000294753   0.00127321       0.00126488   T=2.79534s   ACCEPTED
  374     0.00126488            0.8   0.000294753    0.000293478   0.00126488        0.0012566   T=2.6251s   ACCEPTED
  375      0.0012566            0.8   0.000293478    0.000292218    0.0012566       0.00124836   T=2.91669s   ACCEPTED
  376     0.00124836            0.8   0.000292218    0.000290976   0.00124836       0.00124017   T=2.76659s   ACCEPTED
  377     0.00124017            0.8   0.000290976    0.000289749   0.00124017       0.00123202   T=2.78437s   ACCEPTED
  378     0.00123202            0.8   0.000289749    0.000288539   0.00123202       0.00122392   T=2.81086s   ACCEPTED
  379     0.00122392            0.8   0.000288539    0.000287345   0.00122392       0.00121586   T=2.75357s   ACCEPTED
  380     0.00121586            0.8   0.000287345    0.000286166   0.00121586       0.00120785   T=2.88471s   ACCEPTED
  381     0.00120785            0.8   0.000286166    0.000285003   0.00120785       0.00119988   T=2.83843s   ACCEPTED
  382     0.00119988            0.8   0.000285003    0.000283855   0.00119988       0.00119197   T=2.74944s   ACCEPTED
  383     0.00119197            0.8   0.000283855    0.000282722   0.00119197       0.00118409   T=2.88716s   ACCEPTED
  384     0.00118409            0.8   0.000282722    0.000281604   0.00118409       0.00117626   T=2.79278s   ACCEPTED
  385     0.00117626            0.8   0.000281604    0.000280501   0.00117626       0.00116848   T=2.72027s   ACCEPTED
  386     0.00116848            0.8   0.000280501    0.000279412   0.00116848       0.00116075   T=2.61594s   ACCEPTED
  387     0.00116075            0.8   0.000279412    0.000278338   0.00116075       0.00115306   T=2.8298s   ACCEPTED
  388     0.00115306            0.8   0.000278338    0.000277278   0.00115306       0.00114541   T=2.71012s   ACCEPTED
  389     0.00114541            0.8   0.000277278    0.000276231   0.00114541       0.00113782   T=2.81559s   ACCEPTED
  390     0.00113782            0.8   0.000276231    0.000275199   0.00113782       0.00113027   T=2.72105s   ACCEPTED
  391     0.00113027            0.8   0.000275199    0.000274181   0.00113027       0.00112276   T=2.8065s   ACCEPTED
  392     0.00112276            0.8   0.000274181    0.000273175   0.00112276        0.0011153   T=2.60231s   ACCEPTED
  393      0.0011153            0.8   0.000273175    0.000272184    0.0011153       0.00110789   T=2.73195s   ACCEPTED
  394     0.00110789            0.8   0.000272184    0.000271205   0.00110789       0.00110053   T=2.83324s   ACCEPTED
  395     0.00110053            0.8   0.000271205    0.000270239   0.00110053       0.00109321   T=2.75908s   ACCEPTED
  396     0.00109321            0.8   0.000270239    0.000269286   0.00109321       0.00108594   T=2.74899s   ACCEPTED
  397     0.00108594            0.8   0.000269286    0.000268346   0.00108594       0.00107872   T=2.76412s   ACCEPTED
  398     0.00107872            0.8   0.000268346    0.000267418   0.00107872       0.00107154   T=2.74075s   ACCEPTED
  399     0.00107154            0.8   0.000267418    0.000266503   0.00107154       0.00106441   T=2.86893s   ACCEPTED
  400     0.00106441            0.8   0.000266503    0.000265599   0.00106441       0.00105732   T=2.77863s   ACCEPTED
  401     0.00105732            0.8   0.000265599    0.000264708   0.00105732       0.00105029   T=2.7605s   ACCEPTED
  402     0.00105029            0.8   0.000264708    0.000263829   0.00105029        0.0010433   T=2.90274s   ACCEPTED
  403      0.0010433            0.8   0.000263829    0.000262961    0.0010433       0.00103636   T=2.70046s   ACCEPTED
  404     0.00103636            0.8   0.000262961    0.000262104   0.00103636       0.00102946   T=2.80666s   ACCEPTED
  405     0.00102946            0.8   0.000262104    0.000261259   0.00102946       0.00102261   T=2.78352s   ACCEPTED
  406     0.00102261            0.8   0.000261259    0.000260425   0.00102261       0.00101581   T=2.76878s   ACCEPTED
  407     0.00101581            0.8   0.000260425    0.000259603   0.00101581       0.00100906   T=2.89143s   ACCEPTED
  408     0.00100906            0.8   0.000259603    0.000258791   0.00100906       0.00100235   T=2.75536s   ACCEPTED
  409     0.00100235            0.8   0.000258791     0.00025799   0.00100235      0.000995691   T=2.81339s   ACCEPTED
  410    0.000995691            0.8   0.00025799    0.000257199   0.000995691      0.000989079   T=2.6376s   ACCEPTED
  411    0.000989079            0.8   0.000257199    0.000256419   0.000989079      0.000982514   T=2.86785s   ACCEPTED
  412    0.000982514            0.8   0.000256419     0.00025565   0.000982514      0.000975997   T=2.66161s   ACCEPTED
  413    0.000975997            0.8   0.00025565     0.00025489   0.000975997      0.000969527   T=2.80034s   ACCEPTED
  414    0.000969527            0.8   0.00025489    0.000254141   0.000969527      0.000963104   T=2.70296s   ACCEPTED
  415    0.000963104            0.8   0.000254141    0.000253401   0.000963104      0.000956729   T=2.847s   ACCEPTED
  416    0.000956729            0.8   0.000253401    0.000252671   0.000956729      0.000950401   T=2.7235s   ACCEPTED
  417    0.000950401            0.8   0.000252671    0.000251951   0.000950401       0.00094412   T=2.78264s   ACCEPTED
  418     0.00094412            0.8   0.000251951     0.00025124   0.00094412      0.000937886   T=2.73621s   ACCEPTED
  419    0.000937886            0.8   0.00025124    0.000250539   0.000937886        0.0009317   T=2.79059s   ACCEPTED
  420      0.0009317            0.8   0.000250539    0.000249847    0.0009317      0.000925561   T=2.7449s   ACCEPTED
  421    0.000925561            0.8   0.000249847    0.000249164   0.000925561      0.000919469   T=2.7321s   ACCEPTED
  422    0.000919469            0.8   0.000249164    0.000248489   0.000919469      0.000913425   T=2.78249s   ACCEPTED
  423    0.000913425            0.8   0.000248489    0.000247824   0.000913425      0.000907428   T=2.77462s   ACCEPTED
  424    0.000907428            0.8   0.000247824    0.000247168   0.000907428      0.000901478   T=2.84778s   ACCEPTED
  425    0.000901478            0.8   0.000247168     0.00024652   0.000901478      0.000895575   T=2.71348s   ACCEPTED
  426    0.000895575            0.8   0.00024652     0.00024588   0.000895575      0.000889719   T=2.87031s   ACCEPTED
  427    0.000889719            0.8   0.00024588    0.000245249   0.000889719       0.00088391   T=2.75063s   ACCEPTED
  428     0.00088391            0.8   0.000245249    0.000244626   0.00088391      0.000878149   T=2.76931s   ACCEPTED
  429    0.000878149            0.8   0.000244626    0.000244011   0.000878149      0.000872434   T=2.75833s   ACCEPTED
  430    0.000872434            0.8   0.000244011    0.000243404   0.000872434      0.000866766   T=2.75403s   ACCEPTED
  431    0.000866766            0.8   0.000243404    0.000242805   0.000866766      0.000861145   T=2.83226s   ACCEPTED
  432    0.000861145            0.8   0.000242805    0.000242214   0.000861145      0.000855571   T=2.68591s   ACCEPTED
  433    0.000855571            0.8   0.000242214     0.00024163   0.000855571      0.000850044   T=2.8357s   ACCEPTED
  434    0.000850044            0.8   0.00024163    0.000241054   0.000850044      0.000844563   T=2.7658s   ACCEPTED
  435    0.000844563            0.8   0.000241054    0.000240485   0.000844563      0.000839129   T=2.84912s   ACCEPTED
  436    0.000839129            0.8   0.000240485    0.000239923   0.000839129      0.000833741   T=2.90427s   ACCEPTED
  437    0.000833741            0.8   0.000239923    0.000239369   0.000833741        0.0008284   T=2.81688s   ACCEPTED
  438      0.0008284            0.8   0.000239369    0.000238822    0.0008284      0.000823105   T=2.82512s   ACCEPTED
  439    0.000823105            0.8   0.000238822    0.000238282   0.000823105      0.000817857   T=2.9246s   ACCEPTED
  440    0.000817857            0.8   0.000238282    0.000237748   0.000817857      0.000812655   T=2.774s   ACCEPTED
  441    0.000812655            0.8   0.000237748    0.000237221   0.000812655      0.000807498   T=2.76561s   ACCEPTED
  442    0.000807498            0.8   0.000237221    0.000236701   0.000807498      0.000802388   T=2.76004s   ACCEPTED
  443    0.000802388            0.8   0.000236701    0.000236188   0.000802388      0.000797324   T=2.7583s   ACCEPTED
  444    0.000797324            0.8   0.000236188    0.000235681   0.000797324      0.000792305   T=2.80597s   ACCEPTED
  445    0.000792305            0.8   0.000235681     0.00023518   0.000792305      0.000787332   T=2.73403s   ACCEPTED
  446    0.000787332            0.8   0.00023518    0.000234686   0.000787332      0.000782405   T=2.85098s   ACCEPTED
  447    0.000782405            0.8   0.000234686    0.000234198   0.000782405      0.000777523   T=2.70817s   ACCEPTED
  448    0.000777523            0.8   0.000234198    0.000233716   0.000777523      0.000772686   T=2.90118s   ACCEPTED
  449    0.000772686            0.8   0.000233716     0.00023324   0.000772686      0.000767894   T=2.73981s   ACCEPTED
  450    0.000767894            0.8   0.00023324    0.000232769   0.000767894      0.000763148   T=2.86649s   ACCEPTED
  451    0.000763148            0.8   0.000232769    0.000232305   0.000763148      0.000758446   T=2.83245s   ACCEPTED
  452    0.000758446            0.8   0.000232305    0.000231846   0.000758446      0.000753789   T=2.64448s   ACCEPTED
  453    0.000753789            0.8   0.000231846    0.000231393   0.000753789      0.000749177   T=2.85885s   ACCEPTED
  454    0.000749177            0.8   0.000231393    0.000230945   0.000749177      0.000744609   T=2.66597s   ACCEPTED
  455    0.000744609            0.8   0.000230945    0.000230503   0.000744609      0.000740086   T=2.85387s   ACCEPTED
  456    0.000740086            0.8   0.000230503    0.000230066   0.000740086      0.000735607   T=2.97656s   ACCEPTED
  457    0.000735607            0.8   0.000230066    0.000229635   0.000735607      0.000731172   T=2.85357s   ACCEPTED
  458    0.000731172            0.8   0.000229635    0.000229208   0.000731172       0.00072678   T=2.84798s   ACCEPTED
  459     0.00072678            0.8   0.000229208    0.000228787   0.00072678      0.000722433   T=2.84615s   ACCEPTED
  460    0.000722433            0.8   0.000228787    0.000228371   0.000722433      0.000718128   T=2.84663s   ACCEPTED
  461    0.000718128            0.8   0.000228371    0.000227959   0.000718128      0.000713868   T=2.66924s   ACCEPTED
  462    0.000713868            0.8   0.000227959    0.000227553   0.000713868       0.00070965   T=2.74284s   ACCEPTED
  463     0.00070965            0.8   0.000227553    0.000227151   0.00070965      0.000705475   T=2.75014s   ACCEPTED
  464    0.000705475            0.8   0.000227151    0.000226754   0.000705475      0.000701344   T=2.79938s   ACCEPTED
  465    0.000701344            0.8   0.000226754    0.000226362   0.000701344      0.000697254   T=2.70354s   ACCEPTED
  466    0.000697254            0.8   0.000226362    0.000225974   0.000697254      0.000693208   T=2.67859s   ACCEPTED
  467    0.000693208            0.8   0.000225974    0.000225591   0.000693208      0.000689203   T=2.84507s   ACCEPTED
  468    0.000689203            0.8   0.000225591    0.000225212   0.000689203      0.000685241   T=2.76313s   ACCEPTED
  469    0.000685241            0.8   0.000225212    0.000224837   0.000685241       0.00068132   T=2.77184s   ACCEPTED
  470     0.00068132            0.8   0.000224837    0.000224467   0.00068132      0.000677441   T=2.88538s   ACCEPTED
  471    0.000677441            0.8   0.000224467    0.000224101   0.000677441      0.000673604   T=2.62446s   ACCEPTED
  472    0.000673604            0.8   0.000224101    0.000223739   0.000673604      0.000669808   T=2.85323s   ACCEPTED
  473    0.000669808            0.8   0.000223739    0.000223381   0.000669808      0.000666053   T=2.83962s   ACCEPTED
  474    0.000666053            0.8   0.000223381    0.000223027   0.000666053      0.000662338   T=2.7945s   ACCEPTED
  475    0.000662338            0.8   0.000223027    0.000222677   0.000662338      0.000658664   T=2.90914s   ACCEPTED
  476    0.000658664            0.8   0.000222677    0.000222331   0.000658664      0.000655031   T=2.70759s   ACCEPTED
  477    0.000655031            0.8   0.000222331    0.000221989   0.000655031      0.000651438   T=2.84213s   ACCEPTED
  478    0.000651438            0.8   0.000221989     0.00022165   0.000651438      0.000647884   T=2.68144s   ACCEPTED
  479    0.000647884            0.8   0.00022165    0.000221315   0.000647884      0.000644371   T=2.78459s   ACCEPTED
  480    0.000644371            0.8   0.000221315    0.000220984   0.000644371      0.000640897   T=2.71203s   ACCEPTED
  481    0.000640897            0.8   0.000220984    0.000220656   0.000640897      0.000637462   T=2.78362s   ACCEPTED
  482    0.000637462            0.8   0.000220656    0.000220332   0.000637462      0.000634066   T=2.71072s   ACCEPTED
  483    0.000634066            0.8   0.000220332    0.000220011   0.000634066      0.000630709   T=2.77759s   ACCEPTED
  484    0.000630709            0.8   0.000220011    0.000219694   0.000630709       0.00062739   T=2.65768s   ACCEPTED
  485     0.00062739            0.8   0.000219694     0.00021938   0.00062739       0.00062411   T=2.79972s   ACCEPTED
  486     0.00062411            0.8   0.00021938    0.000219069   0.00062411      0.000620867   T=2.84051s   ACCEPTED
  487    0.000620867            0.8   0.000219069    0.000218761   0.000620867      0.000617663   T=2.7461s   ACCEPTED
  488    0.000617663            0.8   0.000218761    0.000218457   0.000617663      0.000614496   T=2.94091s   ACCEPTED
  489    0.000614496            0.8   0.000218457    0.000218156   0.000614496      0.000611366   T=2.69383s   ACCEPTED
  490    0.000611366            0.8   0.000218156    0.000217857   0.000611366      0.000608273   T=2.8893s   ACCEPTED
  491    0.000608273            0.8   0.000217857    0.000217562   0.000608273      0.000605217   T=2.99286s   ACCEPTED
  492    0.000605217            0.8   0.000217562     0.00021727   0.000605217      0.000602198   T=3.04036s   ACCEPTED
  493    0.000602198            0.8   0.00021727     0.00021698   0.000602198      0.000599214   T=2.83921s   ACCEPTED
  494    0.000599214            0.8   0.00021698    0.000216694   0.000599214      0.000596267   T=3.021s   ACCEPTED
  495    0.000596267            0.8   0.000216694     0.00021641   0.000596267      0.000593355   T=3.00166s   ACCEPTED
  496    0.000593355            0.8   0.00021641    0.000216129   0.000593355      0.000590479   T=3.11375s   ACCEPTED
  497    0.000590479            0.8   0.000216129    0.000215851   0.000590479      0.000587638   T=2.92901s   ACCEPTED
  498    0.000587638            0.8   0.000215851    0.000215575   0.000587638      0.000584832   T=3.01262s   ACCEPTED
  499    0.000584832            0.8   0.000215575    0.000215302   0.000584832      0.000582061   T=2.97461s   ACCEPTED
  500    0.000582061            0.8   0.000215302    0.000215032   0.000582061      0.000579323   T=2.84115s   ACCEPTED
  501    0.000579323            0.8   0.000215032    0.000214764   0.000579323       0.00057662   T=3.04446s   ACCEPTED
  502     0.00057662            0.8   0.000214764    0.000214499   0.00057662      0.000573951   T=2.78584s   ACCEPTED
  503    0.000573951            0.8   0.000214499    0.000214236   0.000573951      0.000571315   T=3.01158s   ACCEPTED
  504    0.000571315            0.8   0.000214236    0.000213975   0.000571315      0.000568713   T=2.94119s   ACCEPTED
  505    0.000568713            0.8   0.000213975    0.000213717   0.000568713      0.000566143   T=2.94686s   ACCEPTED
  506    0.000566143            0.8   0.000213717    0.000213461   0.000566143      0.000563606   T=2.97172s   ACCEPTED
  507    0.000563606            0.8   0.000213461    0.000213208   0.000563606      0.000561102   T=2.93404s   ACCEPTED
  508    0.000561102            0.8   0.000213208    0.000212956   0.000561102       0.00055863   T=3.10595s   ACCEPTED
  509     0.00055863            0.8   0.000212956    0.000212707   0.00055863      0.000556189   T=2.92641s   ACCEPTED
  510    0.000556189            0.8   0.000212707     0.00021246   0.000556189       0.00055378   T=2.98954s   ACCEPTED
  511     0.00055378            0.8   0.00021246    0.000212215   0.00055378      0.000551402   T=2.91856s   ACCEPTED
  512    0.000551402            0.8   0.000212215    0.000211973   0.000551402      0.000549056   T=2.9168s   ACCEPTED
  513    0.000549056            0.8   0.000211973    0.000211732   0.000549056       0.00054674   T=2.98543s   ACCEPTED
  514     0.00054674            0.8   0.000211732    0.000211493   0.00054674      0.000544454   T=2.85936s   ACCEPTED
  515    0.000544454            0.8   0.000211493    0.000211257   0.000544454      0.000542198   T=2.82211s   ACCEPTED
  516    0.000542198            0.8   0.000211257    0.000211022   0.000542198      0.000539973   T=3.06914s   ACCEPTED
  517    0.000539973            0.8   0.000211022    0.000210789   0.000539973      0.000537776   T=2.95349s   ACCEPTED
  518    0.000537776            0.8   0.000210789    0.000210558   0.000537776      0.000535609   T=3.01321s   ACCEPTED
  519    0.000535609            0.8   0.000210558    0.000210329   0.000535609      0.000533471   T=2.95522s   ACCEPTED
  520    0.000533471            0.8   0.000210329    0.000210102   0.000533471      0.000531362   T=2.83466s   ACCEPTED
  521    0.000531362            0.8   0.000210102    0.000209877   0.000531362      0.000529281   T=2.98351s   ACCEPTED
  522    0.000529281            0.8   0.000209877    0.000209653   0.000529281      0.000527228   T=2.99003s   ACCEPTED
  523    0.000527228            0.8   0.000209653    0.000209431   0.000527228      0.000525203   T=2.96166s   ACCEPTED
  524    0.000525203            0.8   0.000209431    0.000209211   0.000525203      0.000523205   T=2.85629s   ACCEPTED
  525    0.000523205            0.8   0.000209211    0.000208992   0.000523205      0.000521235   T=2.9266s   ACCEPTED
  526    0.000521235            0.8   0.000208992    0.000208775   0.000521235      0.000519292   T=3.13346s   ACCEPTED
  527    0.000519292            0.8   0.000208775     0.00020856   0.000519292      0.000517375   T=2.91846s   ACCEPTED
  528    0.000517375            0.8   0.00020856    0.000208346   0.000517375      0.000515484   T=3.01965s   ACCEPTED
  529    0.000515484            0.8   0.000208346    0.000208134   0.000515484       0.00051362   T=3.01955s   ACCEPTED
  530     0.00051362            0.8   0.000208134    0.000207923   0.00051362      0.000511781   T=2.96955s   ACCEPTED
  531    0.000511781            0.8   0.000207923    0.000207714   0.000511781      0.000509968   T=2.94371s   ACCEPTED
  532    0.000509968            0.8   0.000207714    0.000207507   0.000509968       0.00050818   T=2.96144s   ACCEPTED
  533     0.00050818            0.8   0.000207507      0.0002073   0.00050818      0.000506417   T=3.10602s   ACCEPTED
  534    0.000506417            0.8    0.0002073    0.000207095   0.000506417      0.000504679   T=2.9395s   ACCEPTED
  535    0.000504679            0.8   0.000207095    0.000206892   0.000504679      0.000502964   T=2.97967s   ACCEPTED
  536    0.000502964            0.8   0.000206892     0.00020669   0.000502964      0.000501274   T=2.97818s   ACCEPTED
  537    0.000501274            0.8   0.00020669    0.000206489   0.000501274      0.000499608   T=2.84269s   ACCEPTED
