    # Iter                 dir              h norm                Cost            New Cost              r norm          r_new norm
         1           -0.854609            0.165258            0.634922            0.463111            0.102744           0.0904881           D=0.02s E=0.234s T=0.254s            ACCEPTED
         2           -0.834652             0.42449            0.463111            0.207016           0.0904881           0.0551136           D=0.02s E=0.236s T=0.256s            ACCEPTED
         3           -0.883451            0.314107            0.207016           0.0771138           0.0551136           0.0263393          D=0.019s E=0.232s T=0.252s            ACCEPTED
         4           -0.918867            0.200217           0.0771138           0.0314654           0.0263393           0.0170727          D=0.021s E=0.235s T=0.257s            ACCEPTED
         5           -0.775182            0.106211           0.0314654           0.0197311           0.0170727           0.0127625           D=0.021s E=0.23s T=0.252s            ACCEPTED
         6           -0.312373           0.0577595           0.0197311           0.0169118           0.0127625           0.0187396           D=0.021s E=0.229s T=0.25s            ACCEPTED
         7           -0.137127           0.0579813           0.0169118           0.0157113           0.0187396           0.0215235          D=0.021s E=0.231s T=0.252s            ACCEPTED
         8           -0.106366           0.0575968           0.0157113           0.0147158           0.0215235           0.0225845          D=0.021s E=0.231s T=0.253s            ACCEPTED
         9           -0.137161             0.04616           0.0147158           0.0133358           0.0225845           0.0234883           D=0.02s E=0.231s T=0.251s            ACCEPTED
        10           -0.142617           0.0531115           0.0133358           0.0112947           0.0234883            0.022678          D=0.021s E=0.227s T=0.249s            ACCEPTED
        11           -0.146116            0.157909           0.0112947           0.0205747            0.022678           0.0488892           D=0.021s E=0.229s T=0.25s            REJECTED
        12           -0.170122           0.0920818           0.0112947           0.0133269            0.022678           0.0351281           D=0.02s E=0.225s T=0.245s            REJECTED
        13           -0.173133           0.0440559           0.0112947           0.0103622            0.022678           0.0247358           D=0.02s E=0.227s T=0.247s            ACCEPTED
        14           -0.171253           0.0490473           0.0103622          0.00982725           0.0247358           0.0178101           D=0.02s E=0.227s T=0.248s            ACCEPTED
        15           -0.261336           0.0809367          0.00982725           0.0101257           0.0178101           0.0352251          D=0.021s E=0.226s T=0.247s            REJECTED
        16           -0.216743           0.0478528          0.00982725          0.00901422           0.0178101           0.0237769           D=0.02s E=0.223s T=0.244s            ACCEPTED
        17          -0.0927115           0.0516171          0.00901422          0.00857315           0.0237769            0.018082           D=0.019s E=0.24s T=0.259s            ACCEPTED
        18          -0.0805702           0.0436366          0.00857315          0.00817525            0.018082           0.0199898           D=0.02s E=0.241s T=0.262s            ACCEPTED
        19          -0.0959538           0.0412954          0.00817525          0.00767128           0.0199898            0.017632          D=0.019s E=0.223s T=0.243s            ACCEPTED
        20           -0.131654           0.0455413          0.00767128          0.00698509            0.017632           0.0262668          D=0.019s E=0.239s T=0.259s            ACCEPTED
        21           -0.204002            0.133041          0.00698509           0.0135117           0.0262668           0.0228173          D=0.019s E=0.224s T=0.243s            REJECTED
        22           -0.206397           0.0748712          0.00698509          0.00757021           0.0262668           0.0148273          D=0.019s E=0.245s T=0.264s            REJECTED
        23           -0.115671           0.0523805          0.00698509          0.00653878           0.0262668           0.0183567          D=0.022s E=0.229s T=0.251s            ACCEPTED
        24           -0.032804           0.0464386          0.00653878           0.0063961           0.0183567           0.0172159           D=0.02s E=0.232s T=0.253s            ACCEPTED
        25          -0.0247006           0.0470773           0.0063961          0.00628848           0.0172159            0.016378          D=0.019s E=0.235s T=0.254s            ACCEPTED
        26          -0.0265926           0.0465047          0.00628848          0.00617493            0.016378           0.0162992           D=0.021s E=0.238s T=0.26s            ACCEPTED
        27          -0.0238546           0.0460987          0.00617493          0.00607474           0.0162992           0.0158166          D=0.021s E=0.229s T=0.251s            ACCEPTED
        28           -0.024652           0.0457789          0.00607474           0.0059731           0.0158166           0.0158085           D=0.02s E=0.233s T=0.254s            ACCEPTED
        29          -0.0224172           0.0454074           0.0059731          0.00588227           0.0158085            0.015404          D=0.019s E=0.228s T=0.248s            ACCEPTED
        30          -0.0230556           0.0451583          0.00588227          0.00579017            0.015404           0.0154348          D=0.021s E=0.233s T=0.255s            ACCEPTED
        31          -0.0200803           0.0463153          0.00579017          0.00570924           0.0154348           0.0149797          D=0.018s E=0.224s T=0.243s            ACCEPTED
        32           -0.014801           0.0465997          0.00570924          0.00565002           0.0149797           0.0147456          D=0.017s E=0.226s T=0.244s            ACCEPTED
        33          -0.0135258           0.0487493          0.00565002          0.00559525           0.0147456           0.0147563          D=0.022s E=0.226s T=0.248s            ACCEPTED
        34          -0.0100506           0.0480524          0.00559525          0.00555588           0.0147563           0.0144822          D=0.018s E=0.227s T=0.246s            ACCEPTED
        35          0.00610222           0.0541289          0.00555588          0.00559075           0.0144822           0.0140879           D=0.016s E=0.223s T=0.24s            REJECTED
        36           0.0577254            0.152445          0.00555588          0.00644642           0.0144822           0.0145627          D=0.016s E=0.237s T=0.254s            REJECTED
        37           -0.322945          0.00699445          0.00555588          0.00533311           0.0144822           0.0141501           D=0.016s E=0.23s T=0.247s            ACCEPTED
        38          -0.0797911            0.682802          0.00533311          0.00317984           0.0141501           0.0190163          D=0.017s E=0.228s T=0.245s            ACCEPTED
        39           -0.652793          0.00703906          0.00317984          0.00288716           0.0190163           0.0169015          D=0.019s E=0.236s T=0.256s            ACCEPTED
        40           -0.213783           0.0393996          0.00288716          0.00249693           0.0169015           0.0127911           D=0.02s E=0.225s T=0.245s            ACCEPTED
        41           -0.101423           0.0351265          0.00249693          0.00235304           0.0127911           0.0107814          D=0.019s E=0.227s T=0.246s            ACCEPTED
        42           -0.038279           0.0340318          0.00235304          0.00230251           0.0107814          0.00993204          D=0.018s E=0.239s T=0.258s            ACCEPTED
        43          -0.0123532           0.0342342          0.00230251          0.00228793          0.00993204          0.00957421          D=0.019s E=0.227s T=0.246s            ACCEPTED
        44           0.0207751           0.0486091          0.00228793          0.00234395          0.00957421          0.00941016            D=0.02s E=0.239s T=0.26s            REJECTED
        45           -0.104803           0.0315122          0.00228793           0.0021246          0.00957421          0.00928072          D=0.019s E=0.239s T=0.258s            ACCEPTED
        46           -0.105987            0.029258           0.0021246           0.0019783          0.00928072          0.00896153          D=0.018s E=0.229s T=0.248s            ACCEPTED
        47           -0.106972           0.0274671           0.0019783          0.00184598          0.00896153          0.00862879          D=0.021s E=0.234s T=0.255s            ACCEPTED
        48           -0.107692           0.0260166          0.00184598          0.00172548          0.00862879           0.0082909            D=0.019s E=0.24s T=0.26s            ACCEPTED
        49           -0.108155           0.0248057          0.00172548          0.00161525           0.0082909          0.00795363          D=0.019s E=0.234s T=0.253s            ACCEPTED
        50           -0.108402            0.023758          0.00161525          0.00151413          0.00795363          0.00762093          D=0.018s E=0.233s T=0.252s            ACCEPTED
        51           -0.108481           0.0228202          0.00151413          0.00142123          0.00762093          0.00729546          D=0.019s E=0.237s T=0.256s            ACCEPTED
        52           -0.108434           0.0219575          0.00142123          0.00133582          0.00729546          0.00697897          D=0.019s E=0.229s T=0.248s            ACCEPTED
        53           -0.108293           0.0211481          0.00133582          0.00125726          0.00697897          0.00667258          D=0.019s E=0.244s T=0.264s            ACCEPTED
        54           -0.108082           0.0203786          0.00125726            0.001185          0.00667258          0.00637693          D=0.019s E=0.237s T=0.256s            ACCEPTED
        55           -0.107818            0.019641            0.001185          0.00111856          0.00637693          0.00609233          D=0.019s E=0.227s T=0.246s            ACCEPTED
        56           -0.107516           0.0189308          0.00111856          0.00105746          0.00609233          0.00581885          D=0.019s E=0.235s T=0.254s            ACCEPTED
        57           -0.107186           0.0182451          0.00105746           0.0010013          0.00581885          0.00555638          D=0.021s E=0.229s T=0.251s            ACCEPTED
        58           -0.106836           0.0175824           0.0010013         0.000949688          0.00555638          0.00530472          D=0.018s E=0.229s T=0.248s            ACCEPTED
        59           -0.106472           0.0169419         0.000949688         0.000902254          0.00530472          0.00506357          D=0.021s E=0.237s T=0.258s            ACCEPTED
        60           -0.102296           0.0174496         0.000902254         0.000857492          0.00506357          0.00480505           D=0.02s E=0.223s T=0.244s            ACCEPTED
        61           -0.102661           0.0165154         0.000857492         0.000816833          0.00480505          0.00456591          D=0.021s E=0.248s T=0.269s            ACCEPTED
        62           -0.102939            0.015679         0.000816833         0.000779799          0.00456591          0.00434332          D=0.019s E=0.233s T=0.253s            ACCEPTED
        63           -0.103124           0.0149295         0.000779799         0.000745981          0.00434332          0.00413496           D=0.02s E=0.229s T=0.249s            ACCEPTED
        64           -0.103219           0.0142557         0.000745981          0.00071503          0.00413496          0.00393899           D=0.02s E=0.239s T=0.259s            ACCEPTED
        65           -0.103234           0.0136462          0.00071503         0.000686648          0.00393899          0.00375388           D=0.02s E=0.233s T=0.253s            ACCEPTED
        66           -0.103183           0.0130908         0.000686648         0.000660578          0.00375388          0.00357839           D=0.02s E=0.235s T=0.255s            ACCEPTED
        67           -0.103082           0.0125805         0.000660578         0.000636599          0.00357839          0.00341154          D=0.021s E=0.226s T=0.248s            ACCEPTED
        68           -0.102947           0.0121078         0.000636599         0.000614517          0.00341154           0.0032525          D=0.026s E=0.227s T=0.254s            ACCEPTED
        69           -0.102792            0.011667         0.000614517         0.000594163           0.0032525          0.00310061          D=0.019s E=0.229s T=0.249s            ACCEPTED
        70           -0.102629           0.0112535         0.000594163         0.000575383          0.00310061           0.0029553           D=0.02s E=0.246s T=0.266s            ACCEPTED
        71           -0.102469           0.0108639         0.000575383         0.000558043           0.0029553          0.00281611           D=0.024s E=0.226s T=0.25s            ACCEPTED
        72           -0.102319           0.0104957         0.000558043         0.000542021          0.00281611          0.00268264           D=0.02s E=0.224s T=0.244s            ACCEPTED
        73           -0.102186            0.010147         0.000542021         0.000527204          0.00268264          0.00255455           D=0.02s E=0.233s T=0.254s            ACCEPTED
        74           -0.102075          0.00981648         0.000527204         0.000513492          0.00255455          0.00243153          D=0.019s E=0.229s T=0.249s            ACCEPTED
        75           -0.101992          0.00950303         0.000513492         0.000500794          0.00243153          0.00231332           D=0.02s E=0.226s T=0.247s            ACCEPTED
        76            -0.10194          0.00920582         0.000500794         0.000489024          0.00231332          0.00219968             D=0.02s E=0.23s T=0.25s            ACCEPTED
        77           -0.101923          0.00892418         0.000489024         0.000478105          0.00219968          0.00209039           D=0.02s E=0.234s T=0.255s            ACCEPTED
        78           -0.101945          0.00865754         0.000478105         0.000467967          0.00209039          0.00198523             D=0.02s E=0.24s T=0.26s            ACCEPTED
        79           -0.102008           0.0084054         0.000467967         0.000458545          0.00198523          0.00188401           D=0.02s E=0.223s T=0.244s            ACCEPTED
        80           -0.102116          0.00816729         0.000458545          0.00044978          0.00188401          0.00178656           D=0.02s E=0.232s T=0.252s            ACCEPTED
        81           -0.102274          0.00794276          0.00044978         0.000441616          0.00178656           0.0016927          D=0.021s E=0.246s T=0.268s            ACCEPTED
        82           -0.102484          0.00773136         0.000441616         0.000434005           0.0016927          0.00160227           D=0.02s E=0.228s T=0.248s            ACCEPTED
        83           -0.102751          0.00753266         0.000434005           0.0004269          0.00160227          0.00151511          D=0.019s E=0.233s T=0.253s            ACCEPTED
        84           -0.103081           0.0073462           0.0004269         0.000420261          0.00151511          0.00143108          D=0.026s E=0.239s T=0.266s            ACCEPTED
        85           -0.103478          0.00717152         0.000420261         0.000414047          0.00143108          0.00135003           D=0.02s E=0.231s T=0.252s            ACCEPTED
        86           -0.103947          0.00700815         0.000414047         0.000408226          0.00135003          0.00127182           D=0.02s E=0.228s T=0.248s            ACCEPTED
        87           -0.104496          0.00685563         0.000408226         0.000402763          0.00127182          0.00119633           D=0.021s E=0.239s T=0.26s            ACCEPTED
        88           -0.105129          0.00671347         0.000402763         0.000397631          0.00119633          0.00112343          D=0.029s E=0.225s T=0.255s            ACCEPTED
        89           -0.105856          0.00658118         0.000397631         0.000392803          0.00112343            0.001053          D=0.025s E=0.233s T=0.259s            ACCEPTED
        90           -0.106683          0.00645831         0.000392803         0.000388253            0.001053          0.00100304           D=0.02s E=0.231s T=0.252s            ACCEPTED
        91           -0.107618          0.00634437         0.000388253          0.00038396          0.00100304         0.000966411          D=0.021s E=0.224s T=0.246s            ACCEPTED
        92           -0.108669          0.00623891          0.00038396         0.000379904         0.000966411         0.000930819          D=0.023s E=0.231s T=0.254s            ACCEPTED
        93           -0.109846          0.00614147         0.000379904         0.000376064         0.000930819         0.000896213          D=0.021s E=0.224s T=0.246s            ACCEPTED
        94           -0.111156          0.00605161         0.000376064         0.000372425         0.000896213         0.000862546           D=0.02s E=0.228s T=0.248s            ACCEPTED
        95           -0.112608          0.00596891         0.000372425         0.000368971         0.000862546         0.000829776           D=0.02s E=0.221s T=0.241s            ACCEPTED
        96            -0.11421          0.00589295         0.000368971         0.000365687         0.000829776         0.000797861          D=0.019s E=0.227s T=0.247s            ACCEPTED
        97           -0.115969          0.00582335         0.000365687         0.000362561         0.000797861         0.000766763          D=0.019s E=0.229s T=0.249s            ACCEPTED
        98           -0.117891          0.00575972         0.000362561         0.000359579         0.000766763         0.000736445          D=0.021s E=0.231s T=0.252s            ACCEPTED
        99            -0.11998           0.0057017         0.000359579         0.000356732         0.000736445         0.000706873           D=0.02s E=0.228s T=0.248s            ACCEPTED
       100           -0.122236          0.00564894         0.000356732          0.00035401         0.000706873         0.000678013          D=0.019s E=0.229s T=0.249s            ACCEPTED
       101           -0.124656          0.00560112          0.00035401         0.000351402         0.000678013         0.000649837          D=0.021s E=0.223s T=0.245s            ACCEPTED
       102            -0.12723          0.00555793         0.000351402         0.000348901         0.000649837         0.000622314             D=0.02s E=0.23s T=0.25s            ACCEPTED
       103           -0.129941          0.00551906         0.000348901         0.000346499         0.000622314         0.000595419            D=0.02s E=0.23s T=0.251s            ACCEPTED
       104            -0.13276          0.00548423         0.000346499         0.000344189         0.000595419         0.000569125           D=0.021s E=0.23s T=0.251s            ACCEPTED
       105           -0.135647          0.00545318         0.000344189         0.000341963         0.000569125         0.000543408            D=0.02s E=0.23s T=0.251s            ACCEPTED
       106           -0.138547          0.00542566         0.000341963         0.000339818         0.000543408         0.000518248            D=0.02s E=0.24s T=0.261s            ACCEPTED
       107           -0.141385          0.00540137         0.000339818         0.000337746         0.000518248         0.000493622           D=0.02s E=0.231s T=0.251s            ACCEPTED
