    # Iter                 dir              h norm                Cost            New Cost              r norm          r_new norm
         1           -0.991407            0.285683            0.641865            0.425087           0.0858434           0.0703128          D=0.002s E=0.338s T=0.341s            ACCEPTED
         2           -0.271504             7.62908            0.425087                 nan           0.0703128                 nan          D=0.002s E=2.352s T=2.355s            REJECTED
         3           -0.967513            0.414963            0.425087             0.24633           0.0703128           0.0442705           D=0.002s E=0.347s T=0.35s            ACCEPTED
         4          -0.0904342             10.7359             0.24633                 nan           0.0442705                 nan          D=0.003s E=2.394s T=2.397s            REJECTED
         5           -0.836789            0.752041             0.24633             2.00622           0.0442705                 nan           D=0.003s E=0.75s T=0.753s            REJECTED
         6           -0.995574           0.0971009             0.24633            0.205932           0.0442705           0.0307073          D=0.002s E=0.335s T=0.338s            ACCEPTED
         7            -0.95952            0.233355            0.205932            0.140284           0.0307073           0.0774186          D=0.003s E=0.334s T=0.337s            ACCEPTED
         8           -0.794285             1.57611            0.140284           0.0946732           0.0774186           0.0231986          D=0.003s E=0.332s T=0.335s            ACCEPTED
         9           -0.974163            0.181555           0.0946732           0.0658486           0.0231986           0.0148529           D=0.002s E=0.337s T=0.34s            ACCEPTED
        10           -0.423237             1.71903           0.0658486           0.0474007           0.0148529            0.111243          D=0.003s E=0.336s T=0.339s            ACCEPTED
        11            -0.76548             2.81989           0.0474007                 inf            0.111243                 nan          D=0.003s E=2.461s T=2.465s            REJECTED
        12           -0.968653            0.709403           0.0474007           0.0368228            0.111243           0.0159625          D=0.003s E=0.338s T=0.341s            ACCEPTED
        13           -0.986886           0.0477033           0.0368228           0.0262821           0.0159625           0.0102418          D=0.003s E=0.334s T=0.337s            ACCEPTED
        14           -0.929333           0.0911759           0.0262821           0.0160265           0.0102418          0.00557326          D=0.003s E=0.333s T=0.336s            ACCEPTED
        15           -0.979599           0.0364705           0.0160265            0.010757          0.00557326          0.00456444          D=0.003s E=0.332s T=0.335s            ACCEPTED
        16           -0.464736             0.27115            0.010757          0.00651807          0.00456444          0.00924024          D=0.003s E=0.342s T=0.345s            ACCEPTED
        17          -0.0631833             3.09825          0.00651807             63.3822          0.00924024                 nan          D=0.003s E=2.354s T=2.357s            REJECTED
        18           -0.246906            0.551623          0.00651807          0.00445403          0.00924024          0.00976992          D=0.003s E=0.337s T=0.341s            ACCEPTED
        19           -0.825308            0.144699          0.00445403          0.00326588          0.00976992          0.00368214          D=0.003s E=0.333s T=0.336s            ACCEPTED
        20           -0.849749           0.0453922          0.00326588          0.00257807          0.00368214          0.00355058           D=0.003s E=0.33s T=0.333s            ACCEPTED
        21            -0.84871           0.0470247          0.00257807          0.00219141          0.00355058          0.00161062          D=0.002s E=0.336s T=0.339s            ACCEPTED
        22           -0.921689           0.0150101          0.00219141          0.00191325          0.00161062           0.0014458          D=0.003s E=0.332s T=0.335s            ACCEPTED
        23           -0.881076           0.0239798          0.00191325          0.00169341           0.0014458          0.00126293          D=0.003s E=0.339s T=0.342s            ACCEPTED
        24           -0.781157           0.0260764          0.00169341          0.00152471          0.00126293          0.00200495          D=0.003s E=0.331s T=0.334s            ACCEPTED
        25           -0.592997            0.072682          0.00152471          0.00147609          0.00200495          0.00286071           D=0.002s E=0.34s T=0.343s            ACCEPTED
        26            -0.90688           0.0211913          0.00147609          0.00125808          0.00286071          0.00090585          D=0.003s E=0.341s T=0.345s            ACCEPTED
        27           -0.987813           0.0047227          0.00125808          0.00118769          0.00090585         0.000891118          D=0.003s E=0.335s T=0.338s            ACCEPTED
        28           -0.681107            0.028749          0.00118769          0.00101663         0.000891118         0.000892164          D=0.003s E=0.334s T=0.337s            ACCEPTED
        29           -0.359853           0.0633907          0.00101663         0.000923737         0.000892164            0.001288          D=0.002s E=0.333s T=0.335s            ACCEPTED
        30           0.0970164            0.334735         0.000923737          0.00217299            0.001288          0.00959768          D=0.003s E=0.334s T=0.338s            REJECTED
        31           -0.802893           0.0189188         0.000923737         0.000862421            0.001288          0.00116289           D=0.003s E=0.336s T=0.34s            ACCEPTED
        32           -0.837567           0.0129045         0.000862421         0.000808783          0.00116289         0.000789119          D=0.003s E=0.342s T=0.345s            ACCEPTED
        33           -0.868008            0.010799         0.000808783         0.000768836         0.000789119         0.000778866          D=0.003s E=0.338s T=0.341s            ACCEPTED
        34           -0.917689          0.00569979         0.000768836         0.000735275         0.000778866         0.000738225           D=0.003s E=0.35s T=0.354s            ACCEPTED
        35           -0.846171            0.010118         0.000735275         0.000703254         0.000738225         0.000715006          D=0.003s E=0.338s T=0.341s            ACCEPTED
        36            -0.74114           0.0130899         0.000703254         0.000677916         0.000715006         0.000810529           D=0.003s E=0.337s T=0.34s            ACCEPTED
        37           -0.612998           0.0305949         0.000677916         0.000670246         0.000810529          0.00130152          D=0.003s E=0.342s T=0.345s            ACCEPTED
        38           -0.910721          0.00918078         0.000670246         0.000627466          0.00130152         0.000612924          D=0.003s E=0.344s T=0.347s            ACCEPTED
        39            -0.98179          0.00293692         0.000627466         0.000613539         0.000612924         0.000591882          D=0.003s E=0.344s T=0.348s            ACCEPTED
        40            -0.59311           0.0145405         0.000613539         0.000580558         0.000591882         0.000533503          D=0.003s E=0.333s T=0.336s            ACCEPTED
        41           0.0164119           0.0865287         0.000580558         0.000617042         0.000533503          0.00189679           D=0.002s E=0.35s T=0.352s            REJECTED
        42            -0.81953          0.00834759         0.000580558         0.000564394         0.000533503          0.00054573          D=0.003s E=0.346s T=0.349s            ACCEPTED
        43           -0.806217          0.00727762         0.000564394         0.000550593          0.00054573         0.000495824          D=0.003s E=0.333s T=0.336s            ACCEPTED
