    # Iter                 dir              h norm                Cost            New Cost              r norm          r_new norm
         1           -0.949989           0.0366832            0.638091            0.609116           0.0263627           0.0258892        D=11.509s E=2.345s T=13.854s            ACCEPTED
         2           -0.928305            0.110701            0.609116            0.531169           0.0258892           0.0244602        D=10.942s E=2.361s T=13.304s            ACCEPTED
         3           -0.914112            0.295636            0.531169            0.349017           0.0244602           0.0202695        D=10.828s E=2.385s T=13.213s            ACCEPTED
         4           -0.905711            0.430906            0.349017            0.140326           0.0202695           0.0115652         D=10.66s E=2.322s T=12.983s            ACCEPTED
         5           -0.934038            0.284783            0.140326           0.0504487           0.0115652          0.00346702        D=10.711s E=2.533s T=13.245s            ACCEPTED
         6            -0.98406             0.13732           0.0504487           0.0250552          0.00346702          0.00822855        D=12.466s E=2.351s T=14.818s            ACCEPTED
         7           -0.605787           0.0915851           0.0250552           0.0177073          0.00822855          0.00848486         D=12.68s E=2.363s T=15.043s            ACCEPTED
         8           -0.364589           0.0505368           0.0177073           0.0144453          0.00848486            0.009956        D=12.712s E=2.406s T=15.119s            ACCEPTED
         9           -0.251219            0.105483           0.0144453           0.0114801            0.009956           0.0118702          D=12.6s E=2.447s T=15.048s            ACCEPTED
        10           -0.177084            0.302448           0.0114801           0.0163225           0.0118702           0.0101003         D=12.655s E=2.38s T=15.036s            REJECTED
        11           -0.224501            0.166122           0.0114801           0.0106135           0.0118702          0.00704257        D=12.838s E=2.468s T=15.307s            ACCEPTED
        12           -0.453224            0.504099           0.0106135           0.0482343          0.00704257           0.0661698        D=12.583s E=2.718s T=15.301s            REJECTED
        13           -0.465255            0.278269           0.0106135           0.0138023          0.00704257           0.0177836        D=12.628s E=2.367s T=14.996s            REJECTED
        14           -0.443846           0.0956323           0.0106135          0.00877132          0.00704257          0.00690394        D=12.685s E=2.412s T=15.098s            ACCEPTED
        15           -0.268824           0.0325484          0.00877132          0.00799684          0.00690394          0.00684059        D=12.684s E=2.474s T=15.159s            ACCEPTED
        16           -0.266056           0.0499039          0.00799684          0.00672397          0.00684059          0.00722395        D=13.112s E=2.361s T=15.474s            ACCEPTED
        17           -0.214908           0.0738464          0.00672397           0.0053308          0.00722395          0.00828548        D=12.709s E=2.587s T=15.296s            ACCEPTED
        18           -0.160076             0.49619           0.0053308           0.0657126          0.00828548            0.227136        D=12.537s E=2.406s T=14.943s            REJECTED
        19           -0.189405            0.260095           0.0053308           0.0135608          0.00828548           0.0257875        D=12.598s E=2.745s T=15.343s            REJECTED
        20           -0.249382            0.072724           0.0053308          0.00472435          0.00828548          0.00628866        D=18.718s E=2.805s T=21.523s            ACCEPTED
        21           -0.334631            0.129076          0.00472435          0.00479258          0.00628866          0.00909673        D=12.815s E=2.435s T=15.251s            REJECTED
        22           -0.364433            0.061531          0.00472435          0.00409088          0.00628866          0.00571971        D=12.632s E=2.356s T=14.989s            ACCEPTED
        23            -0.25263           0.0311635          0.00409088          0.00364578          0.00571971          0.00460802        D=12.769s E=2.408s T=15.178s            ACCEPTED
        24           -0.253253           0.0281532          0.00364578          0.00316424          0.00460802          0.00482033        D=12.761s E=2.404s T=15.165s            ACCEPTED
        25           -0.202002            0.100848          0.00316424          0.00371736          0.00482033          0.00915712          D=14.305s E=2.4s T=16.706s            REJECTED
        26           -0.228379           0.0548418          0.00316424          0.00285064          0.00482033          0.00532924        D=12.594s E=2.359s T=14.954s            ACCEPTED
        27           -0.343583            0.136563          0.00285064          0.00394274          0.00532924          0.00698329        D=12.655s E=2.337s T=14.992s            REJECTED
        28           -0.376539           0.0654968          0.00285064          0.00256926          0.00532924          0.00461583        D=12.625s E=2.399s T=15.024s            ACCEPTED
        29             -0.3433            0.059446          0.00256926          0.00229205          0.00461583          0.00458182        D=12.751s E=2.416s T=15.168s            ACCEPTED
        30           -0.368395           0.0459771          0.00229205          0.00202868          0.00458182          0.00373923          D=12.712s E=2.387s T=15.1s            ACCEPTED
        31           -0.290428           0.0355806          0.00202868          0.00182027          0.00373923          0.00354172        D=12.637s E=2.393s T=15.031s            ACCEPTED
        32           -0.305905           0.0372064          0.00182027          0.00164472          0.00354172          0.00306769        D=12.573s E=2.332s T=14.905s            ACCEPTED
        33           -0.256759            0.024686          0.00164472           0.0014907          0.00306769          0.00289049         D=12.578s E=2.442s T=15.02s            ACCEPTED
        34           -0.279422           0.0271709           0.0014907          0.00135553          0.00289049          0.00264593        D=12.601s E=2.418s T=15.019s            ACCEPTED
        35           -0.246328           0.0250465          0.00135553          0.00123754          0.00264593          0.00278318        D=12.552s E=2.295s T=14.847s            ACCEPTED
        36           -0.301365           0.0375091          0.00123754           0.0011514          0.00278318          0.00248904        D=12.572s E=2.472s T=15.044s            ACCEPTED
        37           -0.326748           0.0375456           0.0011514          0.00110215          0.00248904          0.00322097        D=12.569s E=2.372s T=14.941s            ACCEPTED
        38           -0.442385           0.0407477          0.00110215         0.000980976          0.00322097           0.0022639        D=12.603s E=2.459s T=15.062s            ACCEPTED
        39           -0.341142           0.0270623         0.000980976         0.000890993           0.0022639          0.00226826        D=12.612s E=2.368s T=14.981s            ACCEPTED
        40           -0.324608           0.0246522         0.000890993          0.00082298          0.00226826          0.00179172        D=12.574s E=2.398s T=14.972s            ACCEPTED
        41           -0.252544           0.0142286          0.00082298         0.000766219          0.00179172          0.00170513        D=12.619s E=2.406s T=15.025s            ACCEPTED
        42           -0.263212           0.0140784         0.000766219         0.000716229          0.00170513           0.0015404        D=12.472s E=2.416s T=14.889s            ACCEPTED
        43           -0.221025           0.0264468         0.000716229         0.000685081           0.0015404          0.00228151        D=12.554s E=2.389s T=14.943s            ACCEPTED
        44           -0.403872           0.0775073         0.000685081          0.00111337          0.00228151          0.00228514        D=12.557s E=2.464s T=15.022s            REJECTED
        45           -0.431796           0.0414126         0.000685081         0.000674424          0.00228151          0.00160695        D=12.887s E=2.441s T=15.329s            ACCEPTED
        46           -0.477694           0.0250401         0.000674424         0.000583578          0.00160695          0.00141756        D=13.093s E=2.452s T=15.546s            ACCEPTED
        47           -0.285788           0.0111287         0.000583578          0.00055486          0.00141756          0.00116337        D=12.736s E=2.358s T=15.095s            ACCEPTED
        48           -0.224605          0.00868782          0.00055486         0.000523242          0.00116337          0.00114151        D=12.543s E=2.325s T=14.869s            ACCEPTED
        49           -0.207865            0.022049         0.000523242         0.000498482          0.00114151          0.00132672        D=12.531s E=2.375s T=14.906s            ACCEPTED
        50           -0.404732           0.0831397         0.000498482          0.00140217          0.00132672          0.00580268          D=12.5s E=2.494s T=14.995s            REJECTED
        51           -0.409165           0.0407422         0.000498482         0.000604656          0.00132672          0.00268658        D=12.483s E=2.349s T=14.832s            REJECTED
        52           -0.349872           0.0125116         0.000498482         0.000461226          0.00132672          0.00104678        D=12.654s E=2.378s T=15.033s            ACCEPTED
        53           -0.183242          0.00458898         0.000461226         0.000449124          0.00104678         0.000938913         D=12.703s E=2.31s T=15.013s            ACCEPTED
        54           -0.220973          0.00602812         0.000449124         0.000426241         0.000938913         0.000861664        D=12.542s E=2.392s T=14.935s            ACCEPTED
        55           -0.197765           0.0130308         0.000426241         0.000396342         0.000861664          0.00100294        D=12.603s E=2.416s T=15.019s            ACCEPTED
        56           -0.322751           0.0713292         0.000396342           0.0012031          0.00100294          0.00510798         D=12.52s E=2.424s T=14.945s            REJECTED
        57           -0.331827           0.0355485         0.000396342         0.000528587          0.00100294          0.00246339        D=12.525s E=2.382s T=14.907s            REJECTED
        58           -0.319232           0.0103083         0.000396342         0.000377342          0.00100294         0.000821358        D=12.644s E=2.365s T=15.009s            ACCEPTED
        59           -0.255088          0.00547098         0.000377342         0.000366778         0.000821358         0.000700761         D=12.641s E=2.33s T=14.971s            ACCEPTED
        60           -0.218092           0.0078866         0.000366778         0.000349812         0.000700761         0.000793053         D=12.56s E=2.526s T=15.087s            ACCEPTED
        61           -0.234036           0.0413306         0.000349812         0.000501985         0.000793053          0.00113029         D=12.451s E=2.458s T=14.91s            REJECTED
        62           -0.260745           0.0215444         0.000349812         0.000368857         0.000793053         0.000808982        D=12.527s E=2.718s T=15.246s            REJECTED
        63           -0.310227          0.00724211         0.000349812         0.000339736         0.000793053         0.000614651         D=18.818s E=2.47s T=21.288s            ACCEPTED
        64           -0.243916          0.00493194         0.000339736         0.000330362         0.000614651         0.000627378        D=12.587s E=2.434s T=15.022s            ACCEPTED
        65           -0.241585           0.0106883         0.000330362         0.000320079         0.000627378         0.000651034        D=12.633s E=2.443s T=15.077s            ACCEPTED
        66           -0.383241           0.0242373         0.000320079         0.000379905         0.000651034          0.00169203        D=12.607s E=2.701s T=15.308s            REJECTED
        67           -0.381943            0.011848         0.000320079         0.000316336         0.000651034         0.000900234        D=12.487s E=2.514s T=15.002s            ACCEPTED
        68           -0.512246           0.0133347         0.000316336         0.000303871         0.000900234         0.000559323        D=12.531s E=2.625s T=15.156s            ACCEPTED
        69           -0.395565          0.00786883         0.000303871         0.000295623         0.000559323          0.00060332         D=12.53s E=2.573s T=15.103s            ACCEPTED
        70           -0.358933          0.00725899         0.000295623         0.000289297          0.00060332         0.000442464        D=12.546s E=2.735s T=15.282s            ACCEPTED
