 Iter     h_norm         step size         Cost         New_Cost       r_norm     r_new_norm      T_time        Status
    1       0.400698            6.4     0.634922       0.174783     0.400698         0.228099   T=0.889521s   ACCEPTED
    2       0.228099           5.12     0.174783      0.0711774     0.228099         0.122779   T=1.11257s   ACCEPTED
    3       0.122779              8    0.0711774      0.0338477     0.122779         0.115631   T=0.680709s   ACCEPTED
    4       0.115631           5.12    0.0338477      0.0119352     0.115631        0.0562953   T=1.09372s   ACCEPTED
    5      0.0562953            6.4    0.0119352     0.00563584    0.0562953        0.0398006   T=0.883312s   ACCEPTED
    6      0.0398006           5.12   0.00563584     0.00251103    0.0398006        0.0194366   T=1.09235s   ACCEPTED
    7      0.0194366            6.4   0.00251103      0.0015694    0.0194366        0.0139423   T=0.868794s   ACCEPTED
    8      0.0139423            6.4    0.0015694     0.00115885    0.0139423        0.0103856   T=0.877927s   ACCEPTED
    9      0.0103856            6.4   0.00115885    0.000949815    0.0103856       0.00789947   T=0.871297s   ACCEPTED
   10     0.00789947           5.12   0.000949815    0.000812565   0.00789947       0.00430365   T=1.11979s   ACCEPTED
   11     0.00430365              8   0.000812565    0.000750063   0.00430365       0.00438868   T=0.670482s   ACCEPTED
   12     0.00438868            6.4   0.000750063    0.000702915   0.00438868       0.00359335   T=0.892417s   ACCEPTED
   13     0.00359335              8   0.000702915    0.000671763   0.00359335       0.00398674   T=0.669414s   ACCEPTED
   14     0.00398674            6.4   0.000671763    0.000638315   0.00398674       0.00328315   T=0.871838s   ACCEPTED
   15     0.00328315            6.4   0.000638315    0.000610986   0.00328315        0.0027501   T=0.877856s   ACCEPTED
   16      0.0027501              8   0.000610986    0.000590308    0.0027501       0.00306112   T=0.677605s   ACCEPTED
   17     0.00306112            6.4   0.000590308    0.000568177   0.00306112       0.00256016   T=0.885266s   ACCEPTED
   18     0.00256016              8   0.000568177    0.000551969   0.00256016       0.00288337   T=0.655039s   ACCEPTED
   19     0.00288337            6.4   0.000551969    0.000533348   0.00288337        0.0024076   T=0.878882s   ACCEPTED
   20      0.0024076            6.4   0.000533348    0.000517481    0.0024076       0.00205556   T=0.90435s   ACCEPTED
   21     0.00205556              8   0.000517481    0.000504101   0.00205556       0.00228384   T=0.673895s   ACCEPTED
   22     0.00228384            6.4   0.000504101    0.000490344   0.00228384       0.00194724   T=0.870011s   ACCEPTED
   23     0.00194724              8   0.000490344    0.000478909   0.00194724       0.00217781   T=0.651735s   ACCEPTED
   24     0.00217781            6.4   0.000478909    0.000466769   0.00217781       0.00185484   T=0.875743s   ACCEPTED
   25     0.00185484              8   0.000466769    0.000456808   0.00185484        0.0020852   T=0.651512s   ACCEPTED
   26      0.0020852            6.4   0.000456808     0.00044595    0.0020852       0.00177443   T=0.884384s   ACCEPTED
   27     0.00177443              8   0.00044595    0.000437147   0.00177443        0.0020031   T=0.665032s   ACCEPTED
   28      0.0020031            6.4   0.000437147    0.000427334    0.0020031       0.00170333   T=0.870882s   ACCEPTED
   29     0.00170333              8   0.000427334    0.000419468   0.00170333       0.00192948   T=0.653107s   ACCEPTED
   30     0.00192948            6.4   0.000419468    0.000410529   0.00192948       0.00163968   T=0.880933s   ACCEPTED
   31     0.00163968              8   0.000410529    0.000403441   0.00163968       0.00186291   T=0.666429s   ACCEPTED
   32     0.00186291            6.4   0.000403441    0.000395248   0.00186291       0.00158214   T=0.883724s   ACCEPTED
   33     0.00158214              8   0.000395248    0.000388821   0.00158214       0.00180232   T=0.655435s   ACCEPTED
   34     0.00180232            6.4   0.000388821    0.000381274   0.00180232       0.00152976   T=0.866768s   ACCEPTED
   35     0.00152976              8   0.000381274    0.000375419   0.00152976       0.00174692   T=0.659677s   ACCEPTED
   36     0.00174692            6.4   0.000375419    0.000368437   0.00174692       0.00148182   T=0.90889s   ACCEPTED
   37     0.00148182              8   0.000368437    0.000363085   0.00148182       0.00169611   T=0.651308s   ACCEPTED
   38     0.00169611            6.4   0.000363085    0.000356605   0.00169611       0.00143778   T=0.886928s   ACCEPTED
   39     0.00143778            6.4   0.000356605    0.000350815   0.00143778       0.00124615   T=0.881058s   ACCEPTED
   40     0.00124615              8   0.000350815    0.000345654   0.00124615       0.00139557   T=0.660089s   ACCEPTED
   41     0.00139557            6.4   0.000345654    0.000340269   0.00139557       0.00120868   T=0.902423s   ACCEPTED
   42     0.00120868              8   0.000340269    0.000335503   0.00120868       0.00135661   T=0.682973s   ACCEPTED
   43     0.00135661            6.4   0.000335503    0.000330484   0.00135661         0.001174   T=0.887702s   ACCEPTED
   44       0.001174              8   0.000330484    0.000326074     0.001174       0.00132062   T=0.66413s   ACCEPTED
   45     0.00132062            6.4   0.000326074    0.000321383   0.00132062       0.00114187   T=0.895305s   ACCEPTED
   46     0.00114187              8   0.000321383    0.000317297   0.00114187       0.00128735   T=0.667312s   ACCEPTED
   47     0.00128735            6.4   0.000317297    0.000312904   0.00128735       0.00111207   T=0.888413s   ACCEPTED
   48     0.00111207              8   0.000312904    0.000309112   0.00111207        0.0012566   T=0.666412s   ACCEPTED
   49      0.0012566            6.4   0.000309112     0.00030499    0.0012566       0.00108443   T=0.89231s   ACCEPTED
   50     0.00108443              8   0.00030499    0.000301466   0.00108443       0.00122819   T=0.665034s   ACCEPTED
   51     0.00122819            6.4   0.000301466     0.00029759   0.00122819       0.00105881   T=0.894409s   ACCEPTED
   52     0.00105881              8   0.00029759     0.00029431   0.00105881       0.00120196   T=0.67045s   ACCEPTED
   53     0.00120196            6.4   0.00029431    0.000290659   0.00120196       0.00103506   T=0.905846s   ACCEPTED
   54     0.00103506              8   0.000290659    0.000287604   0.00103506       0.00117777   T=0.667993s   ACCEPTED
   55     0.00117777            6.4   0.000287604    0.000284157   0.00117777       0.00101306   T=0.88882s   ACCEPTED
   56     0.00101306              8   0.000284157    0.000281307   0.00101306       0.00115549   T=0.659508s   ACCEPTED
   57     0.00115549            6.4   0.000281307    0.000278048   0.00115549      0.000992721   T=0.907044s   ACCEPTED
   58    0.000992721              8   0.000278048    0.000275387   0.000992721       0.00113501   T=0.668926s   ACCEPTED
   59     0.00113501            6.4   0.000275387    0.000272299   0.00113501      0.000973936   T=0.892923s   ACCEPTED
   60    0.000973936              8   0.000272299    0.000269813   0.000973936       0.00111622   T=0.662827s   ACCEPTED
   61     0.00111622            6.4   0.000269813     0.00026688   0.00111622      0.000956619   T=0.887537s   ACCEPTED
   62    0.000956619              8   0.00026688    0.000264554   0.000956619       0.00109903   T=0.670016s   ACCEPTED
   63     0.00109903            6.4   0.000264554    0.000261765   0.00109903       0.00094069   T=0.871875s   ACCEPTED
   64     0.00094069              8   0.000261765    0.000259588   0.00094069       0.00108336   T=0.679621s   ACCEPTED
   65     0.00108336            6.4   0.000259588     0.00025693   0.00108336      0.000926076   T=0.883653s   ACCEPTED
   66    0.000926076            6.4   0.00025693    0.000254526   0.000926076      0.000809411   T=0.879979s   ACCEPTED
   67    0.000809411              8   0.000254526    0.000252353   0.000809411      0.000913266   T=0.657755s   ACCEPTED
   68    0.000913266            6.4   0.000252353    0.000250061   0.000913266      0.000796889   T=0.880419s   ACCEPTED
   69    0.000796889              8   0.000250061    0.000248013   0.000796889      0.000901638   T=0.660032s   ACCEPTED
   70    0.000901638            6.4   0.000248013    0.000245824   0.000901638      0.000785422   T=0.891465s   ACCEPTED
   71    0.000785422              8   0.000245824    0.000243892   0.000785422      0.000891135   T=0.651071s   ACCEPTED
   72    0.000891135            6.4   0.000243892    0.000241797   0.000891135       0.00077496   T=0.897665s   ACCEPTED
   73     0.00077496              8   0.000241797    0.000239971   0.00077496      0.000881706   T=0.659789s   ACCEPTED
   74    0.000881706            6.4   0.000239971    0.000237963   0.000881706      0.000765457   T=0.905453s   ACCEPTED
   75    0.000765457              8   0.000237963    0.000236237   0.000765457      0.000873301   T=0.652987s   ACCEPTED
   76    0.000873301            6.4   0.000236237    0.000234308   0.000873301      0.000756869   T=0.881118s   ACCEPTED
   77    0.000756869              8   0.000234308    0.000232674   0.000756869      0.000865876   T=0.683814s   ACCEPTED
   78    0.000865876            6.4   0.000232674    0.000230819   0.000865876      0.000749157   T=0.891087s   ACCEPTED
   79    0.000749157              8   0.000230819    0.000229271   0.000749157       0.00085939   T=0.678916s   ACCEPTED
   80     0.00085939            6.4   0.000229271    0.000227482   0.00085939      0.000742283   T=0.888321s   ACCEPTED
   81    0.000742283              8   0.000227482    0.000226014   0.000742283      0.000853803   T=0.667649s   ACCEPTED
   82    0.000853803            6.4   0.000226014    0.000224287   0.000853803       0.00073621   T=0.896082s   ACCEPTED
   83     0.00073621              8   0.000224287    0.000222894   0.00073621      0.000849079   T=0.668476s   ACCEPTED
   84    0.000849079            6.4   0.000222894    0.000221224   0.000849079      0.000730907   T=0.890985s   ACCEPTED
   85    0.000730907              8   0.000221224      0.0002199   0.000730907      0.000845186   T=0.67234s   ACCEPTED
   86    0.000845186            6.4    0.0002199    0.000218282   0.000845186      0.000726343   T=0.899337s   ACCEPTED
   87    0.000726343            6.4   0.000218282    0.000216801   0.000726343      0.000637577   T=0.88974s   ACCEPTED
   88    0.000637577              8   0.000216801    0.000215452   0.000637577      0.000722071   T=0.687539s   ACCEPTED
   89    0.000722071            6.4   0.000215452    0.000214017   0.000722071      0.000632678   T=0.8947s   ACCEPTED
   90    0.000632678              8   0.000214017    0.000212726   0.000632678      0.000718478   T=0.665653s   ACCEPTED
   91    0.000718478            6.4   0.000212726    0.000211335   0.000718478      0.000628388   T=0.886006s   ACCEPTED
   92    0.000628388              8   0.000211335    0.000210099   0.000628388      0.000715537   T=0.674401s   ACCEPTED
   93    0.000715537            6.4   0.000210099    0.000208748   0.000715537      0.000624682   T=0.889377s   ACCEPTED
   94    0.000624682              8   0.000208748    0.000207562   0.000624682      0.000713223   T=0.674772s   ACCEPTED
   95    0.000713223            6.4   0.000207562    0.000206248   0.000713223      0.000621539   T=0.895922s   ACCEPTED
   96    0.000621539              8   0.000206248    0.000205111   0.000621539      0.000711516   T=0.670745s   ACCEPTED
   97    0.000711516            6.4   0.000205111    0.000203829   0.000711516      0.000618937   T=0.920656s   ACCEPTED
   98    0.000618937              8   0.000203829    0.000202738   0.000618937      0.000710395   T=0.6718s   ACCEPTED
   99    0.000710395            6.4   0.000202738    0.000201488   0.000710395      0.000616857   T=0.900766s   ACCEPTED
  100    0.000616857              8   0.000201488    0.000200439   0.000616857       0.00070984   T=0.672581s   ACCEPTED
  101     0.00070984            6.4   0.000200439    0.000199217   0.00070984      0.000615281   T=0.892337s   ACCEPTED
  102    0.000615281              8   0.000199217    0.000198209   0.000615281      0.000709836   T=0.679431s   ACCEPTED
  103    0.000709836            6.4   0.000198209    0.000197013   0.000709836      0.000614192   T=0.898942s   ACCEPTED
  104    0.000614192              8   0.000197013    0.000196043   0.000614192      0.000710366   T=0.686358s   ACCEPTED
  105    0.000710366            6.4   0.000196043    0.000194872   0.000710366      0.000613575   T=0.901252s   ACCEPTED
  106    0.000613575              8   0.000194872    0.000193938   0.000613575      0.000711417   T=0.669754s   ACCEPTED
  107    0.000711417            6.4   0.000193938    0.000192789   0.000711417      0.000613416   T=0.881455s   ACCEPTED
  108    0.000613416            6.4   0.000192789    0.000191732   0.000613416      0.000540407   T=0.879655s   ACCEPTED
  109    0.000540407              8   0.000191732    0.000190762   0.000540407      0.000613947   T=0.667556s   ACCEPTED
  110    0.000613947            6.4   0.000190762    0.000189725   0.000613947      0.000539783   T=0.894819s   ACCEPTED
  111    0.000539783              8   0.000189725    0.000188786   0.000539783      0.000614924   T=0.677349s   ACCEPTED
  112    0.000614924            6.4   0.000188786    0.000187769   0.000614924      0.000539552   T=0.888681s   ACCEPTED
  113    0.000539552              8   0.000187769    0.000186859   0.000539552      0.000616337   T=0.660617s   ACCEPTED
  114    0.000616337            6.4   0.000186859    0.000185859   0.000616337      0.000539704   T=0.900024s   ACCEPTED
  115    0.000539704              8   0.000185859    0.000184978   0.000539704      0.000618178   T=0.678111s   ACCEPTED
  116    0.000618178            6.4   0.000184978    0.000183994   0.000618178      0.000540232   T=0.890932s   ACCEPTED
  117    0.000540232              8   0.000183994     0.00018314   0.000540232      0.000620441   T=0.671445s   ACCEPTED
  118    0.000620441            6.4   0.00018314    0.000182171   0.000620441      0.000541126   T=0.905498s   ACCEPTED
  119    0.000541126              8   0.000182171    0.000181343   0.000541126      0.000623119   T=0.664284s   ACCEPTED
  120    0.000623119            6.4   0.000181343    0.000180387   0.000623119      0.000542382   T=0.885937s   ACCEPTED
  121    0.000542382              8   0.000180387    0.000179584   0.000542382      0.000626208   T=0.685557s   ACCEPTED
  122    0.000626208            6.4   0.000179584    0.000178642   0.000626208      0.000543993   T=0.894909s   ACCEPTED
  123    0.000543993              8   0.000178642    0.000177863   0.000543993      0.000629703   T=0.677877s   ACCEPTED
  124    0.000629703            6.4   0.000177863    0.000176931   0.000629703      0.000545956   T=0.883779s   ACCEPTED
  125    0.000545956              8   0.000176931    0.000176176   0.000545956      0.000633602   T=0.67153s   ACCEPTED
  126    0.000633602            6.4   0.000176176    0.000175255   0.000633602      0.000548267   T=0.903089s   ACCEPTED
  127    0.000548267              8   0.000175255    0.000174523   0.000548267      0.000637904   T=0.674625s   ACCEPTED
  128    0.000637904            6.4   0.000174523    0.000173611   0.000637904      0.000550922   T=0.905456s   ACCEPTED
  129    0.000550922            6.4   0.000173611    0.000172768   0.000550922      0.000485765   T=0.886031s   ACCEPTED
