    # Iter                 dir              h norm                Cost            New Cost              r norm          r_new norm
         1        -0.000556649            0.678193             9929.43             9209.61              509581              499014          D=0.253s E=3.504s T=3.758s            ACCEPTED
         2        -0.000578271            0.628023             9209.61             8493.41              499014              485532          D=0.237s E=3.443s T=3.681s            ACCEPTED
         3        -0.000600432            0.582517             8493.41             7790.28              485532              469990           D=0.233s E=3.45s T=3.684s            ACCEPTED
         4        -0.000621311            0.544572             7790.28             7102.97              469990              452758          D=0.236s E=3.437s T=3.674s            ACCEPTED
         5        -0.000639203            0.516027             7102.97             6433.98              452758              434273           D=0.234s E=3.47s T=3.705s            ACCEPTED
         6        -0.000653034            0.497729             6433.98             5788.72              434273              415283          D=0.235s E=3.468s T=3.704s            ACCEPTED
         7        -0.000673137            0.480658             5788.72             5183.96              415283              397451          D=0.241s E=3.456s T=3.697s            ACCEPTED
         8        -0.000793788            0.405559             5183.96             4653.77              397451              382503          D=0.237s E=3.494s T=3.731s            ACCEPTED
         9         -0.00106251            0.295255             4653.77             4202.26              382503              366747          D=0.235s E=3.461s T=3.696s            ACCEPTED
        10        -0.000980081            0.310943             4202.26             3805.91              366747              355278            D=0.236s E=3.464s T=3.7s            ACCEPTED
        11         -0.00161025            0.177462             3805.91             3461.97              355278              338197          D=0.237s E=3.467s T=3.705s            ACCEPTED
        12         -0.00121137            0.232587             3461.97             3138.71              338197              338440            D=0.242s E=3.457s T=3.7s            ACCEPTED
        13         -0.00201775           0.0888931             3138.71             2889.77              338440              329938          D=0.235s E=3.451s T=3.687s            ACCEPTED
        14        -0.000515099            0.556023             2889.77             2583.62              329938              384317          D=0.237s E=3.468s T=3.705s            ACCEPTED
        15        -0.000415279             1.25869             2583.62             2947.01              384317              420860           D=0.236s E=3.494s T=3.73s            REJECTED
        16        -0.000573416            0.521168             2583.62             2335.54              384317              337957          D=0.234s E=3.453s T=3.687s            ACCEPTED
        17        -0.000535804              0.6942             2335.54             1950.66              337957              346349          D=0.235s E=3.443s T=3.679s            ACCEPTED
        18        -0.000517592            0.511699             1950.66             1757.45              346349              306665           D=0.242s E=3.46s T=3.702s            ACCEPTED
        19        -0.000530597            0.595161             1757.45             1468.01              306665              311578          D=0.234s E=3.468s T=3.703s            ACCEPTED
        20        -0.000475513            0.510358             1468.01             1319.82              311578              280025          D=0.239s E=3.458s T=3.697s            ACCEPTED
        21        -0.000518874            0.541069             1319.82             1098.94              280025              278186          D=0.236s E=3.445s T=3.682s            ACCEPTED
        22        -0.000451059            0.488552             1098.94             983.688              278186              253016          D=0.255s E=3.459s T=3.714s            ACCEPTED
        23        -0.000513343            0.472069             983.688             816.894              253016              242350           D=0.238s E=3.43s T=3.669s            ACCEPTED
        24        -0.000436677            0.429019             816.894             725.917              242350              222700          D=0.237s E=3.439s T=3.676s            ACCEPTED
        25        -0.000513919            0.380954             725.917             604.664              222700              206321          D=0.235s E=3.469s T=3.704s            ACCEPTED
        26        -0.000426723            0.362748             604.664              534.57              206321              193860          D=0.236s E=3.446s T=3.682s            ACCEPTED
        27        -0.000520614            0.304251              534.57             447.711              193860              175099          D=0.234s E=3.438s T=3.672s            ACCEPTED
        28        -0.000422795            0.312259             447.711             394.969              175099              170161          D=0.238s E=3.472s T=3.711s            ACCEPTED
        29        -0.000530473            0.255648             394.969             332.119              170161              149286          D=0.233s E=3.434s T=3.668s            ACCEPTED
        30         -0.00020751            0.980802             332.119             336.325              149286              158535           D=0.233s E=3.436s T=3.67s            REJECTED
        31         -0.00156724           0.0673104             332.119             297.483              149286              110758          D=0.234s E=3.427s T=3.662s            ACCEPTED
        32        -6.12164e-05             1.55798             297.483              273.91              110758              103976           D=0.238s E=3.44s T=3.679s            ACCEPTED
        33        -6.72026e-05             1.28018              273.91             250.379              103976             99247.8           D=0.233s E=3.46s T=3.693s            ACCEPTED
        34        -7.14111e-05             1.11215             250.379             228.065             99247.8             94539.4          D=0.235s E=3.468s T=3.703s            ACCEPTED
        35        -7.43442e-05            0.995971             228.065             207.291             94539.4             89989.6          D=0.232s E=3.506s T=3.738s            ACCEPTED
        36        -7.63518e-05            0.908993             207.291             188.129             89989.6             85625.3          D=0.241s E=3.491s T=3.733s            ACCEPTED
        37        -7.76988e-05            0.839952             188.129             170.551             85625.3             81450.8          D=0.235s E=3.497s T=3.732s            ACCEPTED
        38        -7.85756e-05            0.782678             170.551             154.484             81450.8             77463.5           D=0.24s E=3.525s T=3.766s            ACCEPTED
        39        -7.91181e-05            0.733543             154.484             139.835             77463.5             73658.3          D=0.237s E=3.426s T=3.663s            ACCEPTED
        40         -7.9423e-05            0.690291             139.835             126.504             73658.3             70029.2          D=0.235s E=3.443s T=3.679s            ACCEPTED
        41        -7.95598e-05            0.651466             126.504              114.39             70029.2             66569.5          D=0.234s E=3.452s T=3.687s            ACCEPTED
        42        -7.95786e-05            0.616091              114.39             103.394             66569.5             63272.7           D=0.232s E=3.487s T=3.72s            ACCEPTED
        43        -7.95153e-05            0.583494             103.394             93.4216             63272.7             60132.1           D=0.241s E=3.47s T=3.712s            ACCEPTED
        44        -7.93963e-05              0.5532             93.4216             84.3854             60132.1             57141.1          D=0.236s E=3.414s T=3.651s            ACCEPTED
        45        -7.92406e-05            0.524866             84.3854             76.2024             57141.1             54293.4          D=0.233s E=3.437s T=3.671s            ACCEPTED
        46         -7.9062e-05            0.498237             76.2024             68.7961             54293.4             51582.7          D=0.232s E=3.442s T=3.675s            ACCEPTED
        47        -7.88708e-05            0.473121             68.7961             62.0959             51582.7             49002.9          D=0.236s E=3.468s T=3.705s            ACCEPTED
        48        -7.86741e-05            0.449369             62.0959             56.0371             49002.9             46548.3          D=0.231s E=3.452s T=3.684s            ACCEPTED
        49        -7.84775e-05            0.426862             56.0371             50.5602             46548.3               44213          D=0.237s E=3.454s T=3.692s            ACCEPTED
        50        -7.82846e-05            0.405504             50.5602              45.611               44213             41991.8          D=0.234s E=3.441s T=3.676s            ACCEPTED
        51        -7.80981e-05            0.385216              45.611             41.1399             41991.8             39879.4            D=0.235s E=3.465s T=3.7s            ACCEPTED
        52        -7.79201e-05             0.36593             41.1399             37.1018             39879.4             37870.7          D=0.235s E=3.449s T=3.684s            ACCEPTED
        53        -7.77516e-05            0.347588             37.1018             33.4556             37870.7             35960.8          D=0.234s E=3.439s T=3.674s            ACCEPTED
        54        -7.75936e-05            0.330138             33.4556              30.164             35960.8             34145.2          D=0.237s E=3.441s T=3.678s            ACCEPTED
        55        -7.74465e-05            0.313534              30.164             27.1931             34145.2             32419.4          D=0.234s E=3.468s T=3.702s            ACCEPTED
        56        -7.73104e-05            0.297732             27.1931             24.5121             32419.4             30779.1             D=0.25s E=3.44s T=3.69s            ACCEPTED
        57        -7.71855e-05            0.282695             24.5121             22.0932             30779.1             29220.3          D=0.233s E=3.454s T=3.688s            ACCEPTED
        58        -7.70715e-05            0.268386             22.0932             19.9111             29220.3               27739          D=0.234s E=3.436s T=3.671s            ACCEPTED
        59        -7.69683e-05            0.254771             19.9111             17.9429               27739             26331.6          D=0.232s E=3.448s T=3.681s            ACCEPTED
        60        -7.68756e-05            0.241818             17.9429             16.1678             26331.6             24994.5          D=0.234s E=3.442s T=3.677s            ACCEPTED
        61         -7.6793e-05            0.229497             16.1678             14.5672             24994.5             23724.2          D=0.234s E=3.442s T=3.677s            ACCEPTED
        62        -7.67202e-05            0.217778             14.5672              13.124             23724.2             22517.6          D=0.239s E=3.464s T=3.703s            ACCEPTED
        63        -7.66567e-05            0.206634              13.124             11.8229             22517.6             21371.4          D=0.235s E=3.446s T=3.682s            ACCEPTED
        64        -7.66022e-05             0.19604             11.8229               10.65             21371.4             20282.8          D=0.234s E=3.441s T=3.675s            ACCEPTED
        65        -7.65562e-05            0.185969               10.65             9.59288             20282.8               19249           D=0.233s E=3.437s T=3.67s            ACCEPTED
        66        -7.65183e-05            0.176397             9.59288              8.6401               19249             18267.2          D=0.233s E=3.435s T=3.669s            ACCEPTED
        67        -7.64882e-05            0.167302              8.6401             7.78146             18267.2               17335          D=0.233s E=3.432s T=3.665s            ACCEPTED
        68        -7.64654e-05            0.158661             7.78146             7.00775               17335             16449.7           D=0.255s E=3.45s T=3.706s            ACCEPTED
        69        -7.64496e-05            0.150453             7.00775              6.3106             16449.7             15609.2          D=0.234s E=3.433s T=3.667s            ACCEPTED
        70        -7.64404e-05            0.142657              6.3106              5.6825             15609.2             14811.2          D=0.236s E=3.448s T=3.684s            ACCEPTED
        71        -7.64374e-05            0.135254              5.6825             5.11664             14811.2             15235.9          D=0.234s E=3.463s T=3.698s            ACCEPTED
        72        -1.94431e-06             19.5828             5.11664             5.11692             15235.9             14058.9          D=0.233s E=3.431s T=3.665s            REJECTED
        73        -1.55806e-06             13.1674             5.11664             4.83967             15235.9             14055.4           D=0.234s E=3.43s T=3.664s            ACCEPTED
        74        -1.55122e-06              8.2873             4.83967             4.54031             14055.4             13169.2          D=0.234s E=3.441s T=3.675s            ACCEPTED
        75        -1.64235e-06             5.46557             4.54031             4.27363             13169.2             12456.3           D=0.234s E=3.436s T=3.67s            ACCEPTED
        76        -1.76714e-06             3.80649             4.27363              4.0466             12456.3               11968           D=0.23s E=3.445s T=3.675s            ACCEPTED
        77        -1.90308e-06             2.77097              4.0466             3.85486               11968             11678.5          D=0.235s E=3.433s T=3.669s            ACCEPTED
        78        -2.04171e-06             2.08696             3.85486             3.69256             11678.5             11419.9          D=0.235s E=3.441s T=3.676s            ACCEPTED
        79        -2.17937e-06             1.61378             3.69256             3.55442             11419.9             11190.4           D=0.233s E=3.43s T=3.664s            ACCEPTED
        80        -2.31425e-06             1.27421             3.55442             3.43616             11190.4             11060.1            D=0.236s E=3.464s T=3.7s            ACCEPTED
        81        -2.44533e-06             1.02325             3.43616             3.33434             11060.1             10947.9          D=0.235s E=3.469s T=3.705s            ACCEPTED
        82        -2.57195e-06            0.833284             3.33434             3.24623             10947.9             10848.1          D=0.252s E=3.504s T=3.756s            ACCEPTED
        83        -2.69366e-06            0.686601             3.24623             3.16962             10848.1             10759.3           D=0.24s E=3.476s T=3.717s            ACCEPTED
        84        -2.81015e-06            0.571433             3.16962             3.10275             10759.3             10680.1          D=0.244s E=3.499s T=3.744s            ACCEPTED
        85        -2.92118e-06            0.479708             3.10275             3.04416             10680.1             10609.6          D=0.239s E=3.457s T=3.697s            ACCEPTED
        86        -3.02661e-06            0.405747             3.04416             2.99267             10609.6             10546.6          D=0.235s E=3.459s T=3.695s            ACCEPTED
        87        -3.12636e-06            0.345461             2.99267             2.94729             10546.6             10490.3          D=0.237s E=3.447s T=3.685s            ACCEPTED
        88        -3.22042e-06            0.295852             2.94729              2.9072             10490.3             10439.9          D=0.235s E=3.464s T=3.699s            ACCEPTED
        89        -3.30882e-06            0.254682              2.9072              2.8717             10439.9             10394.8           D=0.24s E=3.479s T=3.719s            ACCEPTED
        90        -3.39164e-06            0.220254              2.8717              2.8402             10394.8             10354.5          D=0.236s E=3.458s T=3.694s            ACCEPTED
        91          -3.469e-06            0.191267              2.8402             2.81221             10354.5             10318.3          D=0.235s E=3.481s T=3.716s            ACCEPTED
        92        -3.54106e-06             0.16671             2.81221              2.7873             10318.3             10285.8          D=0.246s E=3.462s T=3.709s            ACCEPTED
        93        -3.60802e-06             0.14579              2.7873              2.7651             10285.8             10256.7          D=0.234s E=3.441s T=3.676s            ACCEPTED
        94        -3.67007e-06            0.127876              2.7651             2.74529             10256.7             10230.6          D=0.234s E=3.461s T=3.695s            ACCEPTED
        95        -3.72745e-06            0.112466             2.74529             2.72759             10230.6             10207.1          D=0.235s E=3.499s T=3.734s            ACCEPTED
        96         -3.7804e-06           0.0991536             2.72759             2.71177             10207.1               10186          D=0.237s E=3.571s T=3.809s            ACCEPTED
        97        -3.82916e-06           0.0876087             2.71177             2.69761               10186               10167           D=0.245s E=3.525s T=3.77s            ACCEPTED
        98        -3.87398e-06           0.0775612             2.69761             2.68492               10167             10149.9          D=0.236s E=3.471s T=3.708s            ACCEPTED
        99        -3.91511e-06           0.0687889             2.68492             2.67356             10149.9             10134.6          D=0.234s E=3.443s T=3.677s            ACCEPTED
       100        -3.95279e-06           0.0611074             2.67356             2.66336             10134.6             10120.8          D=0.236s E=3.458s T=3.695s            ACCEPTED
